#
# A fatal error has been detected by the Java Runtime Environment:
#
#  EXCEPTION_ACCESS_VIOLATION (0xc0000005) at pc=0x00007ff9c2bdd00c, pid=40516, tid=18612
#
# JRE version: Java(TM) SE Runtime Environment (14.0.1+7) (build 14.0.1+7)
# Java VM: Java HotSpot(TM) 64-Bit Server VM (14.0.1+7, mixed mode, sharing, tiered, compressed oops, g1 gc, windows-amd64)
# Problematic frame:
# C  [ntdll.dll+0x4d00c]
#
# No core dump will be written. Minidumps are not enabled by default on client versions of Windows
#
# If you would like to submit a bug report, please visit:
#   https://bugreport.java.com/bugreport/crash.jsp
# The crash happened outside the Java Virtual Machine in native code.
# See problematic frame for where to report the bug.
#

---------------  S U M M A R Y ------------

Command Line: -agentlib:jdwp=transport=dt_socket,address=127.0.0.1:8696,suspend=y,server=n -javaagent:C:\Users\Travja\AppData\Local\JetBrains\IntelliJIdea2020.2\captureAgent\debugger-agent.jar -Dfile.encoding=UTF-8 cameraguys.project.Entry

Host: Intel(R) Core(TM) i9-9880H CPU @ 2.30GHz, 16 cores, 31G,  Windows 10 , 64 bit Build 19041 (10.0.19041.804)
Time: Sat Feb 27 16:46:55 2021 Mountain Standard Time elapsed time: 41 seconds (0d 0h 0m 41s)

---------------  T H R E A D  ---------------

Current thread (0x0000028c7df9e800):  JavaThread "JavaFX Application Thread" [_thread_in_native, id=18612, stack(0x000000a553700000,0x000000a553800000)]

Stack: [0x000000a553700000,0x000000a553800000],  sp=0x000000a5537fc9f0,  free space=1010k
Native frames: (J=compiled Java code, j=interpreted, Vv=VM code, C=native code)
C  [ntdll.dll+0x4d00c]
C  0x00007ff9452b3b12

Java frames: (J=compiled Java code, j=interpreted, Vv=VM code)
j  dev.onvoid.webrtc.media.video.VideoDeviceSource.dispose()V+0
j  cameraguys.project.SocketIOBroadcasterClient.kill()V+75
j  cameraguys.project.ClientWindow.setClosed()V+8
j  cameraguys.project.CameraApp.lambda$openCameraWindow$0(Lcameraguys/project/ClientWindow;Ljavafx/stage/WindowEvent;)V+1
j  cameraguys.project.CameraApp$$Lambda$133.handle(Ljavafx/event/Event;)V+8
j  com.sun.javafx.event.CompositeEventHandler.dispatchBubblingEvent(Ljavafx/event/Event;)V+51
J 2243 c1 com.sun.javafx.event.EventHandlerManager.dispatchBubblingEvent(Ljavafx/event/EventType;Ljavafx/event/Event;)Ljavafx/event/Event; (34 bytes) @ 0x0000028c57a1ea74 [0x0000028c57a1e500+0x0000000000000574]
j  com.sun.javafx.event.EventHandlerManager.dispatchBubblingEvent(Ljavafx/event/Event;)Ljavafx/event/Event;+8
j  com.sun.javafx.event.CompositeEventDispatcher.dispatchBubblingEvent(Ljavafx/event/Event;)Ljavafx/event/Event;+11
j  com.sun.javafx.event.BasicEventDispatcher.dispatchEvent(Ljavafx/event/Event;Ljavafx/event/EventDispatchChain;)Ljavafx/event/Event;+29
J 3402 c1 com.sun.javafx.event.EventDispatchChainImpl.dispatchEvent(Ljavafx/event/Event;)Ljavafx/event/Event; (101 bytes) @ 0x0000028c57c93cbc [0x0000028c57c93ac0+0x00000000000001fc]
j  com.sun.javafx.event.EventUtil.fireEventImpl(Ljavafx/event/EventDispatchChain;Ljavafx/event/EventTarget;Ljavafx/event/Event;)Ljavafx/event/Event;+10
j  com.sun.javafx.event.EventUtil.fireEvent(Ljavafx/event/EventTarget;Ljavafx/event/Event;)Ljavafx/event/Event;+46
j  javafx.event.Event.fireEvent(Ljavafx/event/EventTarget;Ljavafx/event/Event;)V+30
j  com.sun.javafx.stage.WindowPeerListener.closing()V+18
j  com.sun.javafx.tk.quantum.GlassWindowEventHandler.run()Ljava/lang/Void;+640
j  com.sun.javafx.tk.quantum.GlassWindowEventHandler.run()Ljava/lang/Object;+1
J 2181 c1 java.security.AccessController.doPrivileged(Ljava/security/PrivilegedAction;Ljava/security/AccessControlContext;)Ljava/lang/Object; java.base@14.0.1 (17 bytes) @ 0x0000028c57a01c74 [0x0000028c57a01a80+0x00000000000001f4]
j  com.sun.javafx.tk.quantum.GlassWindowEventHandler.lambda$handleWindowEvent$4()Ljava/lang/Void;+10
j  com.sun.javafx.tk.quantum.GlassWindowEventHandler$$Lambda$155.get()Ljava/lang/Object;+4
j  com.sun.javafx.tk.quantum.QuantumToolkit.runWithoutRenderLock(Ljava/util/function/Supplier;)Ljava/lang/Object;+18
j  com.sun.javafx.tk.quantum.GlassWindowEventHandler.handleWindowEvent(Lcom/sun/glass/ui/Window;JI)V+17
j  com.sun.glass.ui.Window.handleWindowEvent(JI)V+14
j  com.sun.glass.ui.Window.notifyClose()V+7
v  ~StubRoutines::call_stub
j  com.sun.glass.ui.win.WinApplication._runLoop(Ljava/lang/Runnable;)V+0
j  com.sun.glass.ui.win.WinApplication.lambda$runLoop$3(ILjava/lang/Runnable;)V+8
j  com.sun.glass.ui.win.WinApplication$$Lambda$59.run()V+12
j  java.lang.Thread.run()V+11 java.base@14.0.1
v  ~StubRoutines::call_stub

siginfo: EXCEPTION_ACCESS_VIOLATION (0xc0000005), reading address 0x0000000005000010


Register to memory mapping:

RIP=0x00007ff9c2bdd00c ntdll.dll
RAX=0x0000000004ffffff is an unknown value
RBX=0x0000028c7d45f788 points into unknown readable memory: 00 00 00 05 00 00 00 00
RCX=0x0000000005000010 is an unknown value
RDX=0x0 is NULL
RSP=0x000000a5537fc9f0 is pointing into the stack for thread: 0x0000028c7df9e800
RBP=0x000000a5537fcb90 is pointing into the stack for thread: 0x0000028c7df9e800
RSI=0x0000000005000000 is an unknown value
RDI=0x0 is NULL
R8 =0x000000a5537fc9e8 is pointing into the stack for thread: 0x0000028c7df9e800
R9 =0x000000a5537fcb90 is pointing into the stack for thread: 0x0000028c7df9e800
R10=0x0 is NULL
R11=0x0000000000000246 is an unknown value
R12=0x0 is NULL
R13={method} {0x0000028c077fe6d8} 'dispose' '()V' in 'dev/onvoid/webrtc/media/video/VideoDeviceSource'
R14=0x00000000c0000008 is an unknown value
R15=0x0 is NULL


Registers:
RAX=0x0000000004ffffff, RBX=0x0000028c7d45f788, RCX=0x0000000005000010, RDX=0x0000000000000000
RSP=0x000000a5537fc9f0, RBP=0x000000a5537fcb90, RSI=0x0000000005000000, RDI=0x0000000000000000
R8 =0x000000a5537fc9e8, R9 =0x000000a5537fcb90, R10=0x0000000000000000, R11=0x0000000000000246
R12=0x0000000000000000, R13=0x0000028c077fe6d0, R14=0x00000000c0000008, R15=0x0000000000000000
RIP=0x00007ff9c2bdd00c, EFLAGS=0x0000000000010206

Top of Stack: (sp=0x000000a5537fc9f0)
0x000000a5537fc9f0:   0000028c00000000 0000000000000000
0x000000a5537fca00:   0000028c7d45f760 0000028c7d45f760
0x000000a5537fca10:   0000028c7df9e800 00007ff9452b3b12
0x000000a5537fca20:   0000000000000001 0000000000000000
0x000000a5537fca30:   0000028c7d45f760 000000a5537fcbb0
0x000000a5537fca40:   0000028c7d45f760 00007ff94529438f
0x000000a5537fca50:   0000028c7df9eb10 0000028c7df9eb10
0x000000a5537fca60:   000000a5537fcb90 0000028c7df9e800
0x000000a5537fca70:   000000a5537fcbb0 00007ff9452943fe
0x000000a5537fca80:   0000000000000000 000000000000000f
0x000000a5537fca90:   0000e120cad8c73b 000000a5537fcbb0
0x000000a5537fcaa0:   0000028c7df9eb10 00007ff9452944cb
0x000000a5537fcab0:   000000a5537fcad0 0000028c7df9e800
0x000000a5537fcac0:   0000028c7df9eb10 0000000000000000
0x000000a5537fcad0:   0000028c077fe6d0 0000028c7df9e800
0x000000a5537fcae0:   0000028c56e8cda9 0000028c56e95e47 

Instructions: (pc=0x00007ff9c2bdd00c)
0x00007ff9c2bdcf0c:   e0 f8 04 00 66 83 3d f8 f3 11 00 0a 48 8b 53 58
0x00007ff9c2bdcf1c:   72 42 48 8d 05 1b cf 11 00 48 3b c2 76 2a 65 48
0x00007ff9c2bdcf2c:   8b 0c 25 60 00 00 00 4c 8b c2 33 d2 48 8b 49 30
0x00007ff9c2bdcf3c:   e8 ff 8e fc ff 33 d2 48 8b cb 44 8d 42 60 48 83
0x00007ff9c2bdcf4c:   c4 20 5b e9 6c 67 05 00 48 8d 05 65 d0 11 00 48
0x00007ff9c2bdcf5c:   3b d0 73 ca 48 8d 0d a9 f3 11 00 e8 74 32 05 00
0x00007ff9c2bdcf6c:   eb d3 cc cc cc cc cc cc cc cc cc cc cc cc cc cc
0x00007ff9c2bdcf7c:   cc cc cc cc 48 89 5c 24 08 48 89 74 24 10 48 89
0x00007ff9c2bdcf8c:   7c 24 18 4c 89 74 24 20 41 57 48 83 ec 20 48 8b
0x00007ff9c2bdcf9c:   d9 48 8b 49 18 48 8d 41 ff 48 83 f8 fd 0f 86 69
0x00007ff9c2bdcfac:   c2 06 00 33 ff 44 8b f7 48 8b 33 48 8d 46 ff 48
0x00007ff9c2bdcfbc:   83 f8 fd 76 2f 0f 57 c0 33 c0 0f 11 03 0f 11 43
0x00007ff9c2bdcfcc:   10 48 89 43 20 41 8b c6 48 8b 5c 24 30 48 8b 74
0x00007ff9c2bdcfdc:   24 38 48 8b 7c 24 40 4c 8b 74 24 48 48 83 c4 20
0x00007ff9c2bdcfec:   41 5f c3 cc 44 8b 7b 20 41 81 e7 00 00 00 04 48
0x00007ff9c2bdcffc:   8d 0d 96 f4 11 00 e8 99 0d fd ff 90 48 8d 4e 10
0x00007ff9c2bdd00c:   48 8b 01 48 85 c0 74 1f 48 8b 51 08 48 39 48 08
0x00007ff9c2bdd01c:   75 0e 48 39 0a 75 09 48 89 02 48 89 50 08 eb 07
0x00007ff9c2bdd02c:   b9 03 00 00 00 cd 29 b8 01 00 00 00 f0 48 0f b1
0x00007ff9c2bdd03c:   3d 57 f4 11 00 75 41 0f b7 56 2c c1 e2 10 0f b7
0x00007ff9c2bdd04c:   46 02 03 d0 48 8b 0d d1 cb 11 00 48 85 c9 0f 85
0x00007ff9c2bdd05c:   c7 c1 06 00 0f 57 c0 0f 11 06 0f 11 46 10 0f 11
0x00007ff9c2bdd06c:   46 20 4d 85 ff 0f 85 4a ff ff ff 48 8b ce e8 41
0x00007ff9c2bdd07c:   01 00 00 e9 3d ff ff ff 49 c7 c0 ff ff ff ff 48
0x00007ff9c2bdd08c:   8b c8 83 e1 06 ba 03 00 00 00 48 83 f9 02 49 0f
0x00007ff9c2bdd09c:   45 d0 48 03 d0 f0 48 0f b1 15 ee f3 11 00 75 df
0x00007ff9c2bdd0ac:   48 83 f9 02 75 91 f6 c2 01 0f 85 85 00 00 00 4c
0x00007ff9c2bdd0bc:   8b c2 49 83 e0 f0 4d 8b c8 49 8b 48 08 48 85 c9
0x00007ff9c2bdd0cc:   0f 84 91 00 00 00 4d 3b c8 0f 85 a0 00 00 00 8b
0x00007ff9c2bdd0dc:   41 24 a8 01 74 09 48 8b 41 10 48 85 c0 75 3f 48
0x00007ff9c2bdd0ec:   8b c2 f0 48 0f b1 3d a1 f3 11 00 48 8b d0 75 b6
0x00007ff9c2bdd0fc:   48 8b 79 10 48 8b 41 18 f0 0f ba 69 24 02 f0 0f 


Stack slot to memory mapping:
stack at sp + 0 slots: 0x0000028c00000000 points into unknown readable memory: 03 00 00 00 00 00 00 00
stack at sp + 1 slots: 0x0 is NULL
stack at sp + 2 slots: 0x0000028c7d45f760 points into unknown readable memory: 48 2d 32 45 f9 7f 00 00
stack at sp + 3 slots: 0x0000028c7d45f760 points into unknown readable memory: 48 2d 32 45 f9 7f 00 00
stack at sp + 4 slots: 0x0000028c7df9e800 is a thread
stack at sp + 5 slots: 0x00007ff9452b3b12 points into unknown readable memory: 48 8b 57 18 48 8b
stack at sp + 6 slots: 0x0000000000000001 is an unknown value
stack at sp + 7 slots: 0x0 is NULL


---------------  P R O C E S S  ---------------

Threads class SMR info:
_java_thread_list=0x0000028c051158c0, length=35, elements={
0x0000028c4e6d1800, 0x0000028c7c758800, 0x0000028c7c759800, 0x0000028c7c770800,
0x0000028c7c773800, 0x0000028c7c774800, 0x0000028c7c777800, 0x0000028c7c784000,
0x0000028c7c793800, 0x0000028c7c8b2000, 0x0000028c7c9a8800, 0x0000028c7c9ae800,
0x0000028c7c9b9800, 0x0000028c7d3d6000, 0x0000028c7d459800, 0x0000028c7d94c000,
0x0000028c7df9d800, 0x0000028c7df9e800, 0x0000028c7e145800, 0x0000028c7e4a2000,
0x0000028c0819f800, 0x0000028c7c7ea800, 0x0000028c7c7eb000, 0x0000028c7c7f0000,
0x0000028c7c7ed000, 0x0000028c7c7ee800, 0x0000028c7c7ef800, 0x0000028c7c7ec000,
0x0000028c7c7ed800, 0x0000028c7edb4800, 0x0000028c7edb5800, 0x0000028c7edb3000,
0x0000028c7edb1000, 0x0000028c7edaf800, 0x0000028c7edb0800
}

Java Threads: ( => current thread )
  0x0000028c4e6d1800 JavaThread "main" [_thread_blocked, id=3908, stack(0x000000a551c00000,0x000000a551d00000)]
  0x0000028c7c758800 JavaThread "Reference Handler" daemon [_thread_blocked, id=39500, stack(0x000000a552300000,0x000000a552400000)]
  0x0000028c7c759800 JavaThread "Finalizer" daemon [_thread_blocked, id=19924, stack(0x000000a552400000,0x000000a552500000)]
  0x0000028c7c770800 JavaThread "Signal Dispatcher" daemon [_thread_blocked, id=37200, stack(0x000000a552500000,0x000000a552600000)]
  0x0000028c7c773800 JavaThread "Attach Listener" daemon [_thread_blocked, id=11596, stack(0x000000a552600000,0x000000a552700000)]
  0x0000028c7c774800 JavaThread "Service Thread" daemon [_thread_blocked, id=20048, stack(0x000000a552700000,0x000000a552800000)]
  0x0000028c7c777800 JavaThread "C2 CompilerThread0" daemon [_thread_blocked, id=10416, stack(0x000000a552800000,0x000000a552900000)]
  0x0000028c7c784000 JavaThread "C1 CompilerThread0" daemon [_thread_blocked, id=16744, stack(0x000000a552900000,0x000000a552a00000)]
  0x0000028c7c793800 JavaThread "Sweeper thread" daemon [_thread_blocked, id=3024, stack(0x000000a552a00000,0x000000a552b00000)]
  0x0000028c7c8b2000 JavaThread "Common-Cleaner" daemon [_thread_blocked, id=16244, stack(0x000000a552b00000,0x000000a552c00000)]
  0x0000028c7c9a8800 JavaThread "JDWP Transport Listener: dt_socket" daemon [_thread_blocked, id=21400, stack(0x000000a552f00000,0x000000a553000000)]
  0x0000028c7c9ae800 JavaThread "JDWP Event Helper Thread" daemon [_thread_blocked, id=14820, stack(0x000000a553000000,0x000000a553100000)]
  0x0000028c7c9b9800 JavaThread "JDWP Command Reader" daemon [_thread_in_native, id=13396, stack(0x000000a553100000,0x000000a553200000)]
  0x0000028c7d3d6000 JavaThread "Notification Thread" daemon [_thread_blocked, id=19748, stack(0x000000a553200000,0x000000a553300000)]
  0x0000028c7d459800 JavaThread "JavaFX-Launcher" [_thread_blocked, id=34000, stack(0x000000a553400000,0x000000a553500000)]
  0x0000028c7d94c000 JavaThread "QuantumRenderer-0" daemon [_thread_blocked, id=2608, stack(0x000000a552e00000,0x000000a552f00000)]
  0x0000028c7df9d800 JavaThread "InvokeLaterDispatcher" daemon [_thread_blocked, id=368, stack(0x000000a553600000,0x000000a553700000)]
=>0x0000028c7df9e800 JavaThread "JavaFX Application Thread" [_thread_in_native, id=18612, stack(0x000000a553700000,0x000000a553800000)]
  0x0000028c7e145800 JavaThread "Thread-2" daemon [_thread_in_native, id=3244, stack(0x000000a553b00000,0x000000a553c00000)]
  0x0000028c7e4a2000 JavaThread "Prism Font Disposer" daemon [_thread_blocked, id=10336, stack(0x000000a554a00000,0x000000a554b00000)]
  0x0000028c0819f800 JavaThread "Cleaner-0" daemon [_thread_blocked, id=23228, stack(0x000000a554e00000,0x000000a554f00000)]
  0x0000028c7c7ea800 JavaThread "Thread-4" [_thread_in_native, id=16688, stack(0x000000a554c00000,0x000000a554d00000)]
  0x0000028c7c7eb000 JavaThread "Thread-5" [_thread_in_native, id=29688, stack(0x000000a553a00000,0x000000a553b00000)]
  0x0000028c7c7f0000 JavaThread "OkHttp http://localhost:42069/..." [_thread_in_native, id=1340, stack(0x000000a556700000,0x000000a556800000)]
  0x0000028c7c7ed000 JavaThread "OkHttp ConnectionPool" daemon [_thread_blocked, id=20992, stack(0x000000a556800000,0x000000a556900000)]
  0x0000028c7c7ee800 JavaThread "Okio Watchdog" daemon [_thread_blocked, id=19752, stack(0x000000a556900000,0x000000a556a00000)]
  0x0000028c7c7ef800 JavaThread "pool-2-thread-1" [_thread_blocked, id=26788, stack(0x000000a556600000,0x000000a556700000)]
  0x0000028c7c7ec000 JavaThread "OkHttp Dispatcher" [_thread_blocked, id=11012, stack(0x000000a556b00000,0x000000a556c00000)]
  0x0000028c7c7ed800 JavaThread "OkHttp WebSocket http://localhost:42069/..." [_thread_blocked, id=37268, stack(0x000000a556c00000,0x000000a556d00000)]
  0x0000028c7edb4800 JavaThread "OkHttp Dispatcher" [_thread_blocked, id=4016, stack(0x000000a556d00000,0x000000a556e00000)]
  0x0000028c7edb5800 JavaThread "Thread-11" [_thread_in_native, id=12960, stack(0x000000a551900000,0x000000a551a00000)]
  0x0000028c7edb3000 JavaThread "Thread-12" [_thread_in_native, id=920, stack(0x000000a557200000,0x000000a557300000)]
  0x0000028c7edb1000 JavaThread "Thread-13" [_thread_in_native, id=34648, stack(0x000000a557500000,0x000000a557600000)]
  0x0000028c7edaf800 JavaThread "Thread-14" [_thread_in_native, id=14692, stack(0x000000a557100000,0x000000a557200000)]
  0x0000028c7edb0800 JavaThread "Thread-15" [_thread_in_native, id=22608, stack(0x000000a557600000,0x000000a557700000)]

Other Threads:
  0x0000028c7c751800 VMThread "VM Thread" [stack: 0x000000a552200000,0x000000a552300000] [id=13996]
  0x0000028c7d3d8000 WatcherThread [stack: 0x000000a553300000,0x000000a553400000] [id=16840]
  0x0000028c4e755800 GCTaskThread "GC Thread#0" [stack: 0x000000a551d00000,0x000000a551e00000] [id=18920]
  0x0000028c7e251800 GCTaskThread "GC Thread#1" [stack: 0x000000a553d00000,0x000000a553e00000] [id=4544]
  0x0000028c7e252000 GCTaskThread "GC Thread#2" [stack: 0x000000a553e00000,0x000000a553f00000] [id=32484]
  0x0000028c7e252800 GCTaskThread "GC Thread#3" [stack: 0x000000a553f00000,0x000000a554000000] [id=37452]
  0x0000028c7e253800 GCTaskThread "GC Thread#4" [stack: 0x000000a554000000,0x000000a554100000] [id=26792]
  0x0000028c7e254800 GCTaskThread "GC Thread#5" [stack: 0x000000a554100000,0x000000a554200000] [id=36804]
  0x0000028c7e259000 GCTaskThread "GC Thread#6" [stack: 0x000000a554200000,0x000000a554300000] [id=27216]
  0x0000028c7e25f800 GCTaskThread "GC Thread#7" [stack: 0x000000a554300000,0x000000a554400000] [id=41728]
  0x0000028c7e25b800 GCTaskThread "GC Thread#8" [stack: 0x000000a554400000,0x000000a554500000] [id=41956]
  0x0000028c7e260000 GCTaskThread "GC Thread#9" [stack: 0x000000a554500000,0x000000a554600000] [id=41432]
  0x0000028c7e25f000 GCTaskThread "GC Thread#10" [stack: 0x000000a554600000,0x000000a554700000] [id=11628]
  0x0000028c7e25c000 GCTaskThread "GC Thread#11" [stack: 0x000000a554700000,0x000000a554800000] [id=22120]
  0x0000028c7e25a800 GCTaskThread "GC Thread#12" [stack: 0x000000a556a00000,0x000000a556b00000] [id=41332]
  0x0000028c4e777000 ConcurrentGCThread "G1 Main Marker" [stack: 0x000000a551e00000,0x000000a551f00000] [id=41288]
  0x0000028c4e778800 ConcurrentGCThread "G1 Conc#0" [stack: 0x000000a551f00000,0x000000a552000000] [id=41184]
  0x0000028c7c4b0800 ConcurrentGCThread "G1 Refine#0" [stack: 0x000000a552000000,0x000000a552100000] [id=21708]
  0x0000028c7c4b2800 ConcurrentGCThread "G1 Young RemSet Sampling" [stack: 0x000000a552100000,0x000000a552200000] [id=3216]

Threads with active compile tasks:

VM state:not at safepoint (normal execution)

VM Mutex/Monitor currently owned by a thread: None

Heap address: 0x0000000604800000, size: 8120 MB, Compressed Oops mode: Zero based, Oop shift amount: 3
Narrow klass base: 0x0000000800000000, Narrow klass shift: 3
Compressed class space size: 1073741824 Address: 0x0000000800b30000

Heap:
 garbage-first heap   total 55296K, used 14569K [0x0000000604800000, 0x0000000800000000)
  region size 2048K, 1 young (2048K), 0 survivors (0K)
 Metaspace       used 22541K, capacity 23251K, committed 23296K, reserved 1069056K
  class space    used 3013K, capacity 3287K, committed 3328K, reserved 1048576K
Heap Regions: E=young(eden), S=young(survivor), O=old, HS=humongous(starts), HC=humongous(continues), CS=collection set, F=free, OA=open archive, CA=closed archive, TAMS=top-at-mark-start (previous, next)
|   0|0x0000000604800000, 0x0000000604a00000, 0x0000000604a00000|100%|HS|  |TAMS 0x0000000604800000, 0x0000000604800000| Untracked 
|   1|0x0000000604a00000, 0x0000000604bffa28, 0x0000000604c00000| 99%| O|  |TAMS 0x0000000604a00000, 0x0000000604a00000| Untracked 
|   2|0x0000000604c00000, 0x0000000604e00000, 0x0000000604e00000|100%| O|  |TAMS 0x0000000604c00000, 0x0000000604c00000| Untracked 
|   3|0x0000000604e00000, 0x0000000604fffff8, 0x0000000605000000| 99%| O|  |TAMS 0x0000000604e00000, 0x0000000604e00000| Untracked 
|   4|0x0000000605000000, 0x0000000605200000, 0x0000000605200000|100%| O|  |TAMS 0x0000000605000000, 0x0000000605000000| Untracked 
|   5|0x0000000605200000, 0x000000060534a038, 0x0000000605400000| 64%| O|  |TAMS 0x0000000605200000, 0x0000000605200000| Untracked 
|   6|0x0000000605400000, 0x0000000605451b20, 0x0000000605600000| 15%| O|  |TAMS 0x0000000605400000, 0x0000000605400000| Untracked 
|   7|0x0000000605600000, 0x0000000605600000, 0x0000000605800000|  0%| F|  |TAMS 0x0000000605600000, 0x0000000605600000| Untracked 
|   8|0x0000000605800000, 0x0000000605800000, 0x0000000605a00000|  0%| F|  |TAMS 0x0000000605800000, 0x0000000605800000| Untracked 
|   9|0x0000000605a00000, 0x0000000605b72b00, 0x0000000605c00000| 72%| O|  |TAMS 0x0000000605a00000, 0x0000000605a00000| Untracked 
|  10|0x0000000605c00000, 0x0000000605d2c438, 0x0000000605e00000| 58%| O|  |TAMS 0x0000000605c00000, 0x0000000605c00000| Untracked 
|  11|0x0000000605e00000, 0x0000000605e00000, 0x0000000606000000|  0%| F|  |TAMS 0x0000000605e00000, 0x0000000605e00000| Untracked 
|  12|0x0000000606000000, 0x0000000606000000, 0x0000000606200000|  0%| F|  |TAMS 0x0000000606000000, 0x0000000606000000| Untracked 
|  13|0x0000000606200000, 0x0000000606200000, 0x0000000606400000|  0%| F|  |TAMS 0x0000000606200000, 0x0000000606200000| Untracked 
|  14|0x0000000606400000, 0x0000000606400000, 0x0000000606600000|  0%| F|  |TAMS 0x0000000606400000, 0x0000000606400000| Untracked 
|  15|0x0000000606600000, 0x0000000606600000, 0x0000000606800000|  0%| F|  |TAMS 0x0000000606600000, 0x0000000606600000| Untracked 
|  16|0x0000000606800000, 0x0000000606800000, 0x0000000606a00000|  0%| F|  |TAMS 0x0000000606800000, 0x0000000606800000| Untracked 
|  17|0x0000000606a00000, 0x0000000606a00000, 0x0000000606c00000|  0%| F|  |TAMS 0x0000000606a00000, 0x0000000606a00000| Untracked 
|  18|0x0000000606c00000, 0x0000000606c00000, 0x0000000606e00000|  0%| F|  |TAMS 0x0000000606c00000, 0x0000000606c00000| Untracked 
|  19|0x0000000606e00000, 0x0000000606e00000, 0x0000000607000000|  0%| F|  |TAMS 0x0000000606e00000, 0x0000000606e00000| Untracked 
|  20|0x0000000607000000, 0x0000000607000000, 0x0000000607200000|  0%| F|  |TAMS 0x0000000607000000, 0x0000000607000000| Untracked 
|  21|0x0000000607200000, 0x0000000607200000, 0x0000000607400000|  0%| F|  |TAMS 0x0000000607200000, 0x0000000607200000| Untracked 
|  22|0x0000000607400000, 0x0000000607400000, 0x0000000607600000|  0%| F|  |TAMS 0x0000000607400000, 0x0000000607400000| Untracked 
|  23|0x0000000607600000, 0x0000000607600000, 0x0000000607800000|  0%| F|  |TAMS 0x0000000607600000, 0x0000000607600000| Untracked 
|  24|0x0000000607800000, 0x0000000607800000, 0x0000000607a00000|  0%| F|  |TAMS 0x0000000607800000, 0x0000000607800000| Untracked 
|  25|0x0000000607a00000, 0x0000000607a00000, 0x0000000607c00000|  0%| F|  |TAMS 0x0000000607a00000, 0x0000000607a00000| Untracked 
|  26|0x0000000607c00000, 0x0000000607c00a58, 0x0000000607e00000|  0%| E|  |TAMS 0x0000000607c00000, 0x0000000607c00000| Complete 

Card table byte_map: [0x0000028c67700000,0x0000028c686e0000] _byte_map_base: 0x0000028c646dc000

Marking Bits (Prev, Next): (CMBitMap*) 0x0000028c4e756358, (CMBitMap*) 0x0000028c4e756398
 Prev Bits: [0x0000028c696c0000, 0x0000028c715a0000)
 Next Bits: [0x0000028c715a0000, 0x0000028c79480000)

Polling page: 0x0000028c4c660000

Metaspace:

Usage:
  Non-class:     19.50 MB capacity,    19.07 MB ( 98%) used,   357.39 KB (  2%) free+waste,    78.69 KB ( <1%) overhead. 
      Class:      3.21 MB capacity,     2.94 MB ( 92%) used,   234.39 KB (  7%) free+waste,    39.25 KB (  1%) overhead. 
       Both:     22.71 MB capacity,    22.01 MB ( 97%) used,   591.78 KB (  3%) free+waste,   117.94 KB ( <1%) overhead. 

Virtual space:
  Non-class space:       20.00 MB reserved,      19.50 MB ( 98%) committed 
      Class space:        1.00 GB reserved,       3.25 MB ( <1%) committed 
             Both:        1.02 GB reserved,      22.75 MB (  2%) committed 

Chunk freelists:
   Non-Class:  4.00 KB
       Class:  9.00 KB
        Both:  13.00 KB

MaxMetaspaceSize: 17179869184.00 GB
CompressedClassSpaceSize: 1.00 GB

CodeHeap 'non-profiled nmethods': size=119168Kb used=1560Kb max_used=1560Kb free=117607Kb
 bounds [0x0000028c5ea20000, 0x0000028c5ec90000, 0x0000028c65e80000]
CodeHeap 'profiled nmethods': size=119104Kb used=7108Kb max_used=7108Kb free=111995Kb
 bounds [0x0000028c575d0000, 0x0000028c57cd0000, 0x0000028c5ea20000]
CodeHeap 'non-nmethods': size=7488Kb used=1759Kb max_used=3464Kb free=5728Kb
 bounds [0x0000028c56e80000, 0x0000028c572e0000, 0x0000028c575d0000]
 total_blobs=5504 nmethods=3477 adapters=983
 compilation: enabled
              stopped_count=0, restarted_count=0
 full_count=0

Compilation events (20 events):
Event: 29.989 Thread 0x0000028c7d31b800 nmethod 3468 0x0000028c57cb9710 code [0x0000028c57cb98c0, 0x0000028c57cb9ac8]
Event: 29.989 Thread 0x0000028c7d31b800 3471       3       com.sun.prism.impl.BaseResourceFactory::createTexture (64 bytes)
Event: 29.989 Thread 0x0000028c7c784000 nmethod 3470 0x0000028c57cb9b90 code [0x0000028c57cb9d20, 0x0000028c57cb9e78]
Event: 29.989 Thread 0x0000028c7c784000 3472       3       com.sun.prism.d3d.D3DResourceFactory::createTexture (14 bytes)
Event: 29.989 Thread 0x0000028c7c784000 nmethod 3472 0x0000028c57cb9f90 code [0x0000028c57cba140, 0x0000028c57cba2e8]
Event: 29.989 Thread 0x0000028c7d31b800 nmethod 3471 0x0000028c57cba390 code [0x0000028c57cba560, 0x0000028c57cbaa28]
Event: 29.990 Thread 0x0000028c7d2ff800 nmethod 3465 0x0000028c57cbac10 code [0x0000028c57cbaec0, 0x0000028c57cbbe48]
Event: 29.991 Thread 0x0000028c7d2fe800 nmethod 3469 0x0000028c57cbc390 code [0x0000028c57cbc780, 0x0000028c57cbe8c8]
Event: 30.092 Thread 0x0000028c7c784000 3473       3       org.opencv.core.Mat::width (5 bytes)
Event: 30.092 Thread 0x0000028c7c784000 nmethod 3473 0x0000028c57cbf310 code [0x0000028c57cbf4c0, 0x0000028c57cbf708]
Event: 30.110 Thread 0x0000028c7d2ff800 3474       3       java.io.SequenceInputStream::nextStream (19 bytes)
Event: 30.110 Thread 0x0000028c7d2ff800 nmethod 3474 0x0000028c57cbf810 code [0x0000028c57cbf9c0, 0x0000028c57cbfc38]
Event: 30.242 Thread 0x0000028c7c777800 3475       4       com.sun.javafx.collections.VetoableListDecorator::get (11 bytes)
Event: 30.243 Thread 0x0000028c7c777800 nmethod 3475 0x0000028c5eba5510 code [0x0000028c5eba5720, 0x0000028c5eba5ad8]
Event: 30.707 Thread 0x0000028c7c784000 3476       3       jdk.internal.util.ArraysSupport::newLength (23 bytes)
Event: 30.707 Thread 0x0000028c7c777800 3477       4       java.util.ArrayList::elementAt (4 bytes)
Event: 30.707 Thread 0x0000028c7c784000 nmethod 3476 0x0000028c57cbfd10 code [0x0000028c57cbfee0, 0x0000028c57cc02a8]
Event: 30.708 Thread 0x0000028c7c777800 nmethod 3477 0x0000028c5eba5d10 code [0x0000028c5eba5ec0, 0x0000028c5eba5fb8]
Event: 30.738 Thread 0x0000028c7c784000 3478       3       java.util.concurrent.locks.AbstractQueuedSynchronizer::enqueue (60 bytes)
Event: 30.738 Thread 0x0000028c7c784000 nmethod 3478 0x0000028c57cc0410 code [0x0000028c57cc0620, 0x0000028c57cc0f08]

GC Heap History (20 events):
Event: 27.854 GC heap before
{Heap before GC invocations=39 (full 2):
 garbage-first heap   total 55296K, used 38182K [0x0000000604800000, 0x0000000800000000)
  region size 2048K, 13 young (26624K), 1 survivors (2048K)
 Metaspace       used 22340K, capacity 23111K, committed 23296K, reserved 1069056K
  class space    used 3003K, capacity 3283K, committed 3328K, reserved 1048576K
}
Event: 27.856 GC heap after
{Heap after GC invocations=40 (full 2):
 garbage-first heap   total 55296K, used 15891K [0x0000000604800000, 0x0000000800000000)
  region size 2048K, 1 young (2048K), 1 survivors (2048K)
 Metaspace       used 22340K, capacity 23111K, committed 23296K, reserved 1069056K
  class space    used 3003K, capacity 3283K, committed 3328K, reserved 1048576K
}
Event: 28.233 GC heap before
{Heap before GC invocations=40 (full 2):
 garbage-first heap   total 55296K, used 38419K [0x0000000604800000, 0x0000000800000000)
  region size 2048K, 13 young (26624K), 1 survivors (2048K)
 Metaspace       used 22343K, capacity 23111K, committed 23296K, reserved 1069056K
  class space    used 3003K, capacity 3283K, committed 3328K, reserved 1048576K
}
Event: 28.235 GC heap after
{Heap after GC invocations=41 (full 2):
 garbage-first heap   total 55296K, used 15656K [0x0000000604800000, 0x0000000800000000)
  region size 2048K, 1 young (2048K), 1 survivors (2048K)
 Metaspace       used 22343K, capacity 23111K, committed 23296K, reserved 1069056K
  class space    used 3003K, capacity 3283K, committed 3328K, reserved 1048576K
}
Event: 28.606 GC heap before
{Heap before GC invocations=41 (full 2):
 garbage-first heap   total 55296K, used 38184K [0x0000000604800000, 0x0000000800000000)
  region size 2048K, 13 young (26624K), 1 survivors (2048K)
 Metaspace       used 22345K, capacity 23111K, committed 23296K, reserved 1069056K
  class space    used 3003K, capacity 3283K, committed 3328K, reserved 1048576K
}
Event: 28.608 GC heap after
{Heap after GC invocations=42 (full 2):
 garbage-first heap   total 55296K, used 15660K [0x0000000604800000, 0x0000000800000000)
  region size 2048K, 1 young (2048K), 1 survivors (2048K)
 Metaspace       used 22345K, capacity 23111K, committed 23296K, reserved 1069056K
  class space    used 3003K, capacity 3283K, committed 3328K, reserved 1048576K
}
Event: 28.937 GC heap before
{Heap before GC invocations=42 (full 2):
 garbage-first heap   total 55296K, used 38188K [0x0000000604800000, 0x0000000800000000)
  region size 2048K, 13 young (26624K), 1 survivors (2048K)
 Metaspace       used 22354K, capacity 23111K, committed 23296K, reserved 1069056K
  class space    used 3003K, capacity 3283K, committed 3328K, reserved 1048576K
}
Event: 28.939 GC heap after
{Heap after GC invocations=43 (full 2):
 garbage-first heap   total 55296K, used 15663K [0x0000000604800000, 0x0000000800000000)
  region size 2048K, 1 young (2048K), 1 survivors (2048K)
 Metaspace       used 22354K, capacity 23111K, committed 23296K, reserved 1069056K
  class space    used 3003K, capacity 3283K, committed 3328K, reserved 1048576K
}
Event: 29.783 GC heap before
{Heap before GC invocations=43 (full 2):
 garbage-first heap   total 55296K, used 38191K [0x0000000604800000, 0x0000000800000000)
  region size 2048K, 13 young (26624K), 1 survivors (2048K)
 Metaspace       used 22490K, capacity 23248K, committed 23296K, reserved 1069056K
  class space    used 3012K, capacity 3286K, committed 3328K, reserved 1048576K
}
Event: 29.785 GC heap after
{Heap after GC invocations=44 (full 2):
 garbage-first heap   total 55296K, used 17349K [0x0000000604800000, 0x0000000800000000)
  region size 2048K, 2 young (4096K), 2 survivors (4096K)
 Metaspace       used 22490K, capacity 23248K, committed 23296K, reserved 1069056K
  class space    used 3012K, capacity 3286K, committed 3328K, reserved 1048576K
}
Event: 30.057 GC heap before
{Heap before GC invocations=44 (full 2):
 garbage-first heap   total 55296K, used 33733K [0x0000000604800000, 0x0000000800000000)
  region size 2048K, 11 young (22528K), 2 survivors (4096K)
 Metaspace       used 22535K, capacity 23248K, committed 23296K, reserved 1069056K
  class space    used 3012K, capacity 3286K, committed 3328K, reserved 1048576K
}
Event: 30.059 GC heap after
{Heap after GC invocations=45 (full 2):
 garbage-first heap   total 55296K, used 17264K [0x0000000604800000, 0x0000000800000000)
  region size 2048K, 1 young (2048K), 1 survivors (2048K)
 Metaspace       used 22535K, capacity 23248K, committed 23296K, reserved 1069056K
  class space    used 3012K, capacity 3286K, committed 3328K, reserved 1048576K
}
Event: 30.322 GC heap before
{Heap before GC invocations=45 (full 2):
 garbage-first heap   total 55296K, used 35696K [0x0000000604800000, 0x0000000800000000)
  region size 2048K, 11 young (22528K), 1 survivors (2048K)
 Metaspace       used 22536K, capacity 23248K, committed 23296K, reserved 1069056K
  class space    used 3012K, capacity 3286K, committed 3328K, reserved 1048576K
}
Event: 30.323 GC heap after
{Heap after GC invocations=46 (full 2):
 garbage-first heap   total 55296K, used 17271K [0x0000000604800000, 0x0000000800000000)
  region size 2048K, 1 young (2048K), 1 survivors (2048K)
 Metaspace       used 22536K, capacity 23248K, committed 23296K, reserved 1069056K
  class space    used 3012K, capacity 3286K, committed 3328K, reserved 1048576K
}
Event: 30.594 GC heap before
{Heap before GC invocations=46 (full 2):
 garbage-first heap   total 55296K, used 37751K [0x0000000604800000, 0x0000000800000000)
  region size 2048K, 12 young (24576K), 1 survivors (2048K)
 Metaspace       used 22536K, capacity 23248K, committed 23296K, reserved 1069056K
  class space    used 3012K, capacity 3286K, committed 3328K, reserved 1048576K
}
Event: 30.596 GC heap after
{Heap after GC invocations=47 (full 2):
 garbage-first heap   total 55296K, used 17541K [0x0000000604800000, 0x0000000800000000)
  region size 2048K, 1 young (2048K), 1 survivors (2048K)
 Metaspace       used 22536K, capacity 23248K, committed 23296K, reserved 1069056K
  class space    used 3012K, capacity 3286K, committed 3328K, reserved 1048576K
}
Event: 35.706 GC heap before
{Heap before GC invocations=47 (full 2):
 garbage-first heap   total 55296K, used 38021K [0x0000000604800000, 0x0000000800000000)
  region size 2048K, 12 young (24576K), 1 survivors (2048K)
 Metaspace       used 22540K, capacity 23251K, committed 23296K, reserved 1069056K
  class space    used 3013K, capacity 3287K, committed 3328K, reserved 1048576K
}
Event: 35.707 GC heap after
{Heap after GC invocations=48 (full 2):
 garbage-first heap   total 55296K, used 19024K [0x0000000604800000, 0x0000000800000000)
  region size 2048K, 2 young (4096K), 2 survivors (4096K)
 Metaspace       used 22540K, capacity 23251K, committed 23296K, reserved 1069056K
  class space    used 3013K, capacity 3287K, committed 3328K, reserved 1048576K
}
Event: 37.256 GC heap before
{Heap before GC invocations=48 (full 2):
 garbage-first heap   total 55296K, used 23120K [0x0000000604800000, 0x0000000800000000)
  region size 2048K, 5 young (10240K), 2 survivors (4096K)
 Metaspace       used 22541K, capacity 23251K, committed 23296K, reserved 1069056K
  class space    used 3013K, capacity 3287K, committed 3328K, reserved 1048576K
}
Event: 37.279 GC heap after
{Heap after GC invocations=49 (full 3):
 garbage-first heap   total 55296K, used 14569K [0x0000000604800000, 0x0000000800000000)
  region size 2048K, 0 young (0K), 0 survivors (0K)
 Metaspace       used 22541K, capacity 23251K, committed 23296K, reserved 1069056K
  class space    used 3013K, capacity 3287K, committed 3328K, reserved 1048576K
}

Deoptimization events (20 events):
Event: 20.158 Thread 0x0000028c7c7f0000 Uncommon trap: trap_request=0xffffff45 fr.pc=0x0000028c5eb4e4d0 relative=0x0000000000000110
Event: 20.158 Thread 0x0000028c7c7f0000 Uncommon trap: reason=unstable_if action=reinterpret pc=0x0000028c5eb4e4d0 method=java.lang.CharacterDataLatin1.digit(II)I @ 12 c2
Event: 20.158 Thread 0x0000028c7c7f0000 DEOPT PACKING pc=0x0000028c5eb4e4d0 sp=0x000000a5567fdfa0
Event: 20.158 Thread 0x0000028c7c7f0000 DEOPT UNPACKING pc=0x0000028c56ec912f sp=0x000000a5567fdf28 mode 2
Event: 20.160 Thread 0x0000028c7c7f1000 Uncommon trap: trap_request=0xffffffde fr.pc=0x0000028c5eb75ab4 relative=0x0000000000000994
Event: 20.160 Thread 0x0000028c7c7f1000 Uncommon trap: reason=class_check action=maybe_recompile pc=0x0000028c5eb75ab4 method=java.util.regex.Pattern$Start.match(Ljava/util/regex/Matcher;ILjava/lang/CharSequence;)Z @ 44 c2
Event: 20.160 Thread 0x0000028c7c7f1000 DEOPT PACKING pc=0x0000028c5eb75ab4 sp=0x000000a556afe5d0
Event: 20.160 Thread 0x0000028c7c7f1000 DEOPT UNPACKING pc=0x0000028c56ec912f sp=0x000000a556afe550 mode 2
Event: 26.268 Thread 0x0000028c7edb5800 DEOPT PACKING pc=0x0000028c57ae2abe sp=0x000000a5519fddf0
Event: 26.268 Thread 0x0000028c7edb5800 DEOPT UNPACKING pc=0x0000028c56ec964e sp=0x000000a5519fd2e8 mode 0
Event: 29.214 Thread 0x0000028c7c7eb000 DEOPT PACKING pc=0x0000028c57ba7903 sp=0x000000a553afcd70
Event: 29.214 Thread 0x0000028c7c7eb000 DEOPT UNPACKING pc=0x0000028c56ec964e sp=0x000000a553afc1e0 mode 0
Event: 29.226 Thread 0x0000028c7c7eb000 Uncommon trap: trap_request=0xffffff45 fr.pc=0x0000028c5ea76f30 relative=0x00000000000004b0
Event: 29.226 Thread 0x0000028c7c7eb000 Uncommon trap: reason=unstable_if action=reinterpret pc=0x0000028c5ea76f30 method=java.lang.StringLatin1.canEncode(I)Z @ 4 c2
Event: 29.226 Thread 0x0000028c7c7eb000 DEOPT PACKING pc=0x0000028c5ea76f30 sp=0x000000a553afd5b0
Event: 29.226 Thread 0x0000028c7c7eb000 DEOPT UNPACKING pc=0x0000028c56ec912f sp=0x000000a553afd4e8 mode 2
Event: 29.226 Thread 0x0000028c7c7eb000 Uncommon trap: trap_request=0xffffff45 fr.pc=0x0000028c5ea6cdb4 relative=0x0000000000000434
Event: 29.226 Thread 0x0000028c7c7eb000 Uncommon trap: reason=unstable_if action=reinterpret pc=0x0000028c5ea6cdb4 method=java.lang.AbstractStringBuilder.isLatin1()Z @ 10 c2
Event: 29.226 Thread 0x0000028c7c7eb000 DEOPT PACKING pc=0x0000028c5ea6cdb4 sp=0x000000a553afd5c0
Event: 29.226 Thread 0x0000028c7c7eb000 DEOPT UNPACKING pc=0x0000028c56ec912f sp=0x000000a553afd550 mode 2

Classes unloaded (0 events):
No events

Classes redefined (0 events):
No events

Internal exceptions (20 events):
Event: 1.294 Thread 0x0000028c7df9e800 Exception <a 'java/lang/NoSuchMethodError'{0x0000000622fb7508}: 'void java.lang.invoke.DirectMethodHandle$Holder.invokeSpecial(java.lang.Object, java.lang.Object, java.lang.Object, java.lang.Object, java.lang.Object)'> (0x0000000622fb7508) 
thrown [./open/src/hotspot/share/interpreter/linkResolver.cpp, line 766]
Event: 1.581 Thread 0x0000028c7df9e800 Exception <a 'java/lang/NoSuchMethodError'{0x0000000623810438}: 'void java.lang.invoke.DirectMethodHandle$Holder.invokeStaticInit(java.lang.Object, java.lang.Object)'> (0x0000000623810438) 
thrown [./open/src/hotspot/share/interpreter/linkResolver.cpp, line 766]
Event: 1.643 Thread 0x0000028c7df9e800 Exception <a 'java/lang/NoSuchMethodError'{0x00000006239b93d0}: 'void java.lang.invoke.DirectMethodHandle$Holder.invokeSpecial(java.lang.Object, java.lang.Object, java.lang.Object, java.lang.Object)'> (0x00000006239b93d0) 
thrown [./open/src/hotspot/share/interpreter/linkResolver.cpp, line 766]
Event: 1.749 Thread 0x0000028c7df9e800 Implicit null exception at 0x0000028c5ea94929 to 0x0000028c5ea95060
Event: 1.749 Thread 0x0000028c7df9e800 Implicit null exception at 0x0000028c5ea95971 to 0x0000028c5ea96b24
Event: 1.759 Thread 0x0000028c7df9e800 Implicit null exception at 0x0000028c5ea86b2f to 0x0000028c5ea86bb1
Event: 1.955 Thread 0x0000028c7df9e800 Exception <a 'java/lang/NoSuchMethodError'{0x0000000622e7fcb0}: 'java.lang.Object java.lang.invoke.Invokers$Holder.linkToTargetMethod(java.lang.Object, int, java.lang.Object)'> (0x0000000622e7fcb0) 
thrown [./open/src/hotspot/share/interpreter/linkResolver.cpp, line 766]
Event: 1.974 Thread 0x0000028c7df9e800 Exception <a 'java/lang/NoSuchMethodError'{0x0000000622efa130}: 'java.lang.Object java.lang.invoke.DirectMethodHandle$Holder.invokeInterface(java.lang.Object, java.lang.Object, java.lang.Object)'> (0x0000000622efa130) 
thrown [./open/src/hotspot/share/interpreter/linkResolver.cpp, line 766]
Event: 1.974 Thread 0x0000028c7df9e800 Exception <a 'java/lang/IncompatibleClassChangeError'{0x0000000622efcfc0}: Found class java.lang.Object, but interface was expected> (0x0000000622efcfc0) 
thrown [./open/src/hotspot/share/interpreter/linkResolver.cpp, line 832]
Event: 2.307 Thread 0x0000028c7df9e800 Exception <a 'java/lang/NoSuchMethodError'{0x00000006220f3910}: 'long java.lang.invoke.DirectMethodHandle$Holder.invokeStatic(java.lang.Object, java.lang.Object, java.lang.Object)'> (0x00000006220f3910) 
thrown [./open/src/hotspot/share/interpreter/linkResolver.cpp, line 766]
Event: 2.307 Thread 0x0000028c7df9e800 Exception <a 'java/lang/NoSuchMethodError'{0x00000006220f65b8}: 'long java.lang.invoke.DirectMethodHandle$Holder.invokeStaticInit(java.lang.Object, java.lang.Object, java.lang.Object)'> (0x00000006220f65b8) 
thrown [./open/src/hotspot/share/interpreter/linkResolver.cpp, line 766]
Event: 2.311 Thread 0x0000028c7df9e800 Exception <a 'java/lang/NoSuchMethodError'{0x00000006221e36f0}: 'java.lang.Object java.lang.invoke.Invokers$Holder.linkToTargetMethod(java.lang.Object, long, java.lang.Object)'> (0x00000006221e36f0) 
thrown [./open/src/hotspot/share/interpreter/linkResolver.cpp, line 766]
Event: 2.352 Thread 0x0000028c7d94c000 Exception <a 'java/lang/NoSuchMethodError'{0x0000000621ea1608}: 'int java.lang.invoke.DirectMethodHandle$Holder.invokeStaticInit(java.lang.Object, java.lang.Object)'> (0x0000000621ea1608) 
thrown [./open/src/hotspot/share/interpreter/linkResolver.cpp, line 766]
Event: 2.540 Thread 0x0000028c7d94c000 Exception <a 'java/lang/NoSuchMethodError'{0x0000000621ae6650}: 'java.lang.Object java.lang.invoke.DirectMethodHandle$Holder.invokeStaticInit(java.lang.Object, int)'> (0x0000000621ae6650) 
thrown [./open/src/hotspot/share/interpreter/linkResolver.cpp, line 766]
Event: 11.163 Thread 0x0000028c7df9e800 Exception <a 'java/lang/NoSuchMethodError'{0x00000006242d52d8}: 'java.lang.Object java.lang.invoke.DirectMethodHandle$Holder.invokeStaticInit(java.lang.Object, int, int, int, int)'> (0x00000006242d52d8) 
thrown [./open/src/hotspot/share/interpreter/linkResolver.cpp, line 766]
Event: 11.212 Thread 0x0000028c7df9e800 Exception <a 'java/lang/NoSuchMethodError'{0x0000000623ec2c78}: 'java.lang.Object java.lang.invoke.DirectMethodHandle$Holder.invokeStaticInit(java.lang.Object, java.lang.Object, int, int, int, int)'> (0x0000000623ec2c78) 
thrown [./open/src/hotspot/share/interpreter/linkResolver.cpp, line 766]
Event: 19.829 Thread 0x0000028c7c7f0000 Exception <a 'java/lang/NoSuchMethodError'{0x0000000608397bf0}: 'int java.lang.invoke.DirectMethodHandle$Holder.invokeSpecialIFC(java.lang.Object, java.lang.Object, int)'> (0x0000000608397bf0) 
thrown [./open/src/hotspot/share/interpreter/linkResolver.cpp, line 766]
Event: 19.988 Thread 0x0000028c7c7ec000 Exception <a 'sun/nio/fs/WindowsException'{0x00000006066dfef8}> (0x00000006066dfef8) 
thrown [./open/src/hotspot/share/prims/jni.cpp, line 599]
Event: 19.996 Thread 0x0000028c7c7ec000 Exception <a 'java/lang/NoSuchMethodError'{0x0000000606723f58}: 'int java.lang.invoke.DirectMethodHandle$Holder.invokeStaticInit(java.lang.Object, java.lang.Object, java.lang.Object, java.lang.Object)'> (0x0000000606723f58) 
thrown [./open/src/hotspot/share/interpreter/linkResolver.cpp, line 766]
Event: 19.997 Thread 0x0000028c7c7ec000 Exception <a 'java/lang/IncompatibleClassChangeError'{0x000000060672c920}: Found class java.lang.Object, but interface was expected> (0x000000060672c920) 
thrown [./open/src/hotspot/share/interpreter/linkResolver.cpp, line 832]

Events (20 events):
Event: 39.242 Executing VM operation: GetFrameCount
Event: 39.242 Executing VM operation: GetFrameCount done
Event: 39.242 Executing VM operation: GetStackTrace
Event: 39.242 Executing VM operation: GetStackTrace done
Event: 39.243 Executing VM operation: GetFrameCount
Event: 39.243 Executing VM operation: GetFrameCount done
Event: 39.243 Executing VM operation: GetStackTrace
Event: 39.243 Executing VM operation: GetStackTrace done
Event: 41.313 Executing VM operation: GetFrameCount
Event: 41.313 Executing VM operation: GetFrameCount done
Event: 41.313 Executing VM operation: SetFramePop
Event: 41.313 Executing VM operation: SetFramePop done
Event: 41.313 Executing VM operation: GetFrameLocation
Event: 41.313 Executing VM operation: GetFrameLocation done
Event: 41.314 Executing VM operation: GetCurrentLocation
Event: 41.314 Executing VM operation: GetCurrentLocation done
Event: 41.314 Executing VM operation: ChangeSingleStep
Event: 41.314 Executing VM operation: ChangeSingleStep done
Event: 41.314 Executing VM operation: ChangeSingleStep
Event: 41.315 Executing VM operation: ChangeSingleStep done


Dynamic libraries:
0x00007ff7b32d0000 - 0x00007ff7b32df000 	C:\Program Files\Java\jdk-14.0.1\bin\java.exe
0x00007ff9c2b90000 - 0x00007ff9c2d86000 	C:\WINDOWS\SYSTEM32\ntdll.dll
0x00007ff9c1630000 - 0x00007ff9c16ed000 	C:\WINDOWS\System32\KERNEL32.DLL
0x00007ff9c0820000 - 0x00007ff9c0ae9000 	C:\WINDOWS\System32\KERNELBASE.dll
0x00007ff9c0640000 - 0x00007ff9c0740000 	C:\WINDOWS\System32\ucrtbase.dll
0x00007ff9b9cd0000 - 0x00007ff9b9ce8000 	C:\Program Files\Java\jdk-14.0.1\bin\jli.dll
0x00007ff9b6340000 - 0x00007ff9b6355000 	C:\Program Files\Java\jdk-14.0.1\bin\VCRUNTIME140.dll
0x00007ff9c1fc0000 - 0x00007ff9c206c000 	C:\WINDOWS\System32\ADVAPI32.dll
0x00007ff9c22e0000 - 0x00007ff9c237e000 	C:\WINDOWS\System32\msvcrt.dll
0x00007ff9c0fb0000 - 0x00007ff9c104c000 	C:\WINDOWS\System32\sechost.dll
0x00007ff9c1090000 - 0x00007ff9c11bb000 	C:\WINDOWS\System32\RPCRT4.dll
0x00007ff9c12f0000 - 0x00007ff9c1490000 	C:\WINDOWS\System32\USER32.dll
0x00007ff9a9ff0000 - 0x00007ff9aa28b000 	C:\WINDOWS\WinSxS\amd64_microsoft.windows.common-controls_6595b64144ccf1df_6.0.19041.746_none_ca02b4b61b8320a4\COMCTL32.dll
0x00007ff9c07f0000 - 0x00007ff9c0812000 	C:\WINDOWS\System32\win32u.dll
0x00007ff9c2070000 - 0x00007ff9c209a000 	C:\WINDOWS\System32\GDI32.dll
0x00007ff9c0320000 - 0x00007ff9c042b000 	C:\WINDOWS\System32\gdi32full.dll
0x00007ff9c0b50000 - 0x00007ff9c0bed000 	C:\WINDOWS\System32\msvcp_win.dll
0x00007ff9b4a00000 - 0x00007ff9b4a0a000 	C:\WINDOWS\SYSTEM32\VERSION.dll
0x00007ff9c1060000 - 0x00007ff9c1090000 	C:\WINDOWS\System32\IMM32.DLL
0x00007ff9b5c80000 - 0x00007ff9b5d1b000 	C:\Program Files\Java\jdk-14.0.1\bin\msvcp140.dll
0x00007ff9638a0000 - 0x00007ff9643be000 	C:\Program Files\Java\jdk-14.0.1\bin\server\jvm.dll
0x00007ff9c16f0000 - 0x00007ff9c16f8000 	C:\WINDOWS\System32\PSAPI.DLL
0x00007ff9aa450000 - 0x00007ff9aa477000 	C:\WINDOWS\SYSTEM32\WINMM.dll
0x00007ff9a2280000 - 0x00007ff9a2289000 	C:\WINDOWS\SYSTEM32\WSOCK32.dll
0x00007ff9c2140000 - 0x00007ff9c21ab000 	C:\WINDOWS\System32\WS2_32.dll
0x00007ff9beb60000 - 0x00007ff9beb72000 	C:\WINDOWS\SYSTEM32\kernel.appcore.dll
0x00007ff9b8140000 - 0x00007ff9b814a000 	C:\Program Files\Java\jdk-14.0.1\bin\jimage.dll
0x00007ff9be1b0000 - 0x00007ff9be394000 	C:\WINDOWS\SYSTEM32\DBGHELP.DLL
0x00007ff9a0620000 - 0x00007ff9a064c000 	C:\WINDOWS\SYSTEM32\dbgcore.DLL
0x00007ff9c0740000 - 0x00007ff9c07c0000 	C:\WINDOWS\System32\bcryptPrimitives.dll
0x00007ff9863e0000 - 0x00007ff986418000 	C:\Program Files\Java\jdk-14.0.1\bin\jdwp.dll
0x00007ff9b5c50000 - 0x00007ff9b5c75000 	C:\Program Files\Java\jdk-14.0.1\bin\java.dll
0x00007ff9b5be0000 - 0x00007ff9b5bee000 	C:\Program Files\Java\jdk-14.0.1\bin\instrument.dll
0x00007ff9b5c30000 - 0x00007ff9b5c46000 	C:\Program Files\Java\jdk-14.0.1\bin\zip.dll
0x00007ff9c1700000 - 0x00007ff9c1e42000 	C:\WINDOWS\System32\SHELL32.dll
0x00007ff9be3c0000 - 0x00007ff9beb50000 	C:\WINDOWS\SYSTEM32\windows.storage.dll
0x00007ff9c0bf0000 - 0x00007ff9c0f46000 	C:\WINDOWS\System32\combase.dll
0x00007ff9bfc60000 - 0x00007ff9bfc8c000 	C:\WINDOWS\SYSTEM32\Wldp.dll
0x00007ff9c1f10000 - 0x00007ff9c1fbe000 	C:\WINDOWS\System32\SHCORE.dll
0x00007ff9c1eb0000 - 0x00007ff9c1f05000 	C:\WINDOWS\System32\shlwapi.dll
0x00007ff9c0200000 - 0x00007ff9c0226000 	C:\WINDOWS\SYSTEM32\profapi.dll
0x00007ff9b5bd0000 - 0x00007ff9b5bdb000 	C:\Program Files\Java\jdk-14.0.1\bin\dt_socket.dll
0x00007ff9bf710000 - 0x00007ff9bf74b000 	C:\WINDOWS\SYSTEM32\IPHLPAPI.DLL
0x00007ff9bfa50000 - 0x00007ff9bfaba000 	C:\WINDOWS\system32\mswsock.dll
0x00007ff9b5c10000 - 0x00007ff9b5c29000 	C:\Program Files\Java\jdk-14.0.1\bin\net.dll
0x00007ff9ad890000 - 0x00007ff9ad990000 	C:\WINDOWS\SYSTEM32\WINHTTP.dll
0x00007ff9b5bf0000 - 0x00007ff9b5c02000 	C:\Program Files\Java\jdk-14.0.1\bin\nio.dll
0x00007ff8f39e0000 - 0x00007ff8f68e3000 	C:\Users\Travja\OneDrive - Neumont College of Computer Science\2021\Winter\Principles of Software\Camera\lib\opencv_java3413.dll
0x00007ff9c21b0000 - 0x00007ff9c22da000 	C:\WINDOWS\System32\ole32.dll
0x00007ff9c2460000 - 0x00007ff9c252d000 	C:\WINDOWS\System32\OLEAUT32.dll
0x00007ff999530000 - 0x00007ff9995b4000 	C:\WINDOWS\SYSTEM32\MF.dll
0x00007ff9b5810000 - 0x00007ff9b59cc000 	C:\WINDOWS\SYSTEM32\MFPlat.DLL
0x00007ff965580000 - 0x00007ff96568a000 	C:\WINDOWS\SYSTEM32\MFReadWrite.dll
0x00007ff9c02d0000 - 0x00007ff9c031e000 	C:\WINDOWS\System32\cfgmgr32.dll
0x00007ff9895d0000 - 0x00007ff989a5e000 	C:\WINDOWS\SYSTEM32\MFCORE.DLL
0x00007ff9c0430000 - 0x00007ff9c0586000 	C:\WINDOWS\System32\CRYPT32.dll
0x00007ff9c07c0000 - 0x00007ff9c07e7000 	C:\WINDOWS\System32\bcrypt.dll
0x00007ff9bf880000 - 0x00007ff9bf8cb000 	C:\WINDOWS\SYSTEM32\powrprof.dll
0x00007ff9b5a20000 - 0x00007ff9b5a29000 	C:\WINDOWS\SYSTEM32\ksuser.dll
0x00007ff9bfbd0000 - 0x00007ff9bfbdc000 	C:\WINDOWS\SYSTEM32\CRYPTBASE.DLL
0x00007ff9b5270000 - 0x00007ff9b52a0000 	C:\WINDOWS\SYSTEM32\RTWorkQ.DLL
0x00007ff9bf6f0000 - 0x00007ff9bf702000 	C:\WINDOWS\SYSTEM32\UMPDC.dll
0x0000028c4c6d0000 - 0x0000028c4c6d3000 	C:\Program Files\Java\jdk-14.0.1\bin\api-ms-win-core-console-l1-1-0.dll
0x0000028c4c6e0000 - 0x0000028c4c6e3000 	C:\Program Files\Java\jdk-14.0.1\bin\api-ms-win-core-datetime-l1-1-0.dll
0x0000028c4c6f0000 - 0x0000028c4c6f3000 	C:\Program Files\Java\jdk-14.0.1\bin\api-ms-win-core-debug-l1-1-0.dll
0x0000028c4e5e0000 - 0x0000028c4e5e3000 	C:\Program Files\Java\jdk-14.0.1\bin\api-ms-win-core-errorhandling-l1-1-0.dll
0x0000028c4e5f0000 - 0x0000028c4e5f4000 	C:\Program Files\Java\jdk-14.0.1\bin\api-ms-win-core-file-l1-1-0.dll
0x0000028c4e600000 - 0x0000028c4e603000 	C:\Program Files\Java\jdk-14.0.1\bin\api-ms-win-core-file-l1-2-0.dll
0x0000028c4e610000 - 0x0000028c4e613000 	C:\Program Files\Java\jdk-14.0.1\bin\api-ms-win-core-file-l2-1-0.dll
0x0000028c4e620000 - 0x0000028c4e623000 	C:\Program Files\Java\jdk-14.0.1\bin\api-ms-win-core-handle-l1-1-0.dll
0x0000028c4e630000 - 0x0000028c4e633000 	C:\Program Files\Java\jdk-14.0.1\bin\api-ms-win-core-heap-l1-1-0.dll
0x0000028c4e640000 - 0x0000028c4e643000 	C:\Program Files\Java\jdk-14.0.1\bin\api-ms-win-core-interlocked-l1-1-0.dll
0x0000028c4e650000 - 0x0000028c4e653000 	C:\Program Files\Java\jdk-14.0.1\bin\api-ms-win-core-libraryloader-l1-1-0.dll
0x0000028c4e660000 - 0x0000028c4e663000 	C:\Program Files\Java\jdk-14.0.1\bin\api-ms-win-core-localization-l1-2-0.dll
0x0000028c4e670000 - 0x0000028c4e673000 	C:\Program Files\Java\jdk-14.0.1\bin\api-ms-win-core-memory-l1-1-0.dll
0x0000028c4e680000 - 0x0000028c4e683000 	C:\Program Files\Java\jdk-14.0.1\bin\api-ms-win-core-namedpipe-l1-1-0.dll
0x0000028c4e690000 - 0x0000028c4e693000 	C:\Program Files\Java\jdk-14.0.1\bin\api-ms-win-core-processenvironment-l1-1-0.dll
0x0000028c4e6a0000 - 0x0000028c4e6a3000 	C:\Program Files\Java\jdk-14.0.1\bin\api-ms-win-core-processthreads-l1-1-0.dll
0x0000028c7daf0000 - 0x0000028c7daf3000 	C:\Program Files\Java\jdk-14.0.1\bin\api-ms-win-core-processthreads-l1-1-1.dll
0x0000028c7db00000 - 0x0000028c7db03000 	C:\Program Files\Java\jdk-14.0.1\bin\api-ms-win-core-profile-l1-1-0.dll
0x0000028c7db10000 - 0x0000028c7db13000 	C:\Program Files\Java\jdk-14.0.1\bin\api-ms-win-core-rtlsupport-l1-1-0.dll
0x0000028c7db20000 - 0x0000028c7db23000 	C:\Program Files\Java\jdk-14.0.1\bin\api-ms-win-core-string-l1-1-0.dll
0x0000028c7db30000 - 0x0000028c7db33000 	C:\Program Files\Java\jdk-14.0.1\bin\api-ms-win-core-synch-l1-1-0.dll
0x0000028c7db40000 - 0x0000028c7db43000 	C:\Program Files\Java\jdk-14.0.1\bin\api-ms-win-core-synch-l1-2-0.dll
0x0000028c7db50000 - 0x0000028c7db53000 	C:\Program Files\Java\jdk-14.0.1\bin\api-ms-win-core-sysinfo-l1-1-0.dll
0x0000028c7db60000 - 0x0000028c7db63000 	C:\Program Files\Java\jdk-14.0.1\bin\api-ms-win-core-timezone-l1-1-0.dll
0x0000028c7db70000 - 0x0000028c7db73000 	C:\Program Files\Java\jdk-14.0.1\bin\api-ms-win-core-util-l1-1-0.dll
0x0000028c7db80000 - 0x0000028c7db83000 	C:\Program Files\Java\jdk-14.0.1\bin\api-ms-win-crt-conio-l1-1-0.dll
0x0000028c7db90000 - 0x0000028c7db94000 	C:\Program Files\Java\jdk-14.0.1\bin\api-ms-win-crt-convert-l1-1-0.dll
0x0000028c7dba0000 - 0x0000028c7dba3000 	C:\Program Files\Java\jdk-14.0.1\bin\api-ms-win-crt-environment-l1-1-0.dll
0x0000028c7dbb0000 - 0x0000028c7dbb3000 	C:\Program Files\Java\jdk-14.0.1\bin\api-ms-win-crt-filesystem-l1-1-0.dll
0x0000028c7dbc0000 - 0x0000028c7dbc3000 	C:\Program Files\Java\jdk-14.0.1\bin\api-ms-win-crt-heap-l1-1-0.dll
0x0000028c7dbd0000 - 0x0000028c7dbd3000 	C:\Program Files\Java\jdk-14.0.1\bin\api-ms-win-crt-locale-l1-1-0.dll
0x0000028c7dbe0000 - 0x0000028c7dbe5000 	C:\Program Files\Java\jdk-14.0.1\bin\api-ms-win-crt-math-l1-1-0.dll
0x0000028c7dbf0000 - 0x0000028c7dbf5000 	C:\Program Files\Java\jdk-14.0.1\bin\api-ms-win-crt-multibyte-l1-1-0.dll
0x0000028c7dc00000 - 0x0000028c7dc10000 	C:\Program Files\Java\jdk-14.0.1\bin\api-ms-win-crt-private-l1-1-0.dll
0x0000028c7dc10000 - 0x0000028c7dc13000 	C:\Program Files\Java\jdk-14.0.1\bin\api-ms-win-crt-process-l1-1-0.dll
0x0000028c7dc20000 - 0x0000028c7dc24000 	C:\Program Files\Java\jdk-14.0.1\bin\api-ms-win-crt-runtime-l1-1-0.dll
0x0000028c7dc30000 - 0x0000028c7dc34000 	C:\Program Files\Java\jdk-14.0.1\bin\api-ms-win-crt-stdio-l1-1-0.dll
0x0000028c7dc40000 - 0x0000028c7dc44000 	C:\Program Files\Java\jdk-14.0.1\bin\api-ms-win-crt-string-l1-1-0.dll
0x0000028c7dc50000 - 0x0000028c7dc53000 	C:\Program Files\Java\jdk-14.0.1\bin\api-ms-win-crt-time-l1-1-0.dll
0x0000028c7dc60000 - 0x0000028c7dc63000 	C:\Program Files\Java\jdk-14.0.1\bin\api-ms-win-crt-utility-l1-1-0.dll
0x00007ff984d40000 - 0x00007ff984e3c000 	C:\Program Files\Java\jdk-14.0.1\bin\ucrtbase.dll
0x00007ff985a80000 - 0x00007ff985acd000 	C:\Windows\System32\concrt140.dll
0x00007ff9a2ec0000 - 0x00007ff9a2ecc000 	C:\WINDOWS\SYSTEM32\VCRUNTIME140_1.dll
0x00007ff992510000 - 0x00007ff992533000 	C:\Program Files\Java\jdk-9.0.4\bin\prism_d3d.dll
0x00007ff9ab2b0000 - 0x00007ff9ab47f000 	C:\WINDOWS\system32\d3d9.dll
0x00007ff9bdd20000 - 0x00007ff9bdd4f000 	C:\WINDOWS\SYSTEM32\dwmapi.dll
0x00007ff9ba090000 - 0x00007ff9ba12e000 	C:\WINDOWS\system32\uxtheme.dll
0x00007ff9699c0000 - 0x00007ff969b23000 	C:\WINDOWS\System32\DriverStore\FileRepository\iigd_dch.inf_amd64_233e086e960c2400\igdumdim64.dll
0x00007ff949c40000 - 0x00007ff94e44f000 	C:\WINDOWS\System32\DriverStore\FileRepository\iigd_dch.inf_amd64_233e086e960c2400\igd9dxva64.dll
0x00007ff9c2530000 - 0x00007ff9c2997000 	C:\WINDOWS\System32\SETUPAPI.dll
0x00007ff9b0e20000 - 0x00007ff9b10ca000 	C:\WINDOWS\System32\DriverStore\FileRepository\iigd_dch.inf_amd64_233e086e960c2400\igdgmm64.dll
0x00007ff997250000 - 0x00007ff997352000 	C:\WINDOWS\System32\DriverStore\FileRepository\nvlt.inf_amd64_8f316e062eb13023\nvldumdx.dll
0x00007ff9bfeb0000 - 0x00007ff9bfec2000 	C:\WINDOWS\SYSTEM32\msasn1.dll
0x00007ff9ace00000 - 0x00007ff9ace31000 	C:\WINDOWS\SYSTEM32\cryptnet.dll
0x00007ff9c0af0000 - 0x00007ff9c0b50000 	C:\WINDOWS\System32\WINTRUST.DLL
0x00007ff9c1610000 - 0x00007ff9c162d000 	C:\WINDOWS\System32\imagehlp.dll
0x00007ff9bfca0000 - 0x00007ff9bfcb8000 	C:\WINDOWS\SYSTEM32\CRYPTSP.dll
0x00007ff9bf3a0000 - 0x00007ff9bf3d4000 	C:\WINDOWS\system32\rsaenh.dll
0x00007ff95dc00000 - 0x00007ff95f3a3000 	C:\WINDOWS\System32\DriverStore\FileRepository\nvlt.inf_amd64_8f316e062eb13023\nvd3dumx.dll
0x00007ff985a30000 - 0x00007ff985a7a000 	C:\Program Files\Java\jdk-9.0.4\bin\glass.dll
0x00007ff9c2380000 - 0x00007ff9c245a000 	C:\WINDOWS\System32\COMDLG32.dll
0x00007ff9b80b0000 - 0x00007ff9b80c0000 	C:\Program Files\Java\jdk-14.0.1\bin\verify.dll
0x00007ff9c1490000 - 0x00007ff9c15a5000 	C:\WINDOWS\System32\MSCTF.dll
0x00007ff973c20000 - 0x00007ff973c47000 	C:\WINDOWS\System32\DriverStore\FileRepository\iigd_dch.inf_amd64_233e086e960c2400\igdinfo64.dll
0x00007ff9ae0d0000 - 0x00007ff9b0c5f000 	C:\WINDOWS\System32\DriverStore\FileRepository\iigd_dch.inf_amd64_233e086e960c2400\igc64.dll
0x00007ff9b37b0000 - 0x00007ff9b37eb000 	C:\WINDOWS\SYSTEM32\dxcore.dll

dbghelp: loaded successfully - version: 4.0.5 - missing functions: none
symbol engine: initialized successfully - sym options: 0x614 - pdb path: .;C:\Program Files\Java\jdk-14.0.1\bin;C:\WINDOWS\SYSTEM32;C:\WINDOWS\WinSxS\amd64_microsoft.windows.common-controls_6595b64144ccf1df_6.0.19041.746_none_ca02b4b61b8320a4;C:\Program Files\Java\jdk-14.0.1\bin\server;C:\Users\Travja\OneDrive - Neumont College of Computer Science\2021\Winter\Principles of Software\Camera\lib;C:\Program Files\Java\jdk-9.0.4\bin;C:\WINDOWS\System32\DriverStore\FileRepository\iigd_dch.inf_amd64_233e086e960c2400;C:\WINDOWS\System32\DriverStore\FileRepository\nvlt.inf_amd64_8f316e062eb13023;C:\Program Files\Common Files\Microsoft Shared\Ink;C:\Users\Travja\AppData\Local\Temp

VM Arguments:
jvm_args: -agentlib:jdwp=transport=dt_socket,address=127.0.0.1:8696,suspend=y,server=n -javaagent:C:\Users\Travja\AppData\Local\JetBrains\IntelliJIdea2020.2\captureAgent\debugger-agent.jar -Dfile.encoding=UTF-8 
java_command: cameraguys.project.Entry
java_class_path (initial): C:\Users\Travja\OneDrive - Neumont College of Computer Science\2021\Winter\Principles of Software\Camera\JavaApp\target\classes;C:\Users\Travja\.m2\repository\org\opencv\3.4.13-Trav\opencv-3.4.13-Trav.jar;C:\Users\Travja\.m2\repository\org\openjfx\javafx-base\11.0.1\javafx-base-11.0.1.jar;C:\Users\Travja\.m2\repository\org\openjfx\javafx-base\11.0.1\javafx-base-11.0.1-win.jar;C:\Users\Travja\.m2\repository\org\openjfx\javafx-controls\11.0.1\javafx-controls-11.0.1.jar;C:\Users\Travja\.m2\repository\org\openjfx\javafx-controls\11.0.1\javafx-controls-11.0.1-win.jar;C:\Users\Travja\.m2\repository\org\openjfx\javafx-graphics\11.0.1\javafx-graphics-11.0.1.jar;C:\Users\Travja\.m2\repository\org\openjfx\javafx-graphics\11.0.1\javafx-graphics-11.0.1-win.jar;C:\Users\Travja\.m2\repository\org\openjfx\javafx-fxml\11.0.1\javafx-fxml-11.0.1.jar;C:\Users\Travja\.m2\repository\org\openjfx\javafx-fxml\11.0.1\javafx-fxml-11.0.1-win.jar;C:\Users\Travja\.m2\repository\io\socket\socket.io-client\2.0.0\socket.io-client-2.0.0.jar;C:\Users\Travja\.m2\repository\io\socket\engine.io-client\2.0.0\engine.io-client-2.0.0.jar;C:\Users\Travja\.m2\repository\com\squareup\okhttp3\okhttp\3.12.12\okhttp-3.12.12.jar;C:\Users\Travja\.m2\repository\com\squareup\okio\okio\1.15.0\okio-1.15.0.jar;C:\Users\Travja\.m2\repository\org\json\json\20090211\json-20090211.jar;C:\Users\Travja\.m2\repository\dev\onvoid\webrtc\webrtc-java\0.2.0\webrtc-java-0.2.0.jar;C:\Users\Travja\.m2\repository\dev\onvoid\webrtc\webrtc-java\0.2.0\webrtc-java-0.2.0-windows-x86_64.jar;C:\Users\Travja\.m2\repository\org\projectlombok\lombok\1.18.12\lombok-1.18.12.jar;C:\Program Files\JetBrains\IntelliJ IDEA 2019.3.3\lib\idea_rt.jar
Launcher Type: SUN_STANDARD

[Global flags]
     intx CICompilerCount                          = 12                                        {product} {ergonomic}
     uint ConcGCThreads                            = 3                                         {product} {ergonomic}
     uint G1ConcRefinementThreads                  = 13                                        {product} {ergonomic}
   size_t G1HeapRegionSize                         = 2097152                                   {product} {ergonomic}
    uintx GCDrainStackTargetSize                   = 64                                        {product} {ergonomic}
   size_t InitialHeapSize                          = 532676608                                 {product} {ergonomic}
   size_t MarkStackSize                            = 4194304                                   {product} {ergonomic}
   size_t MaxHeapSize                              = 8514437120                                {product} {ergonomic}
   size_t MaxNewSize                               = 5108662272                                {product} {ergonomic}
   size_t MinHeapDeltaBytes                        = 2097152                                   {product} {ergonomic}
   size_t MinHeapSize                              = 8388608                                   {product} {ergonomic}
    uintx NonNMethodCodeHeapSize                   = 7602480                                {pd product} {ergonomic}
    uintx NonProfiledCodeHeapSize                  = 122027880                              {pd product} {ergonomic}
    uintx ProfiledCodeHeapSize                     = 122027880                              {pd product} {ergonomic}
    uintx ReservedCodeCacheSize                    = 251658240                              {pd product} {ergonomic}
     bool SegmentedCodeCache                       = true                                      {product} {ergonomic}
   size_t SoftMaxHeapSize                          = 8514437120                             {manageable} {ergonomic}
     bool UseCompressedClassPointers               = true                                 {lp64_product} {ergonomic}
     bool UseCompressedOops                        = true                                 {lp64_product} {ergonomic}
     bool UseG1GC                                  = true                                      {product} {ergonomic}
     bool UseLargePagesIndividualAllocation        = false                                  {pd product} {ergonomic}

Logging:
Log output configuration:
 #0: stdout all=warning uptime,level,tags
 #1: stderr all=off uptime,level,tags

Environment Variables:
JAVA_HOME=C:\Program Files\Java\jdk-14.0.1
PATH=C:\Program Files\Java\jdk-14.0.1\bin;C:\Program Files (x86)\NVIDIA Corporation\PhysX\Common;C:\WINDOWS\system32;C:\WINDOWS;C:\WINDOWS\System32\Wbem;C:\WINDOWS\System32\WindowsPowerShell\v1.0\;C:\WINDOWS\System32\OpenSSH\;C:\Program Files\Git\cmd;C:\Program Files\PuTTY\;C:\Program Files\MongoDB\Server\4.2\bin;C:\Program Files\apache-maven-3.6.3\bin;C:\Program Files (x86)\MySQL\mysql-8.0.22-winx64\bin;C:\Program Files\Microsoft SQL Server\Client SDK\ODBC\170\Tools\Binn\;C:\Program Files\Azure Data Studio\bin;C:\Program Files\Microsoft SQL Server\130\Tools\Binn\;C:\Program Files\Docker\Docker\resources\bin;C:\ProgramData\DockerDesktop\version-bin;C:\Program Files\dotnet\;C:\Program Files (x86)\Microsoft SQL Server\150\DTS\Binn\;C:\Program Files (x86)\Microsoft SQL Server\150\Tools\Binn\;C:\Program Files\Microsoft SQL Server\150\Tools\Binn\;C:\Program Files\Microsoft SQL Server\150\DTS\Binn\;C:\Program Files\Java\jdk-9.0.4\bin;C:\Program Files\nodejs\;C:\Users\Travja\AppData\Local\Programs\Python\Python39\Scripts\;C:\Users\Travja\AppData\Local\Programs\Python\Python39\;C:\Program Files\MySQL\MySQL Shell 8.0\bin\;C:\Users\Travja\AppData\Local\Microsoft\WindowsApps;C:\Program Files\JetBrains\IntelliJ IDEA 2019.3.3\bin;C:\Users\Travja\AppData\Local\Programs\Microsoft VS Code\bin;C:\Program Files\Azure Data Studio\bin;C:\Program Files (x86)\Nmap;C:\Users\Travja\.dotnet\tools;C:\Program Files\CMake\bin;C:\Users\Travja\AppData\Local\gitkraken\bin;C:\Users\Travja\.dotnet\tools;C:\Users\Travja\AppData\Roaming\npm
USERNAME=Travja
OS=Windows_NT
PROCESSOR_IDENTIFIER=Intel64 Family 6 Model 158 Stepping 13, GenuineIntel



---------------  S Y S T E M  ---------------

OS: Windows 10 , 64 bit Build 19041 (10.0.19041.804)
OS uptime: 5 days 3:03 hours
HyperV virtualization detected

CPU:total 16 (initial active 16) (8 cores per cpu, 2 threads per core) family 6 model 158 stepping 13, cmov, cx8, fxsr, mmx, sse, sse2, sse3, ssse3, sse4.1, sse4.2, popcnt, avx, avx2, aes, clmul, erms, 3dnowpref, lzcnt, ht, tsc, tscinvbit, bmi1, bmi2, adx, fma

Memory: 4k page, system-wide physical 32475M (15435M free)
TotalPageFile size 38363M (AvailPageFile size 10299M)
current process WorkingSet (physical memory assigned to process): 280M, peak: 298M
current process commit charge ("private bytes"): 345M, peak: 767M

vm_info: Java HotSpot(TM) 64-Bit Server VM (14.0.1+7) for windows-amd64 JRE (14.0.1+7), built on Mar  5 2020 10:30:14 by "mach5one" with MS VC++ 15.9 (VS2017)

END.
