#
# A fatal error has been detected by the Java Runtime Environment:
#
#  EXCEPTION_ACCESS_VIOLATION (0xc0000005) at pc=0x00007ff9c2bdd00c, pid=26372, tid=34172
#
# JRE version: Java(TM) SE Runtime Environment (14.0.1+7) (build 14.0.1+7)
# Java VM: Java HotSpot(TM) 64-Bit Server VM (14.0.1+7, mixed mode, sharing, tiered, compressed oops, g1 gc, windows-amd64)
# Problematic frame:
# C  [ntdll.dll+0x4d00c]
#
# No core dump will be written. Minidumps are not enabled by default on client versions of Windows
#
# If you would like to submit a bug report, please visit:
#   https://bugreport.java.com/bugreport/crash.jsp
# The crash happened outside the Java Virtual Machine in native code.
# See problematic frame for where to report the bug.
#

---------------  S U M M A R Y ------------

Command Line: -agentlib:jdwp=transport=dt_socket,address=127.0.0.1:8985,suspend=y,server=n -javaagent:C:\Users\Travja\AppData\Local\JetBrains\IntelliJIdea2020.2\captureAgent\debugger-agent.jar -Dfile.encoding=UTF-8 cameraguys.project.Entry

Host: Intel(R) Core(TM) i9-9880H CPU @ 2.30GHz, 16 cores, 31G,  Windows 10 , 64 bit Build 19041 (10.0.19041.804)
Time: Sat Feb 27 16:56:30 2021 Mountain Standard Time elapsed time: 258 seconds (0d 0h 4m 18s)

---------------  T H R E A D  ---------------

Current thread (0x0000020f428d9800):  JavaThread "JavaFX Application Thread" [_thread_in_native, id=34172, stack(0x000000fdb9200000,0x000000fdb9300000)]

Stack: [0x000000fdb9200000,0x000000fdb9300000],  sp=0x000000fdb92fcb80,  free space=1010k
Native frames: (J=compiled Java code, j=interpreted, Vv=VM code, C=native code)
C  [ntdll.dll+0x4d00c]
C  0x00007ff9452b3b12

Java frames: (J=compiled Java code, j=interpreted, Vv=VM code)
j  dev.onvoid.webrtc.media.video.VideoDeviceSource.dispose()V+0
j  cameraguys.project.SocketIOBroadcasterClient.kill()V+75
j  cameraguys.project.ClientWindow.setClosed()V+8
j  cameraguys.project.CameraApp.lambda$openCameraWindow$0(Lcameraguys/project/ClientWindow;Ljavafx/stage/WindowEvent;)V+1
j  cameraguys.project.CameraApp$$Lambda$133.handle(Ljavafx/event/Event;)V+8
j  com.sun.javafx.event.CompositeEventHandler.dispatchBubblingEvent(Ljavafx/event/Event;)V+51
J 2746 c1 com.sun.javafx.event.EventHandlerManager.dispatchBubblingEvent(Ljavafx/event/Event;)Ljavafx/event/Event; (23 bytes) @ 0x0000020f1c95b8bc [0x0000020f1c95b220+0x000000000000069c]
J 2745 c1 com.sun.javafx.event.CompositeEventDispatcher.dispatchBubblingEvent(Ljavafx/event/Event;)Ljavafx/event/Event; (35 bytes) @ 0x0000020f1c95abec [0x0000020f1c95a9e0+0x000000000000020c]
J 2715 c1 com.sun.javafx.event.BasicEventDispatcher.dispatchEvent(Ljavafx/event/Event;Ljavafx/event/EventDispatchChain;)Ljavafx/event/Event; (44 bytes) @ 0x0000020f1c95688c [0x0000020f1c9564e0+0x00000000000003ac]
J 2655 c1 com.sun.javafx.event.EventDispatchChainImpl.dispatchEvent(Ljavafx/event/Event;)Ljavafx/event/Event; (101 bytes) @ 0x0000020f1c944a3c [0x0000020f1c944840+0x00000000000001fc]
j  com.sun.javafx.event.EventUtil.fireEventImpl(Ljavafx/event/EventDispatchChain;Ljavafx/event/EventTarget;Ljavafx/event/Event;)Ljavafx/event/Event;+10
j  com.sun.javafx.event.EventUtil.fireEvent(Ljavafx/event/EventTarget;Ljavafx/event/Event;)Ljavafx/event/Event;+46
j  javafx.event.Event.fireEvent(Ljavafx/event/EventTarget;Ljavafx/event/Event;)V+30
j  com.sun.javafx.stage.WindowPeerListener.closing()V+18
j  com.sun.javafx.tk.quantum.GlassWindowEventHandler.run()Ljava/lang/Void;+640
j  com.sun.javafx.tk.quantum.GlassWindowEventHandler.run()Ljava/lang/Object;+1
J 2218 c1 java.security.AccessController.doPrivileged(Ljava/security/PrivilegedAction;Ljava/security/AccessControlContext;)Ljava/lang/Object; java.base@14.0.1 (17 bytes) @ 0x0000020f1c85c474 [0x0000020f1c85c280+0x00000000000001f4]
j  com.sun.javafx.tk.quantum.GlassWindowEventHandler.lambda$handleWindowEvent$4()Ljava/lang/Void;+10
j  com.sun.javafx.tk.quantum.GlassWindowEventHandler$$Lambda$155.get()Ljava/lang/Object;+4
j  com.sun.javafx.tk.quantum.QuantumToolkit.runWithoutRenderLock(Ljava/util/function/Supplier;)Ljava/lang/Object;+18
j  com.sun.javafx.tk.quantum.GlassWindowEventHandler.handleWindowEvent(Lcom/sun/glass/ui/Window;JI)V+17
j  com.sun.glass.ui.Window.handleWindowEvent(JI)V+14
j  com.sun.glass.ui.Window.notifyClose()V+7
v  ~StubRoutines::call_stub
j  com.sun.glass.ui.win.WinApplication._runLoop(Ljava/lang/Runnable;)V+0
j  com.sun.glass.ui.win.WinApplication.lambda$runLoop$3(ILjava/lang/Runnable;)V+8
j  com.sun.glass.ui.win.WinApplication$$Lambda$59.run()V+12
j  java.lang.Thread.run()V+11 java.base@14.0.1
v  ~StubRoutines::call_stub

siginfo: EXCEPTION_ACCESS_VIOLATION (0xc0000005), reading address 0x0000000043211330


Register to memory mapping:

RIP=0x00007ff9c2bdd00c ntdll.dll
RAX=0x000000004321131f is an unknown value
RBX=0x0000020f4d444458 points into unknown readable memory: 20 13 21 43 00 00 00 00
RCX=0x0000000043211330 is an unknown value
RDX=0x0 is NULL
RSP=0x000000fdb92fcb80 is pointing into the stack for thread: 0x0000020f428d9800
RBP=0x000000fdb92fcd20 is pointing into the stack for thread: 0x0000020f428d9800
RSI=0x0000000043211320 is an unknown value
RDI=0x0 is NULL
R8 =0x000000fdb92fcb78 is pointing into the stack for thread: 0x0000020f428d9800
R9 =0x000000fdb92fcd20 is pointing into the stack for thread: 0x0000020f428d9800
R10=0x0 is NULL
R11=0x0000000000000246 is an unknown value
R12=0x0 is NULL
R13={method} {0x0000020f4b519e50} 'dispose' '()V' in 'dev/onvoid/webrtc/media/video/VideoDeviceSource'
R14=0x00000000c0000008 is an unknown value
R15=0x0 is NULL


Registers:
RAX=0x000000004321131f, RBX=0x0000020f4d444458, RCX=0x0000000043211330, RDX=0x0000000000000000
RSP=0x000000fdb92fcb80, RBP=0x000000fdb92fcd20, RSI=0x0000000043211320, RDI=0x0000000000000000
R8 =0x000000fdb92fcb78, R9 =0x000000fdb92fcd20, R10=0x0000000000000000, R11=0x0000000000000246
R12=0x0000000000000000, R13=0x0000020f4b519e48, R14=0x00000000c0000008, R15=0x0000000000000000
RIP=0x00007ff9c2bdd00c, EFLAGS=0x0000000000010202

Top of Stack: (sp=0x000000fdb92fcb80)
0x000000fdb92fcb80:   0000020f00000000 0000000000000000
0x000000fdb92fcb90:   0000020f4d444430 0000020f4d444430
0x000000fdb92fcba0:   0000020f428d9800 00007ff9452b3b12
0x000000fdb92fcbb0:   0000000000000001 0000000000000000
0x000000fdb92fcbc0:   0000020f4d444430 000000fdb92fcd40
0x000000fdb92fcbd0:   0000020f4d444430 00007ff94529438f
0x000000fdb92fcbe0:   0000020f428d9b10 0000020f428d9b10
0x000000fdb92fcbf0:   000000fdb92fcd20 0000020f428d9800
0x000000fdb92fcc00:   000000fdb92fcd40 00007ff9452943fe
0x000000fdb92fcc10:   0000000000000000 000000000000000f
0x000000fdb92fcc20:   000043a33c7efa14 000000fdb92fcd40
0x000000fdb92fcc30:   0000020f428d9b10 00007ff9452944cb
0x000000fdb92fcc40:   000000fdb92fcc60 0000020f428d9800
0x000000fdb92fcc50:   0000020f428d9b10 0000000000000000
0x000000fdb92fcc60:   0000020f4b519e48 0000020f428d9800
0x000000fdb92fcc70:   0000020f1bcdcda9 0000020f1bce5e47 

Instructions: (pc=0x00007ff9c2bdd00c)
0x00007ff9c2bdcf0c:   e0 f8 04 00 66 83 3d f8 f3 11 00 0a 48 8b 53 58
0x00007ff9c2bdcf1c:   72 42 48 8d 05 1b cf 11 00 48 3b c2 76 2a 65 48
0x00007ff9c2bdcf2c:   8b 0c 25 60 00 00 00 4c 8b c2 33 d2 48 8b 49 30
0x00007ff9c2bdcf3c:   e8 ff 8e fc ff 33 d2 48 8b cb 44 8d 42 60 48 83
0x00007ff9c2bdcf4c:   c4 20 5b e9 6c 67 05 00 48 8d 05 65 d0 11 00 48
0x00007ff9c2bdcf5c:   3b d0 73 ca 48 8d 0d a9 f3 11 00 e8 74 32 05 00
0x00007ff9c2bdcf6c:   eb d3 cc cc cc cc cc cc cc cc cc cc cc cc cc cc
0x00007ff9c2bdcf7c:   cc cc cc cc 48 89 5c 24 08 48 89 74 24 10 48 89
0x00007ff9c2bdcf8c:   7c 24 18 4c 89 74 24 20 41 57 48 83 ec 20 48 8b
0x00007ff9c2bdcf9c:   d9 48 8b 49 18 48 8d 41 ff 48 83 f8 fd 0f 86 69
0x00007ff9c2bdcfac:   c2 06 00 33 ff 44 8b f7 48 8b 33 48 8d 46 ff 48
0x00007ff9c2bdcfbc:   83 f8 fd 76 2f 0f 57 c0 33 c0 0f 11 03 0f 11 43
0x00007ff9c2bdcfcc:   10 48 89 43 20 41 8b c6 48 8b 5c 24 30 48 8b 74
0x00007ff9c2bdcfdc:   24 38 48 8b 7c 24 40 4c 8b 74 24 48 48 83 c4 20
0x00007ff9c2bdcfec:   41 5f c3 cc 44 8b 7b 20 41 81 e7 00 00 00 04 48
0x00007ff9c2bdcffc:   8d 0d 96 f4 11 00 e8 99 0d fd ff 90 48 8d 4e 10
0x00007ff9c2bdd00c:   48 8b 01 48 85 c0 74 1f 48 8b 51 08 48 39 48 08
0x00007ff9c2bdd01c:   75 0e 48 39 0a 75 09 48 89 02 48 89 50 08 eb 07
0x00007ff9c2bdd02c:   b9 03 00 00 00 cd 29 b8 01 00 00 00 f0 48 0f b1
0x00007ff9c2bdd03c:   3d 57 f4 11 00 75 41 0f b7 56 2c c1 e2 10 0f b7
0x00007ff9c2bdd04c:   46 02 03 d0 48 8b 0d d1 cb 11 00 48 85 c9 0f 85
0x00007ff9c2bdd05c:   c7 c1 06 00 0f 57 c0 0f 11 06 0f 11 46 10 0f 11
0x00007ff9c2bdd06c:   46 20 4d 85 ff 0f 85 4a ff ff ff 48 8b ce e8 41
0x00007ff9c2bdd07c:   01 00 00 e9 3d ff ff ff 49 c7 c0 ff ff ff ff 48
0x00007ff9c2bdd08c:   8b c8 83 e1 06 ba 03 00 00 00 48 83 f9 02 49 0f
0x00007ff9c2bdd09c:   45 d0 48 03 d0 f0 48 0f b1 15 ee f3 11 00 75 df
0x00007ff9c2bdd0ac:   48 83 f9 02 75 91 f6 c2 01 0f 85 85 00 00 00 4c
0x00007ff9c2bdd0bc:   8b c2 49 83 e0 f0 4d 8b c8 49 8b 48 08 48 85 c9
0x00007ff9c2bdd0cc:   0f 84 91 00 00 00 4d 3b c8 0f 85 a0 00 00 00 8b
0x00007ff9c2bdd0dc:   41 24 a8 01 74 09 48 8b 41 10 48 85 c0 75 3f 48
0x00007ff9c2bdd0ec:   8b c2 f0 48 0f b1 3d a1 f3 11 00 48 8b d0 75 b6
0x00007ff9c2bdd0fc:   48 8b 79 10 48 8b 41 18 f0 0f ba 69 24 02 f0 0f 


Stack slot to memory mapping:
stack at sp + 0 slots: 0x0000020f00000000 is an unknown value
stack at sp + 1 slots: 0x0 is NULL
stack at sp + 2 slots: 0x0000020f4d444430 points into unknown readable memory: 48 2d 32 45 f9 7f 00 00
stack at sp + 3 slots: 0x0000020f4d444430 points into unknown readable memory: 48 2d 32 45 f9 7f 00 00
stack at sp + 4 slots: 0x0000020f428d9800 is a thread
stack at sp + 5 slots: 0x00007ff9452b3b12 points into unknown readable memory: 48 8b 57 18 48 8b
stack at sp + 6 slots: 0x0000000000000001 is an unknown value
stack at sp + 7 slots: 0x0 is NULL


---------------  P R O C E S S  ---------------

Threads class SMR info:
_java_thread_list=0x0000020f433c0770, length=24, elements={
0x0000020f13521800, 0x0000020f41593000, 0x0000020f41594000, 0x0000020f415aa800,
0x0000020f415ad800, 0x0000020f415af000, 0x0000020f415b2000, 0x0000020f415c1800,
0x0000020f415d6800, 0x0000020f4158d800, 0x0000020f41827800, 0x0000020f4221a800,
0x0000020f42287000, 0x0000020f42fd4000, 0x0000020f428d9800, 0x0000020f4315b000,
0x0000020f434b5800, 0x0000020f4dd97800, 0x0000020f4f2d9800, 0x0000020f4f2d8000,
0x0000020f4a02b800, 0x0000020f4a7fd000, 0x0000020f43370800, 0x0000020f4a02a000
}

Java Threads: ( => current thread )
  0x0000020f13521800 JavaThread "main" [_thread_blocked, id=33964, stack(0x000000fdb7600000,0x000000fdb7700000)]
  0x0000020f41593000 JavaThread "Reference Handler" daemon [_thread_blocked, id=12816, stack(0x000000fdb7d00000,0x000000fdb7e00000)]
  0x0000020f41594000 JavaThread "Finalizer" daemon [_thread_blocked, id=36420, stack(0x000000fdb7e00000,0x000000fdb7f00000)]
  0x0000020f415aa800 JavaThread "Signal Dispatcher" daemon [_thread_blocked, id=6788, stack(0x000000fdb7f00000,0x000000fdb8000000)]
  0x0000020f415ad800 JavaThread "Attach Listener" daemon [_thread_blocked, id=20528, stack(0x000000fdb8000000,0x000000fdb8100000)]
  0x0000020f415af000 JavaThread "Service Thread" daemon [_thread_blocked, id=32936, stack(0x000000fdb8100000,0x000000fdb8200000)]
  0x0000020f415b2000 JavaThread "C2 CompilerThread0" daemon [_thread_blocked, id=4800, stack(0x000000fdb8200000,0x000000fdb8300000)]
  0x0000020f415c1800 JavaThread "C1 CompilerThread0" daemon [_thread_blocked, id=27220, stack(0x000000fdb8300000,0x000000fdb8400000)]
  0x0000020f415d6800 JavaThread "Sweeper thread" daemon [_thread_blocked, id=37492, stack(0x000000fdb8400000,0x000000fdb8500000)]
  0x0000020f4158d800 JavaThread "Common-Cleaner" daemon [_thread_blocked, id=38400, stack(0x000000fdb8500000,0x000000fdb8600000)]
  0x0000020f41827800 JavaThread "JDWP Event Helper Thread" daemon [_thread_blocked, id=20852, stack(0x000000fdb8b00000,0x000000fdb8c00000)]
  0x0000020f4221a800 JavaThread "Notification Thread" daemon [_thread_blocked, id=19800, stack(0x000000fdb8900000,0x000000fdb8a00000)]
  0x0000020f42287000 JavaThread "JavaFX-Launcher" [_thread_blocked, id=31100, stack(0x000000fdb8e00000,0x000000fdb8f00000)]
  0x0000020f42fd4000 JavaThread "InvokeLaterDispatcher" daemon [_thread_blocked, id=14664, stack(0x000000fdb9100000,0x000000fdb9200000)]
=>0x0000020f428d9800 JavaThread "JavaFX Application Thread" [_thread_in_native, id=34172, stack(0x000000fdb9200000,0x000000fdb9300000)]
  0x0000020f4315b000 JavaThread "Thread-2" daemon [_thread_in_vm, id=35176, stack(0x000000fdb9600000,0x000000fdb9700000)]
  0x0000020f434b5800 JavaThread "Prism Font Disposer" daemon [_thread_blocked, id=13824, stack(0x000000fdba600000,0x000000fdba700000)]
  0x0000020f4dd97800 JavaThread "Cleaner-0" daemon [_thread_blocked, id=21024, stack(0x000000fdba900000,0x000000fdbaa00000)]
  0x0000020f4f2d9800 JavaThread "Thread-3" [_thread_blocked, id=12112, stack(0x000000fdbaa00000,0x000000fdbab00000)]
  0x0000020f4f2d8000 JavaThread "Thread-11" [_thread_in_native, id=28580, stack(0x000000fdbc600000,0x000000fdbc700000)]
  0x0000020f4a02b800 JavaThread "Thread-16" [_thread_blocked, id=39624, stack(0x000000fdbd200000,0x000000fdbd300000)]
  0x0000020f4a7fd000 JavaThread "C1 CompilerThread1" daemon [_thread_blocked, id=37784, stack(0x000000fdb7300000,0x000000fdb7400000)]
  0x0000020f43370800 JavaThread "C1 CompilerThread2" daemon [_thread_blocked, id=36752, stack(0x000000fdb7500000,0x000000fdb7600000)]
  0x0000020f4a02a000 JavaThread "SIGINT handler" daemon [_thread_blocked, id=5244, stack(0x000000fdb8600000,0x000000fdb8700000)]

Other Threads:
  0x0000020f40a9b800 VMThread "VM Thread" [stack: 0x000000fdb7c00000,0x000000fdb7d00000] [id=25332] _threads_hazard_ptr=0x0000020f433c0770
  0x0000020f4221c000 WatcherThread [stack: 0x000000fdb8d00000,0x000000fdb8e00000] [id=5612]
  0x0000020f135a4800 GCTaskThread "GC Thread#0" [stack: 0x000000fdb7700000,0x000000fdb7800000] [id=9420]
  0x0000020f43262800 GCTaskThread "GC Thread#1" [stack: 0x000000fdb9700000,0x000000fdb9800000] [id=38808]
  0x0000020f43263000 GCTaskThread "GC Thread#2" [stack: 0x000000fdb9800000,0x000000fdb9900000] [id=30372]
  0x0000020f4329d800 GCTaskThread "GC Thread#3" [stack: 0x000000fdb9900000,0x000000fdb9a00000] [id=17136]
  0x0000020f4329e000 GCTaskThread "GC Thread#4" [stack: 0x000000fdb9a00000,0x000000fdb9b00000] [id=25688]
  0x0000020f432a3000 GCTaskThread "GC Thread#5" [stack: 0x000000fdb9b00000,0x000000fdb9c00000] [id=38240]
  0x0000020f432a3800 GCTaskThread "GC Thread#6" [stack: 0x000000fdb9c00000,0x000000fdb9d00000] [id=18476]
  0x0000020f432a4800 GCTaskThread "GC Thread#7" [stack: 0x000000fdb9d00000,0x000000fdb9e00000] [id=27572]
  0x0000020f432a5800 GCTaskThread "GC Thread#8" [stack: 0x000000fdb9e00000,0x000000fdb9f00000] [id=39780]
  0x0000020f432a6800 GCTaskThread "GC Thread#9" [stack: 0x000000fdb9f00000,0x000000fdba000000] [id=3172]
  0x0000020f432a8000 GCTaskThread "GC Thread#10" [stack: 0x000000fdba000000,0x000000fdba100000] [id=11068]
  0x0000020f432bf000 GCTaskThread "GC Thread#11" [stack: 0x000000fdba100000,0x000000fdba200000] [id=36320]
  0x0000020f4a01e000 GCTaskThread "GC Thread#12" [stack: 0x000000fdbd100000,0x000000fdbd200000] [id=37424]
  0x0000020f135c7000 ConcurrentGCThread "G1 Main Marker" [stack: 0x000000fdb7800000,0x000000fdb7900000] [id=39328]
  0x0000020f135c8800 ConcurrentGCThread "G1 Conc#0" [stack: 0x000000fdb7900000,0x000000fdb7a00000] [id=15324]
  0x0000020f40a47000 ConcurrentGCThread "G1 Refine#0" [stack: 0x000000fdb7a00000,0x000000fdb7b00000] [id=34396]
  0x0000020f40a48000 ConcurrentGCThread "G1 Young RemSet Sampling" [stack: 0x000000fdb7b00000,0x000000fdb7c00000] [id=24836]

Threads with active compile tasks:
C2 CompilerThread0   258247 3016       4       java.lang.invoke.MethodType$ConcurrentWeakInternSet::expungeStaleElements (27 bytes)

VM state:not at safepoint (normal execution)

VM Mutex/Monitor currently owned by a thread:  ([mutex/lock_event])
[0x0000020f1351cd10] Compile_lock - owner thread: 0x0000020f4a02b800

Heap address: 0x0000000604800000, size: 8120 MB, Compressed Oops mode: Zero based, Oop shift amount: 3
Narrow klass base: 0x0000000800000000, Narrow klass shift: 3
Compressed class space size: 1073741824 Address: 0x0000000800b30000

Heap:
 garbage-first heap   total 81920K, used 20731K [0x0000000604800000, 0x0000000800000000)
  region size 2048K, 5 young (10240K), 0 survivors (0K)
 Metaspace       used 20029K, capacity 20713K, committed 20992K, reserved 1067008K
  class space    used 2738K, capacity 3020K, committed 3072K, reserved 1048576K
Heap Regions: E=young(eden), S=young(survivor), O=old, HS=humongous(starts), HC=humongous(continues), CS=collection set, F=free, OA=open archive, CA=closed archive, TAMS=top-at-mark-start (previous, next)
|   0|0x0000000604800000, 0x0000000604a00000, 0x0000000604a00000|100%|HS|  |TAMS 0x0000000604800000, 0x0000000604800000| Untracked 
|   1|0x0000000604a00000, 0x0000000604bfcdc8, 0x0000000604c00000| 99%| O|  |TAMS 0x0000000604a00000, 0x0000000604a00000| Untracked 
|   2|0x0000000604c00000, 0x0000000604d10f38, 0x0000000604e00000| 53%| O|  |TAMS 0x0000000604c00000, 0x0000000604c00000| Untracked 
|   3|0x0000000604e00000, 0x0000000604e2ad70, 0x0000000605000000|  8%| O|  |TAMS 0x0000000604e00000, 0x0000000604e00000| Untracked 
|   4|0x0000000605000000, 0x000000060513d9a0, 0x0000000605200000| 62%| O|  |TAMS 0x0000000605000000, 0x0000000605000000| Untracked 
|   5|0x0000000605200000, 0x00000006053f9888, 0x0000000605400000| 98%| O|  |TAMS 0x0000000605200000, 0x0000000605200000| Untracked 
|   6|0x0000000605400000, 0x0000000605400f30, 0x0000000605600000|  0%| O|  |TAMS 0x0000000605400000, 0x0000000605400000| Untracked 
|   7|0x0000000605600000, 0x00000006056e2f80, 0x0000000605800000| 44%| O|  |TAMS 0x0000000605600000, 0x0000000605600000| Untracked 
|   8|0x0000000605800000, 0x00000006058e21c0, 0x0000000605a00000| 44%| O|  |TAMS 0x0000000605800000, 0x0000000605800000| Untracked 
|   9|0x0000000605a00000, 0x0000000605a516a8, 0x0000000605c00000| 15%| O|  |TAMS 0x0000000605a00000, 0x0000000605a00000| Untracked 
|  10|0x0000000605c00000, 0x0000000605d77e50, 0x0000000605e00000| 73%| O|  |TAMS 0x0000000605c00000, 0x0000000605c00000| Untracked 
|  11|0x0000000605e00000, 0x0000000605e3fa08, 0x0000000606000000| 12%| O|  |TAMS 0x0000000605e00000, 0x0000000605e00000| Untracked 
|  12|0x0000000606000000, 0x0000000606000000, 0x0000000606200000|  0%| F|  |TAMS 0x0000000606000000, 0x0000000606000000| Untracked 
|  13|0x0000000606200000, 0x0000000606200000, 0x0000000606400000|  0%| F|  |TAMS 0x0000000606200000, 0x0000000606200000| Untracked 
|  14|0x0000000606400000, 0x0000000606400000, 0x0000000606600000|  0%| F|  |TAMS 0x0000000606400000, 0x0000000606400000| Untracked 
|  15|0x0000000606600000, 0x0000000606600000, 0x0000000606800000|  0%| F|  |TAMS 0x0000000606600000, 0x0000000606600000| Untracked 
|  16|0x0000000606800000, 0x0000000606800000, 0x0000000606a00000|  0%| F|  |TAMS 0x0000000606800000, 0x0000000606800000| Untracked 
|  17|0x0000000606a00000, 0x0000000606a00000, 0x0000000606c00000|  0%| F|  |TAMS 0x0000000606a00000, 0x0000000606a00000| Untracked 
|  18|0x0000000606c00000, 0x0000000606c00000, 0x0000000606e00000|  0%| F|  |TAMS 0x0000000606c00000, 0x0000000606c00000| Untracked 
|  19|0x0000000606e00000, 0x0000000606e00000, 0x0000000607000000|  0%| F|  |TAMS 0x0000000606e00000, 0x0000000606e00000| Untracked 
|  20|0x0000000607000000, 0x0000000607000000, 0x0000000607200000|  0%| F|  |TAMS 0x0000000607000000, 0x0000000607000000| Untracked 
|  21|0x0000000607200000, 0x0000000607200000, 0x0000000607400000|  0%| F|  |TAMS 0x0000000607200000, 0x0000000607200000| Untracked 
|  22|0x0000000607400000, 0x0000000607400000, 0x0000000607600000|  0%| F|  |TAMS 0x0000000607400000, 0x0000000607400000| Untracked 
|  23|0x0000000607600000, 0x0000000607600000, 0x0000000607800000|  0%| F|  |TAMS 0x0000000607600000, 0x0000000607600000| Untracked 
|  24|0x0000000607800000, 0x0000000607800000, 0x0000000607a00000|  0%| F|  |TAMS 0x0000000607800000, 0x0000000607800000| Untracked 
|  25|0x0000000607a00000, 0x0000000607a00000, 0x0000000607c00000|  0%| F|  |TAMS 0x0000000607a00000, 0x0000000607a00000| Untracked 
|  26|0x0000000607c00000, 0x0000000607c00000, 0x0000000607e00000|  0%| F|  |TAMS 0x0000000607c00000, 0x0000000607c00000| Untracked 
|  27|0x0000000607e00000, 0x0000000607e00000, 0x0000000608000000|  0%| F|  |TAMS 0x0000000607e00000, 0x0000000607e00000| Untracked 
|  28|0x0000000608000000, 0x0000000608000000, 0x0000000608200000|  0%| F|  |TAMS 0x0000000608000000, 0x0000000608000000| Untracked 
|  29|0x0000000608200000, 0x0000000608200000, 0x0000000608400000|  0%| F|  |TAMS 0x0000000608200000, 0x0000000608200000| Untracked 
|  30|0x0000000608400000, 0x0000000608400000, 0x0000000608600000|  0%| F|  |TAMS 0x0000000608400000, 0x0000000608400000| Untracked 
|  31|0x0000000608600000, 0x0000000608600000, 0x0000000608800000|  0%| F|  |TAMS 0x0000000608600000, 0x0000000608600000| Untracked 
|  32|0x0000000608800000, 0x0000000608800000, 0x0000000608a00000|  0%| F|  |TAMS 0x0000000608800000, 0x0000000608800000| Untracked 
|  33|0x0000000608a00000, 0x0000000608a00000, 0x0000000608c00000|  0%| F|  |TAMS 0x0000000608a00000, 0x0000000608a00000| Untracked 
|  34|0x0000000608c00000, 0x0000000608c00000, 0x0000000608e00000|  0%| F|  |TAMS 0x0000000608c00000, 0x0000000608c00000| Untracked 
|  35|0x0000000608e00000, 0x0000000608ed3240, 0x0000000609000000| 41%| E|  |TAMS 0x0000000608e00000, 0x0000000608e00000| Complete 
|  36|0x0000000609000000, 0x0000000609200000, 0x0000000609200000|100%| E|CS|TAMS 0x0000000609000000, 0x0000000609000000| Complete 
|  37|0x0000000609200000, 0x0000000609400000, 0x0000000609400000|100%| E|CS|TAMS 0x0000000609200000, 0x0000000609200000| Complete 
|  38|0x0000000609400000, 0x0000000609600000, 0x0000000609600000|100%| E|CS|TAMS 0x0000000609400000, 0x0000000609400000| Complete 
|  39|0x0000000609600000, 0x0000000609800000, 0x0000000609800000|100%| E|CS|TAMS 0x0000000609600000, 0x0000000609600000| Complete 

Card table byte_map: [0x0000020f2c550000,0x0000020f2d530000] _byte_map_base: 0x0000020f2952c000

Marking Bits (Prev, Next): (CMBitMap*) 0x0000020f135a6458, (CMBitMap*) 0x0000020f135a6498
 Prev Bits: [0x0000020f2e510000, 0x0000020f363f0000)
 Next Bits: [0x0000020f363f0000, 0x0000020f3e2d0000)

Polling page: 0x0000020f11540000

Metaspace:

Usage:
  Non-class:     17.28 MB capacity,    16.89 MB ( 98%) used,   326.39 KB (  2%) free+waste,    74.94 KB ( <1%) overhead. 
      Class:      2.95 MB capacity,     2.67 MB ( 91%) used,   243.87 KB (  8%) free+waste,    38.06 KB (  1%) overhead. 
       Both:     20.23 MB capacity,    19.56 MB ( 97%) used,   570.26 KB (  3%) free+waste,   113.00 KB ( <1%) overhead. 

Virtual space:
  Non-class space:       18.00 MB reserved,      17.50 MB ( 97%) committed 
      Class space:        1.00 GB reserved,       3.00 MB ( <1%) committed 
             Both:        1.02 GB reserved,      20.50 MB (  2%) committed 

Chunk freelists:
   Non-Class:  35.00 KB
       Class:  20.00 KB
        Both:  55.00 KB

MaxMetaspaceSize: 17179869184.00 GB
CompressedClassSpaceSize: 1.00 GB

CodeHeap 'non-profiled nmethods': size=119168Kb used=1146Kb max_used=1349Kb free=118021Kb
 bounds [0x0000020f23870000, 0x0000020f23ae0000, 0x0000020f2acd0000]
CodeHeap 'profiled nmethods': size=119104Kb used=5139Kb max_used=5781Kb free=113964Kb
 bounds [0x0000020f1c420000, 0x0000020f1c9d0000, 0x0000020f23870000]
CodeHeap 'non-nmethods': size=7488Kb used=2876Kb max_used=3459Kb free=4611Kb
 bounds [0x0000020f1bcd0000, 0x0000020f1c040000, 0x0000020f1c420000]
 total_blobs=4952 nmethods=2695 adapters=967
 compilation: enabled
              stopped_count=0, restarted_count=0
 full_count=0

Compilation events (20 events):
Event: 15.966 Thread 0x0000020f415b2000 nmethod 2792 0x0000020f239b2910 code [0x0000020f239b3480, 0x0000020f239bc7d8]
Event: 17.563 Thread 0x0000020f415c1800 2921       3       sun.security.util.ObjectIdentifier::equals (33 bytes)
Event: 17.570 Thread 0x0000020f415c1800 nmethod 2921 0x0000020f1c9bef90 code [0x0000020f1c9bf140, 0x0000020f1c9bf568]
Event: 17.570 Thread 0x0000020f415c1800 2922       1       sun.security.x509.Extension::getExtensionId (5 bytes)
Event: 17.570 Thread 0x0000020f415c1800 nmethod 2922 0x0000020f239c0810 code [0x0000020f239c09a0, 0x0000020f239c0a78]
Event: 17.570 Thread 0x0000020f415c1800 2923       1       sun.security.x509.Extension::isCritical (5 bytes)
Event: 17.571 Thread 0x0000020f415c1800 nmethod 2923 0x0000020f239c0b10 code [0x0000020f239c0ca0, 0x0000020f239c0d78]
Event: 17.572 Thread 0x0000020f415c1800 2924       1       sun.security.x509.Extension::getExtensionValue (5 bytes)
Event: 17.572 Thread 0x0000020f415c1800 nmethod 2924 0x0000020f239c0e10 code [0x0000020f239c0fa0, 0x0000020f239c1078]
Event: 20.314 Thread 0x0000020f415c1800 2925       3       sun.security.util.DerValue::isContextSpecific (20 bytes)
Event: 20.314 Thread 0x0000020f415c1800 nmethod 2925 0x0000020f1c9bf690 code [0x0000020f1c9bf820, 0x0000020f1c9bf9b8]
Event: 20.314 Thread 0x0000020f415c1800 2926       3       sun.security.util.BitArray::get (47 bytes)
Event: 20.314 Thread 0x0000020f415c1800 nmethod 2926 0x0000020f1c9bfa90 code [0x0000020f1c9bfc80, 0x0000020f1c9c00d8]
Event: 20.314 Thread 0x0000020f415c1800 2927       3       sun.security.util.BitArray::subscript (5 bytes)
Event: 20.315 Thread 0x0000020f415c1800 nmethod 2927 0x0000020f1c9c0310 code [0x0000020f1c9c04a0, 0x0000020f1c9c05b8]
Event: 20.315 Thread 0x0000020f415c1800 2928       3       sun.security.util.BitArray::position (10 bytes)
Event: 20.315 Thread 0x0000020f415c1800 nmethod 2928 0x0000020f1c9c0690 code [0x0000020f1c9c0820, 0x0000020f1c9c0938]
Event: 30.039 Thread 0x0000020f415c1800 2929       1       sun.security.util.DerValue::length (5 bytes)
Event: 30.039 Thread 0x0000020f415c1800 nmethod 2929 0x0000020f239c1110 code [0x0000020f239c12a0, 0x0000020f239c1378]
Event: 258.181 Thread 0x0000020f415c1800 2930       3       sun.util.calendar.Gregorian$Date::getNormalizedYear (5 bytes)

GC Heap History (8 events):
Event: 1.155 GC heap before
{Heap before GC invocations=0 (full 0):
 garbage-first heap   total 520192K, used 24576K [0x0000000604800000, 0x0000000800000000)
  region size 2048K, 12 young (24576K), 0 survivors (0K)
 Metaspace       used 6693K, capacity 9068K, committed 9344K, reserved 1056768K
  class space    used 766K, capacity 1053K, committed 1152K, reserved 1048576K
}
Event: 1.159 GC heap after
{Heap after GC invocations=1 (full 0):
 garbage-first heap   total 520192K, used 3353K [0x0000000604800000, 0x0000000800000000)
  region size 2048K, 2 young (4096K), 2 survivors (4096K)
 Metaspace       used 6693K, capacity 9068K, committed 9344K, reserved 1056768K
  class space    used 766K, capacity 1053K, committed 1152K, reserved 1048576K
}
Event: 3.096 GC heap before
{Heap before GC invocations=1 (full 0):
 garbage-first heap   total 520192K, used 44313K [0x0000000604800000, 0x0000000800000000)
  region size 2048K, 21 young (43008K), 2 survivors (4096K)
 Metaspace       used 16131K, capacity 17351K, committed 17536K, reserved 1064960K
  class space    used 2346K, capacity 2648K, committed 2688K, reserved 1048576K
}
Event: 3.103 GC heap after
{Heap after GC invocations=2 (full 0):
 garbage-first heap   total 520192K, used 9123K [0x0000000604800000, 0x0000000800000000)
  region size 2048K, 2 young (4096K), 2 survivors (4096K)
 Metaspace       used 16131K, capacity 17351K, committed 17536K, reserved 1064960K
  class space    used 2346K, capacity 2648K, committed 2688K, reserved 1048576K
}
Event: 8.415 GC heap before
{Heap before GC invocations=2 (full 0):
 garbage-first heap   total 520192K, used 211875K [0x0000000604800000, 0x0000000800000000)
  region size 2048K, 102 young (208896K), 2 survivors (4096K)
 Metaspace       used 17741K, capacity 18404K, committed 18688K, reserved 1064960K
  class space    used 2504K, capacity 2745K, committed 2816K, reserved 1048576K
}
Event: 8.420 GC heap after
{Heap after GC invocations=3 (full 0):
 garbage-first heap   total 520192K, used 11910K [0x0000000604800000, 0x0000000800000000)
  region size 2048K, 4 young (8192K), 4 survivors (8192K)
 Metaspace       used 17741K, capacity 18404K, committed 18688K, reserved 1064960K
  class space    used 2504K, capacity 2745K, committed 2816K, reserved 1048576K
}
Event: 14.785 GC heap before
{Heap before GC invocations=3 (full 0):
 garbage-first heap   total 520192K, used 69254K [0x0000000604800000, 0x0000000800000000)
  region size 2048K, 34 young (69632K), 4 survivors (8192K)
 Metaspace       used 17859K, capacity 18538K, committed 18688K, reserved 1064960K
  class space    used 2516K, capacity 2811K, committed 2816K, reserved 1048576K
}
Event: 14.822 GC heap after
{Heap after GC invocations=4 (full 1):
 garbage-first heap   total 81920K, used 12539K [0x0000000604800000, 0x0000000800000000)
  region size 2048K, 0 young (0K), 0 survivors (0K)
 Metaspace       used 17859K, capacity 18538K, committed 18688K, reserved 1064960K
  class space    used 2516K, capacity 2811K, committed 2816K, reserved 1048576K
}

Deoptimization events (20 events):
Event: 15.517 Thread 0x0000020f4a02b800 DEOPT PACKING pc=0x0000020f239a640c sp=0x000000fdbd2fcea0
Event: 15.517 Thread 0x0000020f4a02b800 DEOPT UNPACKING pc=0x0000020f1bd1912f sp=0x000000fdbd2fce38 mode 2
Event: 15.523 Thread 0x0000020f4a02b800 Uncommon trap: trap_request=0xffffffde fr.pc=0x0000020f239a640c relative=0x000000000000178c
Event: 15.523 Thread 0x0000020f4a02b800 Uncommon trap: reason=class_check action=maybe_recompile pc=0x0000020f239a640c method=java.util.HashMap.putVal(ILjava/lang/Object;Ljava/lang/Object;ZZ)Ljava/lang/Object; @ 203 c2
Event: 15.523 Thread 0x0000020f4a02b800 DEOPT PACKING pc=0x0000020f239a640c sp=0x000000fdbd2fcea0
Event: 15.523 Thread 0x0000020f4a02b800 DEOPT UNPACKING pc=0x0000020f1bd1912f sp=0x000000fdbd2fce38 mode 2
Event: 15.545 Thread 0x0000020f4a02b800 Uncommon trap: trap_request=0xffffffde fr.pc=0x0000020f239a640c relative=0x000000000000178c
Event: 15.545 Thread 0x0000020f4a02b800 Uncommon trap: reason=class_check action=maybe_recompile pc=0x0000020f239a640c method=java.util.HashMap.putVal(ILjava/lang/Object;Ljava/lang/Object;ZZ)Ljava/lang/Object; @ 203 c2
Event: 15.545 Thread 0x0000020f4a02b800 DEOPT PACKING pc=0x0000020f239a640c sp=0x000000fdbd2fcea0
Event: 15.545 Thread 0x0000020f4a02b800 DEOPT UNPACKING pc=0x0000020f1bd1912f sp=0x000000fdbd2fce38 mode 2
Event: 15.606 Thread 0x0000020f4a02b800 Uncommon trap: trap_request=0xffffff45 fr.pc=0x0000020f2398ab14 relative=0x0000000000000514
Event: 15.606 Thread 0x0000020f4a02b800 Uncommon trap: reason=unstable_if action=reinterpret pc=0x0000020f2398ab14 method=java.io.BufferedInputStream.read([BII)I @ 31 c2
Event: 15.606 Thread 0x0000020f4a02b800 DEOPT PACKING pc=0x0000020f2398ab14 sp=0x000000fdbd2fe900
Event: 15.606 Thread 0x0000020f4a02b800 DEOPT UNPACKING pc=0x0000020f1bd1912f sp=0x000000fdbd2fe898 mode 2
Event: 15.611 Thread 0x0000020f4a02b800 Uncommon trap: trap_request=0xffffff45 fr.pc=0x0000020f2396d298 relative=0x0000000000000478
Event: 15.611 Thread 0x0000020f4a02b800 Uncommon trap: reason=unstable_if action=reinterpret pc=0x0000020f2396d298 method=java.io.ByteArrayInputStream.read([BII)I @ 16 c2
Event: 15.611 Thread 0x0000020f4a02b800 DEOPT PACKING pc=0x0000020f2396d298 sp=0x000000fdbd2fe670
Event: 15.611 Thread 0x0000020f4a02b800 DEOPT UNPACKING pc=0x0000020f1bd1912f sp=0x000000fdbd2fe640 mode 2
Event: 15.836 Thread 0x0000020f4a02b800 DEOPT PACKING pc=0x0000020f1c9878bd sp=0x000000fdbd2fe7d0
Event: 15.836 Thread 0x0000020f4a02b800 DEOPT UNPACKING pc=0x0000020f1bd1964e sp=0x000000fdbd2fdc50 mode 0

Classes unloaded (0 events):
No events

Classes redefined (0 events):
No events

Internal exceptions (20 events):
Event: 1.109 Thread 0x0000020f428d9800 Exception <a 'java/lang/NoSuchMethodError'{0x0000000622fe8be0}: 'java.lang.Object java.lang.invoke.DirectMethodHandle$Holder.invokeStaticInit(java.lang.Object, java.lang.Object, java.lang.Object, java.lang.Object)'> (0x0000000622fe8be0) 
thrown [./open/src/hotspot/share/interpreter/linkResolver.cpp, line 766]
Event: 1.110 Thread 0x0000020f428d9800 Exception <a 'java/lang/NullPointerException'{0x0000000622ff2f98}> (0x0000000622ff2f98) 
thrown [./open/src/hotspot/share/interpreter/linkResolver.cpp, line 1348]
Event: 1.117 Thread 0x0000020f428d9800 Exception <a 'java/lang/NoSuchMethodError'{0x0000000622c324d0}: 'void java.lang.invoke.DirectMethodHandle$Holder.invokeSpecial(java.lang.Object, java.lang.Object, java.lang.Object, java.lang.Object, java.lang.Object)'> (0x0000000622c324d0) 
thrown [./open/src/hotspot/share/interpreter/linkResolver.cpp, line 766]
Event: 1.368 Thread 0x0000020f428d9800 Exception <a 'java/lang/NoSuchMethodError'{0x000000062381aed8}: 'void java.lang.invoke.DirectMethodHandle$Holder.invokeStaticInit(java.lang.Object, java.lang.Object)'> (0x000000062381aed8) 
thrown [./open/src/hotspot/share/interpreter/linkResolver.cpp, line 766]
Event: 1.411 Thread 0x0000020f428d9800 Exception <a 'java/lang/NoSuchMethodError'{0x00000006239c3d08}: 'void java.lang.invoke.DirectMethodHandle$Holder.invokeSpecial(java.lang.Object, java.lang.Object, java.lang.Object, java.lang.Object)'> (0x00000006239c3d08) 
thrown [./open/src/hotspot/share/interpreter/linkResolver.cpp, line 766]
Event: 1.506 Thread 0x0000020f428d9800 Implicit null exception at 0x0000020f238cf948 to 0x0000020f238cff0c
Event: 1.711 Thread 0x0000020f428d9800 Exception <a 'java/lang/NoSuchMethodError'{0x0000000622e8c470}: 'java.lang.Object java.lang.invoke.Invokers$Holder.linkToTargetMethod(java.lang.Object, int, java.lang.Object)'> (0x0000000622e8c470) 
thrown [./open/src/hotspot/share/interpreter/linkResolver.cpp, line 766]
Event: 1.726 Thread 0x0000020f428d9800 Exception <a 'java/lang/NoSuchMethodError'{0x0000000622f06530}: 'java.lang.Object java.lang.invoke.DirectMethodHandle$Holder.invokeInterface(java.lang.Object, java.lang.Object, java.lang.Object)'> (0x0000000622f06530) 
thrown [./open/src/hotspot/share/interpreter/linkResolver.cpp, line 766]
Event: 1.727 Thread 0x0000020f428d9800 Exception <a 'java/lang/IncompatibleClassChangeError'{0x0000000622f09628}: Found class java.lang.Object, but interface was expected> (0x0000000622f09628) 
thrown [./open/src/hotspot/share/interpreter/linkResolver.cpp, line 832]
Event: 2.005 Thread 0x0000020f428d9800 Exception <a 'java/lang/NoSuchMethodError'{0x00000006221012b0}: 'long java.lang.invoke.DirectMethodHandle$Holder.invokeStatic(java.lang.Object, java.lang.Object, java.lang.Object)'> (0x00000006221012b0) 
thrown [./open/src/hotspot/share/interpreter/linkResolver.cpp, line 766]
Event: 2.006 Thread 0x0000020f428d9800 Exception <a 'java/lang/NoSuchMethodError'{0x0000000622103f58}: 'long java.lang.invoke.DirectMethodHandle$Holder.invokeStaticInit(java.lang.Object, java.lang.Object, java.lang.Object)'> (0x0000000622103f58) 
thrown [./open/src/hotspot/share/interpreter/linkResolver.cpp, line 766]
Event: 2.010 Thread 0x0000020f428d9800 Exception <a 'java/lang/NoSuchMethodError'{0x00000006221f1930}: 'java.lang.Object java.lang.invoke.Invokers$Holder.linkToTargetMethod(java.lang.Object, long, java.lang.Object)'> (0x00000006221f1930) 
thrown [./open/src/hotspot/share/interpreter/linkResolver.cpp, line 766]
Event: 2.039 Thread 0x0000020f427c3800 Exception <a 'java/lang/NoSuchMethodError'{0x0000000621ea0798}: 'int java.lang.invoke.DirectMethodHandle$Holder.invokeStaticInit(java.lang.Object, java.lang.Object)'> (0x0000000621ea0798) 
thrown [./open/src/hotspot/share/interpreter/linkResolver.cpp, line 766]
Event: 2.217 Thread 0x0000020f427c3800 Exception <a 'java/lang/NoSuchMethodError'{0x0000000621ae62c0}: 'java.lang.Object java.lang.invoke.DirectMethodHandle$Holder.invokeStaticInit(java.lang.Object, int)'> (0x0000000621ae62c0) 
thrown [./open/src/hotspot/share/interpreter/linkResolver.cpp, line 766]
Event: 3.095 Thread 0x0000020f428d9800 Exception <a 'java/lang/NoSuchMethodError'{0x0000000621f688d0}: 'java.lang.Object java.lang.invoke.DirectMethodHandle$Holder.invokeStatic(java.lang.Object, java.lang.Object, int, int, int, int, int, java.lang.Object)'> (0x0000000621f688d0) 
thrown [./open/src/hotspot/share/interpreter/linkResolver.cpp, line 766]
Event: 3.106 Thread 0x0000020f428d9800 Exception <a 'java/lang/NoSuchMethodError'{0x00000006242062f8}: 'java.lang.Object java.lang.invoke.DirectMethodHandle$Holder.invokeStatic(java.lang.Object, java.lang.Object, java.lang.Object, int, int, int, int, int)'> (0x00000006242062f8) 
thrown [./open/src/hotspot/share/interpreter/linkResolver.cpp, line 766]
Event: 3.106 Thread 0x0000020f428d9800 Exception <a 'java/lang/NoSuchMethodError'{0x000000062420c170}: 'java.lang.Object java.lang.invoke.Invokers$Holder.linkToTargetMethod(java.lang.Object, java.lang.Object, int, int, int, int, int, java.lang.Object)'> (0x000000062420c170) 
thrown [./open/src/hotspot/share/interpreter/linkResolver.cpp, line 766]
Event: 3.169 Thread 0x0000020f428d9800 Exception <a 'java/lang/NoSuchMethodError'{0x000000062429aec8}: 'java.lang.Object java.lang.invoke.DirectMethodHandle$Holder.invokeStaticInit(java.lang.Object, int, int, int, int)'> (0x000000062429aec8) 
thrown [./open/src/hotspot/share/interpreter/linkResolver.cpp, line 766]
Event: 3.216 Thread 0x0000020f428d9800 Exception <a 'java/lang/NoSuchMethodError'{0x0000000624188ba0}: 'java.lang.Object java.lang.invoke.DirectMethodHandle$Holder.invokeStaticInit(java.lang.Object, java.lang.Object, int, int, int, int)'> (0x0000000624188ba0) 
thrown [./open/src/hotspot/share/interpreter/linkResolver.cpp, line 766]
Event: 9.141 Thread 0x0000020f4f2d9800 Exception <a 'java/lang/InterruptedException'{0x00000006210cd4c0}: sleep interrupted> (0x00000006210cd4c0) 
thrown [./open/src/hotspot/share/prims/jvm.cpp, line 3074]

Events (20 events):
Event: 56.251 Executing VM operation: GetStackTrace
Event: 56.251 Executing VM operation: GetStackTrace done
Event: 56.252 Executing VM operation: GetFrameCount
Event: 56.252 Executing VM operation: GetFrameCount done
Event: 56.252 Executing VM operation: GetStackTrace
Event: 56.252 Executing VM operation: GetStackTrace done
Event: 56.262 Executing VM operation: GetFrameCount
Event: 56.262 Executing VM operation: GetFrameCount done
Event: 56.262 Executing VM operation: GetStackTrace
Event: 56.263 Executing VM operation: GetStackTrace done
Event: 253.898 Executing VM operation: ChangeBreakpoints
Event: 253.899 Executing VM operation: ChangeBreakpoints done
Event: 253.901 Executing VM operation: ChangeBreakpoints
Event: 253.902 Executing VM operation: ChangeBreakpoints done
Event: 258.181 Thread 0x0000020f4f2db800 Thread exited: 0x0000020f4f2db800
Event: 258.181 Thread 0x0000020f4182a800 Thread exited: 0x0000020f4182a800
Event: 258.181 Executing VM operation: ChangeBreakpoints
Event: 258.181 Executing VM operation: ChangeBreakpoints done
Event: 258.181 Thread 0x0000020f4f2da800 Thread exited: 0x0000020f4f2da800
Event: 258.181 Executing VM operation: ChangeBreakpoints


Dynamic libraries:
0x00007ff7b32d0000 - 0x00007ff7b32df000 	C:\Program Files\Java\jdk-14.0.1\bin\java.exe
0x00007ff9c2b90000 - 0x00007ff9c2d86000 	C:\WINDOWS\SYSTEM32\ntdll.dll
0x00007ff9c1630000 - 0x00007ff9c16ed000 	C:\WINDOWS\System32\KERNEL32.DLL
0x00007ff9c0820000 - 0x00007ff9c0ae9000 	C:\WINDOWS\System32\KERNELBASE.dll
0x00007ff9c0640000 - 0x00007ff9c0740000 	C:\WINDOWS\System32\ucrtbase.dll
0x00007ff9b9cd0000 - 0x00007ff9b9ce8000 	C:\Program Files\Java\jdk-14.0.1\bin\jli.dll
0x00007ff9b6340000 - 0x00007ff9b6355000 	C:\Program Files\Java\jdk-14.0.1\bin\VCRUNTIME140.dll
0x00007ff9c1fc0000 - 0x00007ff9c206c000 	C:\WINDOWS\System32\ADVAPI32.dll
0x00007ff9c22e0000 - 0x00007ff9c237e000 	C:\WINDOWS\System32\msvcrt.dll
0x00007ff9c0fb0000 - 0x00007ff9c104c000 	C:\WINDOWS\System32\sechost.dll
0x00007ff9c1090000 - 0x00007ff9c11bb000 	C:\WINDOWS\System32\RPCRT4.dll
0x00007ff9c12f0000 - 0x00007ff9c1490000 	C:\WINDOWS\System32\USER32.dll
0x00007ff9a9ff0000 - 0x00007ff9aa28b000 	C:\WINDOWS\WinSxS\amd64_microsoft.windows.common-controls_6595b64144ccf1df_6.0.19041.746_none_ca02b4b61b8320a4\COMCTL32.dll
0x00007ff9c07f0000 - 0x00007ff9c0812000 	C:\WINDOWS\System32\win32u.dll
0x00007ff9c2070000 - 0x00007ff9c209a000 	C:\WINDOWS\System32\GDI32.dll
0x00007ff9c0320000 - 0x00007ff9c042b000 	C:\WINDOWS\System32\gdi32full.dll
0x00007ff9c0b50000 - 0x00007ff9c0bed000 	C:\WINDOWS\System32\msvcp_win.dll
0x00007ff9b4a00000 - 0x00007ff9b4a0a000 	C:\WINDOWS\SYSTEM32\VERSION.dll
0x00007ff9c1060000 - 0x00007ff9c1090000 	C:\WINDOWS\System32\IMM32.DLL
0x00007ff9b5c80000 - 0x00007ff9b5d1b000 	C:\Program Files\Java\jdk-14.0.1\bin\msvcp140.dll
0x00007ff9638a0000 - 0x00007ff9643be000 	C:\Program Files\Java\jdk-14.0.1\bin\server\jvm.dll
0x00007ff9c16f0000 - 0x00007ff9c16f8000 	C:\WINDOWS\System32\PSAPI.DLL
0x00007ff9a2280000 - 0x00007ff9a2289000 	C:\WINDOWS\SYSTEM32\WSOCK32.dll
0x00007ff9aa450000 - 0x00007ff9aa477000 	C:\WINDOWS\SYSTEM32\WINMM.dll
0x00007ff9c2140000 - 0x00007ff9c21ab000 	C:\WINDOWS\System32\WS2_32.dll
0x00007ff9beb60000 - 0x00007ff9beb72000 	C:\WINDOWS\SYSTEM32\kernel.appcore.dll
0x00007ff9b8140000 - 0x00007ff9b814a000 	C:\Program Files\Java\jdk-14.0.1\bin\jimage.dll
0x00007ff9be1b0000 - 0x00007ff9be394000 	C:\WINDOWS\SYSTEM32\DBGHELP.DLL
0x00007ff9a0620000 - 0x00007ff9a064c000 	C:\WINDOWS\SYSTEM32\dbgcore.DLL
0x00007ff9c0740000 - 0x00007ff9c07c0000 	C:\WINDOWS\System32\bcryptPrimitives.dll
0x00007ff9863e0000 - 0x00007ff986418000 	C:\Program Files\Java\jdk-14.0.1\bin\jdwp.dll
0x00007ff9b5c50000 - 0x00007ff9b5c75000 	C:\Program Files\Java\jdk-14.0.1\bin\java.dll
0x00007ff9b5be0000 - 0x00007ff9b5bee000 	C:\Program Files\Java\jdk-14.0.1\bin\instrument.dll
0x00007ff9b5c30000 - 0x00007ff9b5c46000 	C:\Program Files\Java\jdk-14.0.1\bin\zip.dll
0x00007ff9c1700000 - 0x00007ff9c1e42000 	C:\WINDOWS\System32\SHELL32.dll
0x00007ff9be3c0000 - 0x00007ff9beb50000 	C:\WINDOWS\SYSTEM32\windows.storage.dll
0x00007ff9c0bf0000 - 0x00007ff9c0f46000 	C:\WINDOWS\System32\combase.dll
0x00007ff9bfc60000 - 0x00007ff9bfc8c000 	C:\WINDOWS\SYSTEM32\Wldp.dll
0x00007ff9c1f10000 - 0x00007ff9c1fbe000 	C:\WINDOWS\System32\SHCORE.dll
0x00007ff9c1eb0000 - 0x00007ff9c1f05000 	C:\WINDOWS\System32\shlwapi.dll
0x00007ff9c0200000 - 0x00007ff9c0226000 	C:\WINDOWS\SYSTEM32\profapi.dll
0x00007ff9b5bd0000 - 0x00007ff9b5bdb000 	C:\Program Files\Java\jdk-14.0.1\bin\dt_socket.dll
0x00007ff9bf710000 - 0x00007ff9bf74b000 	C:\WINDOWS\SYSTEM32\IPHLPAPI.DLL
0x00007ff9bfa50000 - 0x00007ff9bfaba000 	C:\WINDOWS\system32\mswsock.dll
0x00007ff9b5c10000 - 0x00007ff9b5c29000 	C:\Program Files\Java\jdk-14.0.1\bin\net.dll
0x00007ff9ad890000 - 0x00007ff9ad990000 	C:\WINDOWS\SYSTEM32\WINHTTP.dll
0x00007ff9b5bf0000 - 0x00007ff9b5c02000 	C:\Program Files\Java\jdk-14.0.1\bin\nio.dll
0x00007ff8f39e0000 - 0x00007ff8f68e3000 	C:\Users\Travja\OneDrive - Neumont College of Computer Science\2021\Winter\Principles of Software\Camera\lib\opencv_java3413.dll
0x00007ff9c21b0000 - 0x00007ff9c22da000 	C:\WINDOWS\System32\ole32.dll
0x00007ff9c2460000 - 0x00007ff9c252d000 	C:\WINDOWS\System32\OLEAUT32.dll
0x00007ff999530000 - 0x00007ff9995b4000 	C:\WINDOWS\SYSTEM32\MF.dll
0x00007ff9b5810000 - 0x00007ff9b59cc000 	C:\WINDOWS\SYSTEM32\MFPlat.DLL
0x00007ff965580000 - 0x00007ff96568a000 	C:\WINDOWS\SYSTEM32\MFReadWrite.dll
0x00007ff9c02d0000 - 0x00007ff9c031e000 	C:\WINDOWS\System32\cfgmgr32.dll
0x00007ff9895d0000 - 0x00007ff989a5e000 	C:\WINDOWS\SYSTEM32\MFCORE.DLL
0x00007ff9c0430000 - 0x00007ff9c0586000 	C:\WINDOWS\System32\CRYPT32.dll
0x00007ff9c07c0000 - 0x00007ff9c07e7000 	C:\WINDOWS\System32\bcrypt.dll
0x00007ff9bf880000 - 0x00007ff9bf8cb000 	C:\WINDOWS\SYSTEM32\powrprof.dll
0x00007ff9b5a20000 - 0x00007ff9b5a29000 	C:\WINDOWS\SYSTEM32\ksuser.dll
0x00007ff9bfbd0000 - 0x00007ff9bfbdc000 	C:\WINDOWS\SYSTEM32\CRYPTBASE.DLL
0x00007ff9b5270000 - 0x00007ff9b52a0000 	C:\WINDOWS\SYSTEM32\RTWorkQ.DLL
0x00007ff9bf6f0000 - 0x00007ff9bf702000 	C:\WINDOWS\SYSTEM32\UMPDC.dll
0x0000020f13490000 - 0x0000020f13493000 	C:\Program Files\Java\jdk-14.0.1\bin\api-ms-win-core-console-l1-1-0.dll
0x0000020f134a0000 - 0x0000020f134a3000 	C:\Program Files\Java\jdk-14.0.1\bin\api-ms-win-core-datetime-l1-1-0.dll
0x0000020f134b0000 - 0x0000020f134b3000 	C:\Program Files\Java\jdk-14.0.1\bin\api-ms-win-core-debug-l1-1-0.dll
0x0000020f134c0000 - 0x0000020f134c3000 	C:\Program Files\Java\jdk-14.0.1\bin\api-ms-win-core-errorhandling-l1-1-0.dll
0x0000020f134d0000 - 0x0000020f134d4000 	C:\Program Files\Java\jdk-14.0.1\bin\api-ms-win-core-file-l1-1-0.dll
0x0000020f134e0000 - 0x0000020f134e3000 	C:\Program Files\Java\jdk-14.0.1\bin\api-ms-win-core-file-l1-2-0.dll
0x0000020f134f0000 - 0x0000020f134f3000 	C:\Program Files\Java\jdk-14.0.1\bin\api-ms-win-core-file-l2-1-0.dll
0x0000020f42950000 - 0x0000020f42953000 	C:\Program Files\Java\jdk-14.0.1\bin\api-ms-win-core-handle-l1-1-0.dll
0x0000020f42960000 - 0x0000020f42963000 	C:\Program Files\Java\jdk-14.0.1\bin\api-ms-win-core-heap-l1-1-0.dll
0x0000020f42970000 - 0x0000020f42973000 	C:\Program Files\Java\jdk-14.0.1\bin\api-ms-win-core-interlocked-l1-1-0.dll
0x0000020f42980000 - 0x0000020f42983000 	C:\Program Files\Java\jdk-14.0.1\bin\api-ms-win-core-libraryloader-l1-1-0.dll
0x0000020f42990000 - 0x0000020f42993000 	C:\Program Files\Java\jdk-14.0.1\bin\api-ms-win-core-localization-l1-2-0.dll
0x0000020f429a0000 - 0x0000020f429a3000 	C:\Program Files\Java\jdk-14.0.1\bin\api-ms-win-core-memory-l1-1-0.dll
0x0000020f429b0000 - 0x0000020f429b3000 	C:\Program Files\Java\jdk-14.0.1\bin\api-ms-win-core-namedpipe-l1-1-0.dll
0x0000020f429c0000 - 0x0000020f429c3000 	C:\Program Files\Java\jdk-14.0.1\bin\api-ms-win-core-processenvironment-l1-1-0.dll
0x0000020f429d0000 - 0x0000020f429d3000 	C:\Program Files\Java\jdk-14.0.1\bin\api-ms-win-core-processthreads-l1-1-0.dll
0x0000020f429e0000 - 0x0000020f429e3000 	C:\Program Files\Java\jdk-14.0.1\bin\api-ms-win-core-processthreads-l1-1-1.dll
0x0000020f429f0000 - 0x0000020f429f3000 	C:\Program Files\Java\jdk-14.0.1\bin\api-ms-win-core-profile-l1-1-0.dll
0x0000020f42a00000 - 0x0000020f42a03000 	C:\Program Files\Java\jdk-14.0.1\bin\api-ms-win-core-rtlsupport-l1-1-0.dll
0x0000020f42a10000 - 0x0000020f42a13000 	C:\Program Files\Java\jdk-14.0.1\bin\api-ms-win-core-string-l1-1-0.dll
0x0000020f42a20000 - 0x0000020f42a23000 	C:\Program Files\Java\jdk-14.0.1\bin\api-ms-win-core-synch-l1-1-0.dll
0x0000020f42a30000 - 0x0000020f42a33000 	C:\Program Files\Java\jdk-14.0.1\bin\api-ms-win-core-synch-l1-2-0.dll
0x0000020f42a40000 - 0x0000020f42a43000 	C:\Program Files\Java\jdk-14.0.1\bin\api-ms-win-core-sysinfo-l1-1-0.dll
0x0000020f42a50000 - 0x0000020f42a53000 	C:\Program Files\Java\jdk-14.0.1\bin\api-ms-win-core-timezone-l1-1-0.dll
0x0000020f42a60000 - 0x0000020f42a63000 	C:\Program Files\Java\jdk-14.0.1\bin\api-ms-win-core-util-l1-1-0.dll
0x0000020f42a70000 - 0x0000020f42a73000 	C:\Program Files\Java\jdk-14.0.1\bin\api-ms-win-crt-conio-l1-1-0.dll
0x0000020f42a80000 - 0x0000020f42a84000 	C:\Program Files\Java\jdk-14.0.1\bin\api-ms-win-crt-convert-l1-1-0.dll
0x0000020f42a90000 - 0x0000020f42a93000 	C:\Program Files\Java\jdk-14.0.1\bin\api-ms-win-crt-environment-l1-1-0.dll
0x0000020f42aa0000 - 0x0000020f42aa3000 	C:\Program Files\Java\jdk-14.0.1\bin\api-ms-win-crt-filesystem-l1-1-0.dll
0x0000020f42ab0000 - 0x0000020f42ab3000 	C:\Program Files\Java\jdk-14.0.1\bin\api-ms-win-crt-heap-l1-1-0.dll
0x0000020f42ac0000 - 0x0000020f42ac3000 	C:\Program Files\Java\jdk-14.0.1\bin\api-ms-win-crt-locale-l1-1-0.dll
0x0000020f42ad0000 - 0x0000020f42ad5000 	C:\Program Files\Java\jdk-14.0.1\bin\api-ms-win-crt-math-l1-1-0.dll
0x0000020f42ae0000 - 0x0000020f42ae5000 	C:\Program Files\Java\jdk-14.0.1\bin\api-ms-win-crt-multibyte-l1-1-0.dll
0x0000020f42af0000 - 0x0000020f42b00000 	C:\Program Files\Java\jdk-14.0.1\bin\api-ms-win-crt-private-l1-1-0.dll
0x0000020f42b00000 - 0x0000020f42b03000 	C:\Program Files\Java\jdk-14.0.1\bin\api-ms-win-crt-process-l1-1-0.dll
0x0000020f42b10000 - 0x0000020f42b14000 	C:\Program Files\Java\jdk-14.0.1\bin\api-ms-win-crt-runtime-l1-1-0.dll
0x0000020f42b20000 - 0x0000020f42b24000 	C:\Program Files\Java\jdk-14.0.1\bin\api-ms-win-crt-stdio-l1-1-0.dll
0x0000020f42b30000 - 0x0000020f42b34000 	C:\Program Files\Java\jdk-14.0.1\bin\api-ms-win-crt-string-l1-1-0.dll
0x0000020f42b40000 - 0x0000020f42b43000 	C:\Program Files\Java\jdk-14.0.1\bin\api-ms-win-crt-time-l1-1-0.dll
0x0000020f42b50000 - 0x0000020f42b53000 	C:\Program Files\Java\jdk-14.0.1\bin\api-ms-win-crt-utility-l1-1-0.dll
0x00007ff984d40000 - 0x00007ff984e3c000 	C:\Program Files\Java\jdk-14.0.1\bin\ucrtbase.dll
0x00007ff985990000 - 0x00007ff9859dd000 	C:\Windows\System32\concrt140.dll
0x00007ff9a2ec0000 - 0x00007ff9a2ecc000 	C:\WINDOWS\SYSTEM32\VCRUNTIME140_1.dll
0x00007ff992510000 - 0x00007ff992533000 	C:\Program Files\Java\jdk-9.0.4\bin\prism_d3d.dll
0x00007ff9ab2b0000 - 0x00007ff9ab47f000 	C:\WINDOWS\system32\d3d9.dll
0x00007ff9bdd20000 - 0x00007ff9bdd4f000 	C:\WINDOWS\SYSTEM32\dwmapi.dll
0x00007ff9ba090000 - 0x00007ff9ba12e000 	C:\WINDOWS\system32\uxtheme.dll
0x00007ff9c2530000 - 0x00007ff9c2997000 	C:\WINDOWS\System32\SETUPAPI.dll
0x00007ff9b0e20000 - 0x00007ff9b10ca000 	C:\WINDOWS\System32\DriverStore\FileRepository\iigd_dch.inf_amd64_233e086e960c2400\igdgmm64.dll
0x00007ff9bfeb0000 - 0x00007ff9bfec2000 	C:\WINDOWS\SYSTEM32\msasn1.dll
0x00007ff9ace00000 - 0x00007ff9ace31000 	C:\WINDOWS\SYSTEM32\cryptnet.dll
0x00007ff9c0af0000 - 0x00007ff9c0b50000 	C:\WINDOWS\System32\WINTRUST.DLL
0x00007ff9c1610000 - 0x00007ff9c162d000 	C:\WINDOWS\System32\imagehlp.dll
0x00007ff9bfca0000 - 0x00007ff9bfcb8000 	C:\WINDOWS\SYSTEM32\CRYPTSP.dll
0x00007ff9bf3a0000 - 0x00007ff9bf3d4000 	C:\WINDOWS\system32\rsaenh.dll
0x00007ff985410000 - 0x00007ff98545a000 	C:\Program Files\Java\jdk-9.0.4\bin\glass.dll
0x00007ff9c2380000 - 0x00007ff9c245a000 	C:\WINDOWS\System32\COMDLG32.dll
0x00007ff9b80b0000 - 0x00007ff9b80c0000 	C:\Program Files\Java\jdk-14.0.1\bin\verify.dll
0x00007ff9c1490000 - 0x00007ff9c15a5000 	C:\WINDOWS\System32\MSCTF.dll
0x00007ff973c20000 - 0x00007ff973c47000 	C:\WINDOWS\System32\DriverStore\FileRepository\iigd_dch.inf_amd64_233e086e960c2400\igdinfo64.dll
0x00007ff9ae0d0000 - 0x00007ff9b0c5f000 	C:\WINDOWS\System32\DriverStore\FileRepository\iigd_dch.inf_amd64_233e086e960c2400\igc64.dll
0x00007ff9b37b0000 - 0x00007ff9b37eb000 	C:\WINDOWS\SYSTEM32\dxcore.dll
0x00007ff9abf00000 - 0x00007ff9abf14000 	C:\Program Files\Java\jdk-9.0.4\bin\javafx_font.dll
0x00007ff991060000 - 0x00007ff9912df000 	C:\WINDOWS\SYSTEM32\dwrite.dll
0x00007ff9c11c0000 - 0x00007ff9c1269000 	C:\WINDOWS\System32\clbcatq.dll
0x00007ff9b4ae0000 - 0x00007ff9b4c94000 	C:\WINDOWS\SYSTEM32\WindowsCodecs.dll

dbghelp: loaded successfully - version: 4.0.5 - missing functions: none
symbol engine: initialized successfully - sym options: 0x614 - pdb path: .;C:\Program Files\Java\jdk-14.0.1\bin;C:\WINDOWS\SYSTEM32;C:\WINDOWS\WinSxS\amd64_microsoft.windows.common-controls_6595b64144ccf1df_6.0.19041.746_none_ca02b4b61b8320a4;C:\Program Files\Java\jdk-14.0.1\bin\server;C:\Users\Travja\OneDrive - Neumont College of Computer Science\2021\Winter\Principles of Software\Camera\lib;C:\Program Files\Java\jdk-9.0.4\bin;C:\WINDOWS\System32\DriverStore\FileRepository\iigd_dch.inf_amd64_233e086e960c2400;C:\WINDOWS\System32\DriverStore\FileRepository\nvlt.inf_amd64_8f316e062eb13023;C:\Program Files\Common Files\Microsoft Shared\Ink;C:\Users\Travja\AppData\Local\Temp

VM Arguments:
jvm_args: -agentlib:jdwp=transport=dt_socket,address=127.0.0.1:8985,suspend=y,server=n -javaagent:C:\Users\Travja\AppData\Local\JetBrains\IntelliJIdea2020.2\captureAgent\debugger-agent.jar -Dfile.encoding=UTF-8 
java_command: cameraguys.project.Entry
java_class_path (initial): C:\Users\Travja\OneDrive - Neumont College of Computer Science\2021\Winter\Principles of Software\Camera\JavaApp\target\classes;C:\Users\Travja\.m2\repository\org\opencv\3.4.13-Trav\opencv-3.4.13-Trav.jar;C:\Users\Travja\.m2\repository\org\openjfx\javafx-base\11.0.1\javafx-base-11.0.1.jar;C:\Users\Travja\.m2\repository\org\openjfx\javafx-base\11.0.1\javafx-base-11.0.1-win.jar;C:\Users\Travja\.m2\repository\org\openjfx\javafx-controls\11.0.1\javafx-controls-11.0.1.jar;C:\Users\Travja\.m2\repository\org\openjfx\javafx-controls\11.0.1\javafx-controls-11.0.1-win.jar;C:\Users\Travja\.m2\repository\org\openjfx\javafx-graphics\11.0.1\javafx-graphics-11.0.1.jar;C:\Users\Travja\.m2\repository\org\openjfx\javafx-graphics\11.0.1\javafx-graphics-11.0.1-win.jar;C:\Users\Travja\.m2\repository\org\openjfx\javafx-fxml\11.0.1\javafx-fxml-11.0.1.jar;C:\Users\Travja\.m2\repository\org\openjfx\javafx-fxml\11.0.1\javafx-fxml-11.0.1-win.jar;C:\Users\Travja\.m2\repository\io\socket\socket.io-client\2.0.0\socket.io-client-2.0.0.jar;C:\Users\Travja\.m2\repository\io\socket\engine.io-client\2.0.0\engine.io-client-2.0.0.jar;C:\Users\Travja\.m2\repository\com\squareup\okhttp3\okhttp\3.12.12\okhttp-3.12.12.jar;C:\Users\Travja\.m2\repository\com\squareup\okio\okio\1.15.0\okio-1.15.0.jar;C:\Users\Travja\.m2\repository\org\json\json\20090211\json-20090211.jar;C:\Users\Travja\.m2\repository\dev\onvoid\webrtc\webrtc-java\0.2.0\webrtc-java-0.2.0.jar;C:\Users\Travja\.m2\repository\dev\onvoid\webrtc\webrtc-java\0.2.0\webrtc-java-0.2.0-windows-x86_64.jar;C:\Users\Travja\.m2\repository\org\projectlombok\lombok\1.18.12\lombok-1.18.12.jar;C:\Program Files\JetBrains\IntelliJ IDEA 2019.3.3\lib\idea_rt.jar
Launcher Type: SUN_STANDARD

[Global flags]
     intx CICompilerCount                          = 12                                        {product} {ergonomic}
     uint ConcGCThreads                            = 3                                         {product} {ergonomic}
     uint G1ConcRefinementThreads                  = 13                                        {product} {ergonomic}
   size_t G1HeapRegionSize                         = 2097152                                   {product} {ergonomic}
    uintx GCDrainStackTargetSize                   = 64                                        {product} {ergonomic}
   size_t InitialHeapSize                          = 532676608                                 {product} {ergonomic}
   size_t MarkStackSize                            = 4194304                                   {product} {ergonomic}
   size_t MaxHeapSize                              = 8514437120                                {product} {ergonomic}
   size_t MaxNewSize                               = 5108662272                                {product} {ergonomic}
   size_t MinHeapDeltaBytes                        = 2097152                                   {product} {ergonomic}
   size_t MinHeapSize                              = 8388608                                   {product} {ergonomic}
    uintx NonNMethodCodeHeapSize                   = 7602480                                {pd product} {ergonomic}
    uintx NonProfiledCodeHeapSize                  = 122027880                              {pd product} {ergonomic}
    uintx ProfiledCodeHeapSize                     = 122027880                              {pd product} {ergonomic}
    uintx ReservedCodeCacheSize                    = 251658240                              {pd product} {ergonomic}
     bool SegmentedCodeCache                       = true                                      {product} {ergonomic}
   size_t SoftMaxHeapSize                          = 8514437120                             {manageable} {ergonomic}
     bool UseCompressedClassPointers               = true                                 {lp64_product} {ergonomic}
     bool UseCompressedOops                        = true                                 {lp64_product} {ergonomic}
     bool UseG1GC                                  = true                                      {product} {ergonomic}
     bool UseLargePagesIndividualAllocation        = false                                  {pd product} {ergonomic}

Logging:
Log output configuration:
 #0: stdout all=warning uptime,level,tags
 #1: stderr all=off uptime,level,tags

Environment Variables:
JAVA_HOME=C:\Program Files\Java\jdk-14.0.1
PATH=C:\Program Files\Java\jdk-14.0.1\bin;C:\Program Files (x86)\NVIDIA Corporation\PhysX\Common;C:\WINDOWS\system32;C:\WINDOWS;C:\WINDOWS\System32\Wbem;C:\WINDOWS\System32\WindowsPowerShell\v1.0\;C:\WINDOWS\System32\OpenSSH\;C:\Program Files\Git\cmd;C:\Program Files\PuTTY\;C:\Program Files\MongoDB\Server\4.2\bin;C:\Program Files\apache-maven-3.6.3\bin;C:\Program Files (x86)\MySQL\mysql-8.0.22-winx64\bin;C:\Program Files\Microsoft SQL Server\Client SDK\ODBC\170\Tools\Binn\;C:\Program Files\Azure Data Studio\bin;C:\Program Files\Microsoft SQL Server\130\Tools\Binn\;C:\Program Files\Docker\Docker\resources\bin;C:\ProgramData\DockerDesktop\version-bin;C:\Program Files\dotnet\;C:\Program Files (x86)\Microsoft SQL Server\150\DTS\Binn\;C:\Program Files (x86)\Microsoft SQL Server\150\Tools\Binn\;C:\Program Files\Microsoft SQL Server\150\Tools\Binn\;C:\Program Files\Microsoft SQL Server\150\DTS\Binn\;C:\Program Files\Java\jdk-9.0.4\bin;C:\Program Files\nodejs\;C:\Users\Travja\AppData\Local\Programs\Python\Python39\Scripts\;C:\Users\Travja\AppData\Local\Programs\Python\Python39\;C:\Program Files\MySQL\MySQL Shell 8.0\bin\;C:\Users\Travja\AppData\Local\Microsoft\WindowsApps;C:\Program Files\JetBrains\IntelliJ IDEA 2019.3.3\bin;C:\Users\Travja\AppData\Local\Programs\Microsoft VS Code\bin;C:\Program Files\Azure Data Studio\bin;C:\Program Files (x86)\Nmap;C:\Users\Travja\.dotnet\tools;C:\Program Files\CMake\bin;C:\Users\Travja\AppData\Local\gitkraken\bin;C:\Users\Travja\.dotnet\tools;C:\Users\Travja\AppData\Roaming\npm
USERNAME=Travja
OS=Windows_NT
PROCESSOR_IDENTIFIER=Intel64 Family 6 Model 158 Stepping 13, GenuineIntel



---------------  S Y S T E M  ---------------

OS: Windows 10 , 64 bit Build 19041 (10.0.19041.804)
OS uptime: 5 days 3:12 hours
HyperV virtualization detected

CPU:total 16 (initial active 16) (8 cores per cpu, 2 threads per core) family 6 model 158 stepping 13, cmov, cx8, fxsr, mmx, sse, sse2, sse3, ssse3, sse4.1, sse4.2, popcnt, avx, avx2, aes, clmul, erms, 3dnowpref, lzcnt, ht, tsc, tscinvbit, bmi1, bmi2, adx, fma

Memory: 4k page, system-wide physical 32475M (15163M free)
TotalPageFile size 38363M (AvailPageFile size 10242M)
current process WorkingSet (physical memory assigned to process): 259M, peak: 471M
current process commit charge ("private bytes"): 370M, peak: 867M

vm_info: Java HotSpot(TM) 64-Bit Server VM (14.0.1+7) for windows-amd64 JRE (14.0.1+7), built on Mar  5 2020 10:30:14 by "mach5one" with MS VC++ 15.9 (VS2017)

END.
