#
# A fatal error has been detected by the Java Runtime Environment:
#
#  EXCEPTION_ACCESS_VIOLATION (0xc0000005) at pc=0x00007ff9c2bdd00c, pid=30876, tid=26412
#
# JRE version: Java(TM) SE Runtime Environment (14.0.1+7) (build 14.0.1+7)
# Java VM: Java HotSpot(TM) 64-Bit Server VM (14.0.1+7, mixed mode, sharing, tiered, compressed oops, g1 gc, windows-amd64)
# Problematic frame:
# C  [ntdll.dll+0x4d00c]
#
# No core dump will be written. Minidumps are not enabled by default on client versions of Windows
#
# If you would like to submit a bug report, please visit:
#   https://bugreport.java.com/bugreport/crash.jsp
# The crash happened outside the Java Virtual Machine in native code.
# See problematic frame for where to report the bug.
#

---------------  S U M M A R Y ------------

Command Line: -agentlib:jdwp=transport=dt_socket,address=127.0.0.1:8501,suspend=y,server=n -javaagent:C:\Users\Travja\AppData\Local\JetBrains\IntelliJIdea2020.2\captureAgent\debugger-agent.jar -Dfile.encoding=UTF-8 cameraguys.project.Entry

Host: Intel(R) Core(TM) i9-9880H CPU @ 2.30GHz, 16 cores, 31G,  Windows 10 , 64 bit Build 19041 (10.0.19041.804)
Time: Sat Feb 27 16:44:22 2021 Mountain Standard Time elapsed time: 13 seconds (0d 0h 0m 13s)

---------------  T H R E A D  ---------------

Current thread (0x000001fc7d81f800):  JavaThread "JavaFX Application Thread" [_thread_in_native, id=26412, stack(0x000000bd93700000,0x000000bd93800000)]

Stack: [0x000000bd93700000,0x000000bd93800000],  sp=0x000000bd937fc780,  free space=1009k
Native frames: (J=compiled Java code, j=interpreted, Vv=VM code, C=native code)
C  [ntdll.dll+0x4d00c]
C  0x00007ff9452b3b12

Java frames: (J=compiled Java code, j=interpreted, Vv=VM code)
j  dev.onvoid.webrtc.media.video.VideoDeviceSource.dispose()V+0
j  cameraguys.project.SocketIOBroadcasterClient.kill()V+75
j  cameraguys.project.ClientWindow.setClosed()V+8
j  cameraguys.project.CameraApp.lambda$openCameraWindow$0(Lcameraguys/project/ClientWindow;Ljavafx/stage/WindowEvent;)V+1
j  cameraguys.project.CameraApp$$Lambda$133.handle(Ljavafx/event/Event;)V+8
j  com.sun.javafx.event.CompositeEventHandler.dispatchBubblingEvent(Ljavafx/event/Event;)V+51
J 2640 c1 com.sun.javafx.event.EventHandlerManager.dispatchBubblingEvent(Ljavafx/event/Event;)Ljavafx/event/Event; (23 bytes) @ 0x000001fc6715ecbc [0x000001fc6715e620+0x000000000000069c]
J 2639 c1 com.sun.javafx.event.CompositeEventDispatcher.dispatchBubblingEvent(Ljavafx/event/Event;)Ljavafx/event/Event; (35 bytes) @ 0x000001fc6715dfec [0x000001fc6715dde0+0x000000000000020c]
J 2629 c1 com.sun.javafx.event.BasicEventDispatcher.dispatchEvent(Ljavafx/event/Event;Ljavafx/event/EventDispatchChain;)Ljavafx/event/Event; (44 bytes) @ 0x000001fc67156f8c [0x000001fc67156be0+0x00000000000003ac]
J 2219 c1 com.sun.javafx.event.EventDispatchChainImpl.dispatchEvent(Ljavafx/event/Event;)Ljavafx/event/Event; (101 bytes) @ 0x000001fc6708c1bc [0x000001fc6708bfc0+0x00000000000001fc]
j  com.sun.javafx.event.EventUtil.fireEventImpl(Ljavafx/event/EventDispatchChain;Ljavafx/event/EventTarget;Ljavafx/event/Event;)Ljavafx/event/Event;+10
j  com.sun.javafx.event.EventUtil.fireEvent(Ljavafx/event/EventTarget;Ljavafx/event/Event;)Ljavafx/event/Event;+46
j  javafx.event.Event.fireEvent(Ljavafx/event/EventTarget;Ljavafx/event/Event;)V+30
j  com.sun.javafx.stage.WindowPeerListener.closing()V+18
j  com.sun.javafx.tk.quantum.GlassWindowEventHandler.run()Ljava/lang/Void;+640
j  com.sun.javafx.tk.quantum.GlassWindowEventHandler.run()Ljava/lang/Object;+1
J 2160 c1 java.security.AccessController.doPrivileged(Ljava/security/PrivilegedAction;Ljava/security/AccessControlContext;)Ljava/lang/Object; java.base@14.0.1 (17 bytes) @ 0x000001fc670743f4 [0x000001fc67074200+0x00000000000001f4]
j  com.sun.javafx.tk.quantum.GlassWindowEventHandler.lambda$handleWindowEvent$4()Ljava/lang/Void;+10
j  com.sun.javafx.tk.quantum.GlassWindowEventHandler$$Lambda$155.get()Ljava/lang/Object;+4
j  com.sun.javafx.tk.quantum.QuantumToolkit.runWithoutRenderLock(Ljava/util/function/Supplier;)Ljava/lang/Object;+18
j  com.sun.javafx.tk.quantum.GlassWindowEventHandler.handleWindowEvent(Lcom/sun/glass/ui/Window;JI)V+17
j  com.sun.glass.ui.Window.handleWindowEvent(JI)V+14
j  com.sun.glass.ui.Window.notifyClose()V+7
v  ~StubRoutines::call_stub
j  com.sun.glass.ui.win.WinApplication._runLoop(Ljava/lang/Runnable;)V+0
j  com.sun.glass.ui.win.WinApplication.lambda$runLoop$3(ILjava/lang/Runnable;)V+8
j  com.sun.glass.ui.win.WinApplication$$Lambda$59.run()V+12
j  java.lang.Thread.run()V+11 java.base@14.0.1
v  ~StubRoutines::call_stub

siginfo: EXCEPTION_ACCESS_VIOLATION (0xc0000005), reading address 0x0000000005000010


Register to memory mapping:

RIP=0x00007ff9c2bdd00c ntdll.dll
RAX=0x0000000004ffffff is an unknown value
RBX=0x000001fc15249d18 points into unknown readable memory: 00 00 00 05 00 00 00 00
RCX=0x0000000005000010 is an unknown value
RDX=0x0 is NULL
RSP=0x000000bd937fc780 is pointing into the stack for thread: 0x000001fc7d81f800
RBP=0x000000bd937fc920 is pointing into the stack for thread: 0x000001fc7d81f800
RSI=0x0000000005000000 is an unknown value
RDI=0x0 is NULL
R8 =0x000000bd937fc778 is pointing into the stack for thread: 0x000001fc7d81f800
R9 =0x000000bd937fc920 is pointing into the stack for thread: 0x000001fc7d81f800
R10=0x0 is NULL
R11=0x0000000000000246 is an unknown value
R12=0x0 is NULL
R13={method} {0x000001fc15df3500} 'dispose' '()V' in 'dev/onvoid/webrtc/media/video/VideoDeviceSource'
R14=0x00000000c0000008 is an unknown value
R15=0x0 is NULL


Registers:
RAX=0x0000000004ffffff, RBX=0x000001fc15249d18, RCX=0x0000000005000010, RDX=0x0000000000000000
RSP=0x000000bd937fc780, RBP=0x000000bd937fc920, RSI=0x0000000005000000, RDI=0x0000000000000000
R8 =0x000000bd937fc778, R9 =0x000000bd937fc920, R10=0x0000000000000000, R11=0x0000000000000246
R12=0x0000000000000000, R13=0x000001fc15df34f8, R14=0x00000000c0000008, R15=0x0000000000000000
RIP=0x00007ff9c2bdd00c, EFLAGS=0x0000000000010202

Top of Stack: (sp=0x000000bd937fc780)
0x000000bd937fc780:   000001fc00000000 0000000000000000
0x000000bd937fc790:   000001fc15249cf0 000001fc15249cf0
0x000000bd937fc7a0:   000001fc7d81f800 00007ff9452b3b12
0x000000bd937fc7b0:   0000000000000001 0000000000000000
0x000000bd937fc7c0:   000001fc15249cf0 000000bd937fc940
0x000000bd937fc7d0:   000001fc15249cf0 00007ff94529438f
0x000000bd937fc7e0:   000001fc7d81fb10 000001fc7d81fb10
0x000000bd937fc7f0:   000000bd937fc920 000001fc7d81f800
0x000000bd937fc800:   000000bd937fc940 00007ff9452943fe
0x000000bd937fc810:   0000000000000000 000000000000000f
0x000000bd937fc820:   0000d464dc0aac3d 000000bd937fc940
0x000000bd937fc830:   000001fc7d81fb10 00007ff9452944cb
0x000000bd937fc840:   000000bd937fc860 000001fc7d81f800
0x000000bd937fc850:   000001fc7d81fb10 0000000000000000
0x000000bd937fc860:   000001fc15df34f8 000001fc7d81f800
0x000000bd937fc870:   000001fc6650cda9 000001fc66515e47 

Instructions: (pc=0x00007ff9c2bdd00c)
0x00007ff9c2bdcf0c:   e0 f8 04 00 66 83 3d f8 f3 11 00 0a 48 8b 53 58
0x00007ff9c2bdcf1c:   72 42 48 8d 05 1b cf 11 00 48 3b c2 76 2a 65 48
0x00007ff9c2bdcf2c:   8b 0c 25 60 00 00 00 4c 8b c2 33 d2 48 8b 49 30
0x00007ff9c2bdcf3c:   e8 ff 8e fc ff 33 d2 48 8b cb 44 8d 42 60 48 83
0x00007ff9c2bdcf4c:   c4 20 5b e9 6c 67 05 00 48 8d 05 65 d0 11 00 48
0x00007ff9c2bdcf5c:   3b d0 73 ca 48 8d 0d a9 f3 11 00 e8 74 32 05 00
0x00007ff9c2bdcf6c:   eb d3 cc cc cc cc cc cc cc cc cc cc cc cc cc cc
0x00007ff9c2bdcf7c:   cc cc cc cc 48 89 5c 24 08 48 89 74 24 10 48 89
0x00007ff9c2bdcf8c:   7c 24 18 4c 89 74 24 20 41 57 48 83 ec 20 48 8b
0x00007ff9c2bdcf9c:   d9 48 8b 49 18 48 8d 41 ff 48 83 f8 fd 0f 86 69
0x00007ff9c2bdcfac:   c2 06 00 33 ff 44 8b f7 48 8b 33 48 8d 46 ff 48
0x00007ff9c2bdcfbc:   83 f8 fd 76 2f 0f 57 c0 33 c0 0f 11 03 0f 11 43
0x00007ff9c2bdcfcc:   10 48 89 43 20 41 8b c6 48 8b 5c 24 30 48 8b 74
0x00007ff9c2bdcfdc:   24 38 48 8b 7c 24 40 4c 8b 74 24 48 48 83 c4 20
0x00007ff9c2bdcfec:   41 5f c3 cc 44 8b 7b 20 41 81 e7 00 00 00 04 48
0x00007ff9c2bdcffc:   8d 0d 96 f4 11 00 e8 99 0d fd ff 90 48 8d 4e 10
0x00007ff9c2bdd00c:   48 8b 01 48 85 c0 74 1f 48 8b 51 08 48 39 48 08
0x00007ff9c2bdd01c:   75 0e 48 39 0a 75 09 48 89 02 48 89 50 08 eb 07
0x00007ff9c2bdd02c:   b9 03 00 00 00 cd 29 b8 01 00 00 00 f0 48 0f b1
0x00007ff9c2bdd03c:   3d 57 f4 11 00 75 41 0f b7 56 2c c1 e2 10 0f b7
0x00007ff9c2bdd04c:   46 02 03 d0 48 8b 0d d1 cb 11 00 48 85 c9 0f 85
0x00007ff9c2bdd05c:   c7 c1 06 00 0f 57 c0 0f 11 06 0f 11 46 10 0f 11
0x00007ff9c2bdd06c:   46 20 4d 85 ff 0f 85 4a ff ff ff 48 8b ce e8 41
0x00007ff9c2bdd07c:   01 00 00 e9 3d ff ff ff 49 c7 c0 ff ff ff ff 48
0x00007ff9c2bdd08c:   8b c8 83 e1 06 ba 03 00 00 00 48 83 f9 02 49 0f
0x00007ff9c2bdd09c:   45 d0 48 03 d0 f0 48 0f b1 15 ee f3 11 00 75 df
0x00007ff9c2bdd0ac:   48 83 f9 02 75 91 f6 c2 01 0f 85 85 00 00 00 4c
0x00007ff9c2bdd0bc:   8b c2 49 83 e0 f0 4d 8b c8 49 8b 48 08 48 85 c9
0x00007ff9c2bdd0cc:   0f 84 91 00 00 00 4d 3b c8 0f 85 a0 00 00 00 8b
0x00007ff9c2bdd0dc:   41 24 a8 01 74 09 48 8b 41 10 48 85 c0 75 3f 48
0x00007ff9c2bdd0ec:   8b c2 f0 48 0f b1 3d a1 f3 11 00 48 8b d0 75 b6
0x00007ff9c2bdd0fc:   48 8b 79 10 48 8b 41 18 f0 0f ba 69 24 02 f0 0f 


Stack slot to memory mapping:
stack at sp + 0 slots: 0x000001fc00000000 points into unknown readable memory: 00 00 00 00 00 00 00 00
stack at sp + 1 slots: 0x0 is NULL
stack at sp + 2 slots: 0x000001fc15249cf0 points into unknown readable memory: 48 2d 32 45 f9 7f 00 00
stack at sp + 3 slots: 0x000001fc15249cf0 points into unknown readable memory: 48 2d 32 45 f9 7f 00 00
stack at sp + 4 slots: 0x000001fc7d81f800 is a thread
stack at sp + 5 slots: 0x00007ff9452b3b12 points into unknown readable memory: 48 8b 57 18 48 8b
stack at sp + 6 slots: 0x0000000000000001 is an unknown value
stack at sp + 7 slots: 0x0 is NULL


---------------  P R O C E S S  ---------------

Threads class SMR info:
_java_thread_list=0x000001fc17d6e4c0, length=31, elements={
0x000001fc5dd51800, 0x000001fc7c7b6000, 0x000001fc7c7b7000, 0x000001fc7c7cb800,
0x000001fc7c7cf000, 0x000001fc7c7d0000, 0x000001fc7c7dc000, 0x000001fc7c7e4800,
0x000001fc7c7e8000, 0x000001fc7c8f7800, 0x000001fc7ca1b800, 0x000001fc7ca6e800,
0x000001fc7ca6f800, 0x000001fc7cc58000, 0x000001fc7cc8f000, 0x000001fc7d110800,
0x000001fc7d719800, 0x000001fc7d81f800, 0x000001fc7d9f7800, 0x000001fc14682800,
0x000001fc185e4800, 0x000001fc19535800, 0x000001fc19534000, 0x000001fc19535000,
0x000001fc1953a800, 0x000001fc19539000, 0x000001fc19536800, 0x000001fc19537800,
0x000001fc1953a000, 0x000001fc19538000, 0x000001fc7c9b4000
}

Java Threads: ( => current thread )
  0x000001fc5dd51800 JavaThread "main" [_thread_blocked, id=39228, stack(0x000000bd91b00000,0x000000bd91c00000)]
  0x000001fc7c7b6000 JavaThread "Reference Handler" daemon [_thread_blocked, id=29540, stack(0x000000bd92200000,0x000000bd92300000)]
  0x000001fc7c7b7000 JavaThread "Finalizer" daemon [_thread_blocked, id=34756, stack(0x000000bd92300000,0x000000bd92400000)]
  0x000001fc7c7cb800 JavaThread "Signal Dispatcher" daemon [_thread_blocked, id=6844, stack(0x000000bd92400000,0x000000bd92500000)]
  0x000001fc7c7cf000 JavaThread "Attach Listener" daemon [_thread_blocked, id=39836, stack(0x000000bd92500000,0x000000bd92600000)]
  0x000001fc7c7d0000 JavaThread "Service Thread" daemon [_thread_blocked, id=27800, stack(0x000000bd92600000,0x000000bd92700000)]
  0x000001fc7c7dc000 JavaThread "C2 CompilerThread0" daemon [_thread_blocked, id=36580, stack(0x000000bd92700000,0x000000bd92800000)]
  0x000001fc7c7e4800 JavaThread "C1 CompilerThread0" daemon [_thread_blocked, id=28428, stack(0x000000bd92800000,0x000000bd92900000)]
  0x000001fc7c7e8000 JavaThread "Sweeper thread" daemon [_thread_blocked, id=6892, stack(0x000000bd92900000,0x000000bd92a00000)]
  0x000001fc7c8f7800 JavaThread "Common-Cleaner" daemon [_thread_blocked, id=6936, stack(0x000000bd92a00000,0x000000bd92b00000)]
  0x000001fc7ca1b800 JavaThread "JDWP Transport Listener: dt_socket" daemon [_thread_blocked, id=37132, stack(0x000000bd92f00000,0x000000bd93000000)]
  0x000001fc7ca6e800 JavaThread "JDWP Event Helper Thread" daemon [_thread_blocked, id=38884, stack(0x000000bd93000000,0x000000bd93100000)]
  0x000001fc7ca6f800 JavaThread "JDWP Command Reader" daemon [_thread_in_native, id=34656, stack(0x000000bd93100000,0x000000bd93200000)]
  0x000001fc7cc58000 JavaThread "Notification Thread" daemon [_thread_blocked, id=2584, stack(0x000000bd93200000,0x000000bd93300000)]
  0x000001fc7cc8f000 JavaThread "JavaFX-Launcher" [_thread_blocked, id=6252, stack(0x000000bd93400000,0x000000bd93500000)]
  0x000001fc7d110800 JavaThread "QuantumRenderer-0" daemon [_thread_blocked, id=11148, stack(0x000000bd92e00000,0x000000bd92f00000)]
  0x000001fc7d719800 JavaThread "InvokeLaterDispatcher" daemon [_thread_blocked, id=27580, stack(0x000000bd93600000,0x000000bd93700000)]
=>0x000001fc7d81f800 JavaThread "JavaFX Application Thread" [_thread_in_native, id=26412, stack(0x000000bd93700000,0x000000bd93800000)]
  0x000001fc7d9f7800 JavaThread "Thread-2" daemon [_thread_in_native, id=34060, stack(0x000000bd93b00000,0x000000bd93c00000)]
  0x000001fc14682800 JavaThread "Prism Font Disposer" daemon [_thread_blocked, id=20632, stack(0x000000bd94c00000,0x000000bd94d00000)]
  0x000001fc185e4800 JavaThread "Cleaner-0" daemon [_thread_blocked, id=13828, stack(0x000000bd94d00000,0x000000bd94e00000)]
  0x000001fc19535800 JavaThread "Thread-3" [_thread_blocked, id=12068, stack(0x000000bd94e00000,0x000000bd94f00000)]
  0x000001fc19534000 JavaThread "Thread-4" [_thread_in_native, id=8420, stack(0x000000bd94a00000,0x000000bd94b00000)]
  0x000001fc19535000 JavaThread "Thread-5" [_thread_in_native, id=16820, stack(0x000000bd94b00000,0x000000bd94c00000)]
  0x000001fc1953a800 JavaThread "Thread-6" [_thread_in_native, id=5364, stack(0x000000bd96e00000,0x000000bd96f00000)]
  0x000001fc19539000 JavaThread "Thread-7" [_thread_in_native, id=16804, stack(0x000000bd96d00000,0x000000bd96e00000)]
  0x000001fc19536800 JavaThread "Thread-8" [_thread_in_native, id=17424, stack(0x000000bd97000000,0x000000bd97100000)]
  0x000001fc19537800 JavaThread "Thread-9" [_thread_in_native, id=13372, stack(0x000000bd96f00000,0x000000bd97000000)]
  0x000001fc1953a000 JavaThread "Thread-10" [_thread_in_native, id=17076, stack(0x000000bd97100000,0x000000bd97200000)]
  0x000001fc19538000 JavaThread "Thread-11" [_thread_in_native, id=9824, stack(0x000000bd97300000,0x000000bd97400000)]
  0x000001fc7c9b4000 JavaThread "Thread-12" [_thread_in_native, id=35820, stack(0x000000bd97200000,0x000000bd97300000)]

Other Threads:
  0x000001fc7c7b3000 VMThread "VM Thread" [stack: 0x000000bd92100000,0x000000bd92200000] [id=17836]
  0x000001fc7cc5b000 WatcherThread [stack: 0x000000bd93300000,0x000000bd93400000] [id=3972]
  0x000001fc5ddd4800 GCTaskThread "GC Thread#0" [stack: 0x000000bd91c00000,0x000000bd91d00000] [id=35932]
  0x000001fc7dac9000 GCTaskThread "GC Thread#1" [stack: 0x000000bd93c00000,0x000000bd93d00000] [id=38116]
  0x000001fc7dac9800 GCTaskThread "GC Thread#2" [stack: 0x000000bd93d00000,0x000000bd93e00000] [id=2172]
  0x000001fc7daca800 GCTaskThread "GC Thread#3" [stack: 0x000000bd93e00000,0x000000bd93f00000] [id=8384]
  0x000001fc7dabf000 GCTaskThread "GC Thread#4" [stack: 0x000000bd93f00000,0x000000bd94000000] [id=36748]
  0x000001fc7dabf800 GCTaskThread "GC Thread#5" [stack: 0x000000bd94000000,0x000000bd94100000] [id=30996]
  0x000001fc7dac0800 GCTaskThread "GC Thread#6" [stack: 0x000000bd94100000,0x000000bd94200000] [id=21044]
  0x000001fc7dac1000 GCTaskThread "GC Thread#7" [stack: 0x000000bd94200000,0x000000bd94300000] [id=9632]
  0x000001fc7dac3000 GCTaskThread "GC Thread#8" [stack: 0x000000bd94300000,0x000000bd94400000] [id=16508]
  0x000001fc7dac3800 GCTaskThread "GC Thread#9" [stack: 0x000000bd94400000,0x000000bd94500000] [id=18656]
  0x000001fc7dac4800 GCTaskThread "GC Thread#10" [stack: 0x000000bd94500000,0x000000bd94600000] [id=5392]
  0x000001fc7dac5000 GCTaskThread "GC Thread#11" [stack: 0x000000bd94600000,0x000000bd94700000] [id=33072]
  0x000001fc5ddf7000 ConcurrentGCThread "G1 Main Marker" [stack: 0x000000bd91d00000,0x000000bd91e00000] [id=9900]
  0x000001fc5ddf8800 ConcurrentGCThread "G1 Conc#0" [stack: 0x000000bd91e00000,0x000000bd91f00000] [id=9700]
  0x000001fc7bd10000 ConcurrentGCThread "G1 Refine#0" [stack: 0x000000bd91f00000,0x000000bd92000000] [id=4712]
  0x000001fc7bd11000 ConcurrentGCThread "G1 Young RemSet Sampling" [stack: 0x000000bd92000000,0x000000bd92100000] [id=25408]

Threads with active compile tasks:

VM state:not at safepoint (normal execution)

VM Mutex/Monitor currently owned by a thread: None

Heap address: 0x0000000604800000, size: 8120 MB, Compressed Oops mode: Zero based, Oop shift amount: 3
Narrow klass base: 0x0000000800000000, Narrow klass shift: 3
Compressed class space size: 1073741824 Address: 0x0000000800b30000

Heap:
 garbage-first heap   total 520192K, used 160721K [0x0000000604800000, 0x0000000800000000)
  region size 2048K, 78 young (159744K), 2 survivors (4096K)
 Metaspace       used 17727K, capacity 18438K, committed 18688K, reserved 1064960K
  class space    used 2507K, capacity 2778K, committed 2816K, reserved 1048576K
Heap Regions: E=young(eden), S=young(survivor), O=old, HS=humongous(starts), HC=humongous(continues), CS=collection set, F=free, OA=open archive, CA=closed archive, TAMS=top-at-mark-start (previous, next)
|   0|0x0000000604800000, 0x0000000604a00000, 0x0000000604a00000|100%|HS|  |TAMS 0x0000000604800000, 0x0000000604800000| Complete 
|   1|0x0000000604a00000, 0x0000000604c00000, 0x0000000604c00000|100%| O|  |TAMS 0x0000000604a00000, 0x0000000604a00000| Untracked 
|   2|0x0000000604c00000, 0x0000000604d1d800, 0x0000000604e00000| 55%| O|  |TAMS 0x0000000604c00000, 0x0000000604c00000| Untracked 
|   3|0x0000000604e00000, 0x0000000604e00000, 0x0000000605000000|  0%| F|  |TAMS 0x0000000604e00000, 0x0000000604e00000| Untracked 
|   4|0x0000000605000000, 0x0000000605000000, 0x0000000605200000|  0%| F|  |TAMS 0x0000000605000000, 0x0000000605000000| Untracked 
|   5|0x0000000605200000, 0x0000000605200000, 0x0000000605400000|  0%| F|  |TAMS 0x0000000605200000, 0x0000000605200000| Untracked 
|   6|0x0000000605400000, 0x0000000605400000, 0x0000000605600000|  0%| F|  |TAMS 0x0000000605400000, 0x0000000605400000| Untracked 
|   7|0x0000000605600000, 0x0000000605600000, 0x0000000605800000|  0%| F|  |TAMS 0x0000000605600000, 0x0000000605600000| Untracked 
|   8|0x0000000605800000, 0x0000000605800000, 0x0000000605a00000|  0%| F|  |TAMS 0x0000000605800000, 0x0000000605800000| Untracked 
|   9|0x0000000605a00000, 0x0000000605a00000, 0x0000000605c00000|  0%| F|  |TAMS 0x0000000605a00000, 0x0000000605a00000| Untracked 
|  10|0x0000000605c00000, 0x0000000605c00000, 0x0000000605e00000|  0%| F|  |TAMS 0x0000000605c00000, 0x0000000605c00000| Untracked 
|  11|0x0000000605e00000, 0x0000000605e00000, 0x0000000606000000|  0%| F|  |TAMS 0x0000000605e00000, 0x0000000605e00000| Untracked 
|  12|0x0000000606000000, 0x0000000606000000, 0x0000000606200000|  0%| F|  |TAMS 0x0000000606000000, 0x0000000606000000| Untracked 
|  13|0x0000000606200000, 0x0000000606200000, 0x0000000606400000|  0%| F|  |TAMS 0x0000000606200000, 0x0000000606200000| Untracked 
|  14|0x0000000606400000, 0x0000000606400000, 0x0000000606600000|  0%| F|  |TAMS 0x0000000606400000, 0x0000000606400000| Untracked 
|  15|0x0000000606600000, 0x0000000606600000, 0x0000000606800000|  0%| F|  |TAMS 0x0000000606600000, 0x0000000606600000| Untracked 
|  16|0x0000000606800000, 0x0000000606800000, 0x0000000606a00000|  0%| F|  |TAMS 0x0000000606800000, 0x0000000606800000| Untracked 
|  17|0x0000000606a00000, 0x0000000606a00000, 0x0000000606c00000|  0%| F|  |TAMS 0x0000000606a00000, 0x0000000606a00000| Untracked 
|  18|0x0000000606c00000, 0x0000000606c00000, 0x0000000606e00000|  0%| F|  |TAMS 0x0000000606c00000, 0x0000000606c00000| Untracked 
|  19|0x0000000606e00000, 0x0000000606e00000, 0x0000000607000000|  0%| F|  |TAMS 0x0000000606e00000, 0x0000000606e00000| Untracked 
|  20|0x0000000607000000, 0x0000000607000000, 0x0000000607200000|  0%| F|  |TAMS 0x0000000607000000, 0x0000000607000000| Untracked 
|  21|0x0000000607200000, 0x0000000607200000, 0x0000000607400000|  0%| F|  |TAMS 0x0000000607200000, 0x0000000607200000| Untracked 
|  22|0x0000000607400000, 0x0000000607400000, 0x0000000607600000|  0%| F|  |TAMS 0x0000000607400000, 0x0000000607400000| Untracked 
|  23|0x0000000607600000, 0x0000000607600000, 0x0000000607800000|  0%| F|  |TAMS 0x0000000607600000, 0x0000000607600000| Untracked 
|  24|0x0000000607800000, 0x0000000607800000, 0x0000000607a00000|  0%| F|  |TAMS 0x0000000607800000, 0x0000000607800000| Untracked 
|  25|0x0000000607a00000, 0x0000000607a00000, 0x0000000607c00000|  0%| F|  |TAMS 0x0000000607a00000, 0x0000000607a00000| Untracked 
|  26|0x0000000607c00000, 0x0000000607c00000, 0x0000000607e00000|  0%| F|  |TAMS 0x0000000607c00000, 0x0000000607c00000| Untracked 
|  27|0x0000000607e00000, 0x0000000607e00000, 0x0000000608000000|  0%| F|  |TAMS 0x0000000607e00000, 0x0000000607e00000| Untracked 
|  28|0x0000000608000000, 0x0000000608000000, 0x0000000608200000|  0%| F|  |TAMS 0x0000000608000000, 0x0000000608000000| Untracked 
|  29|0x0000000608200000, 0x0000000608200000, 0x0000000608400000|  0%| F|  |TAMS 0x0000000608200000, 0x0000000608200000| Untracked 
|  30|0x0000000608400000, 0x0000000608400000, 0x0000000608600000|  0%| F|  |TAMS 0x0000000608400000, 0x0000000608400000| Untracked 
|  31|0x0000000608600000, 0x0000000608600000, 0x0000000608800000|  0%| F|  |TAMS 0x0000000608600000, 0x0000000608600000| Untracked 
|  32|0x0000000608800000, 0x0000000608800000, 0x0000000608a00000|  0%| F|  |TAMS 0x0000000608800000, 0x0000000608800000| Untracked 
|  33|0x0000000608a00000, 0x0000000608a00000, 0x0000000608c00000|  0%| F|  |TAMS 0x0000000608a00000, 0x0000000608a00000| Untracked 
|  34|0x0000000608c00000, 0x0000000608c00000, 0x0000000608e00000|  0%| F|  |TAMS 0x0000000608c00000, 0x0000000608c00000| Untracked 
|  35|0x0000000608e00000, 0x0000000608e00000, 0x0000000609000000|  0%| F|  |TAMS 0x0000000608e00000, 0x0000000608e00000| Untracked 
|  36|0x0000000609000000, 0x0000000609000000, 0x0000000609200000|  0%| F|  |TAMS 0x0000000609000000, 0x0000000609000000| Untracked 
|  37|0x0000000609200000, 0x0000000609200000, 0x0000000609400000|  0%| F|  |TAMS 0x0000000609200000, 0x0000000609200000| Untracked 
|  38|0x0000000609400000, 0x0000000609400000, 0x0000000609600000|  0%| F|  |TAMS 0x0000000609400000, 0x0000000609400000| Untracked 
|  39|0x0000000609600000, 0x0000000609600000, 0x0000000609800000|  0%| F|  |TAMS 0x0000000609600000, 0x0000000609600000| Untracked 
|  40|0x0000000609800000, 0x0000000609800000, 0x0000000609a00000|  0%| F|  |TAMS 0x0000000609800000, 0x0000000609800000| Untracked 
|  41|0x0000000609a00000, 0x0000000609a00000, 0x0000000609c00000|  0%| F|  |TAMS 0x0000000609a00000, 0x0000000609a00000| Untracked 
|  42|0x0000000609c00000, 0x0000000609c00000, 0x0000000609e00000|  0%| F|  |TAMS 0x0000000609c00000, 0x0000000609c00000| Untracked 
|  43|0x0000000609e00000, 0x0000000609e00000, 0x000000060a000000|  0%| F|  |TAMS 0x0000000609e00000, 0x0000000609e00000| Untracked 
|  44|0x000000060a000000, 0x000000060a000000, 0x000000060a200000|  0%| F|  |TAMS 0x000000060a000000, 0x000000060a000000| Untracked 
|  45|0x000000060a200000, 0x000000060a200000, 0x000000060a400000|  0%| F|  |TAMS 0x000000060a200000, 0x000000060a200000| Untracked 
|  46|0x000000060a400000, 0x000000060a400000, 0x000000060a600000|  0%| F|  |TAMS 0x000000060a400000, 0x000000060a400000| Untracked 
|  47|0x000000060a600000, 0x000000060a600000, 0x000000060a800000|  0%| F|  |TAMS 0x000000060a600000, 0x000000060a600000| Untracked 
|  48|0x000000060a800000, 0x000000060a800000, 0x000000060aa00000|  0%| F|  |TAMS 0x000000060a800000, 0x000000060a800000| Untracked 
|  49|0x000000060aa00000, 0x000000060aa00000, 0x000000060ac00000|  0%| F|  |TAMS 0x000000060aa00000, 0x000000060aa00000| Untracked 
|  50|0x000000060ac00000, 0x000000060ac00000, 0x000000060ae00000|  0%| F|  |TAMS 0x000000060ac00000, 0x000000060ac00000| Untracked 
|  51|0x000000060ae00000, 0x000000060ae00000, 0x000000060b000000|  0%| F|  |TAMS 0x000000060ae00000, 0x000000060ae00000| Untracked 
|  52|0x000000060b000000, 0x000000060b000000, 0x000000060b200000|  0%| F|  |TAMS 0x000000060b000000, 0x000000060b000000| Untracked 
|  53|0x000000060b200000, 0x000000060b200000, 0x000000060b400000|  0%| F|  |TAMS 0x000000060b200000, 0x000000060b200000| Untracked 
|  54|0x000000060b400000, 0x000000060b400000, 0x000000060b600000|  0%| F|  |TAMS 0x000000060b400000, 0x000000060b400000| Untracked 
|  55|0x000000060b600000, 0x000000060b600000, 0x000000060b800000|  0%| F|  |TAMS 0x000000060b600000, 0x000000060b600000| Untracked 
|  56|0x000000060b800000, 0x000000060b800000, 0x000000060ba00000|  0%| F|  |TAMS 0x000000060b800000, 0x000000060b800000| Untracked 
|  57|0x000000060ba00000, 0x000000060ba00000, 0x000000060bc00000|  0%| F|  |TAMS 0x000000060ba00000, 0x000000060ba00000| Untracked 
|  58|0x000000060bc00000, 0x000000060bc00000, 0x000000060be00000|  0%| F|  |TAMS 0x000000060bc00000, 0x000000060bc00000| Untracked 
|  59|0x000000060be00000, 0x000000060be00000, 0x000000060c000000|  0%| F|  |TAMS 0x000000060be00000, 0x000000060be00000| Untracked 
|  60|0x000000060c000000, 0x000000060c000000, 0x000000060c200000|  0%| F|  |TAMS 0x000000060c000000, 0x000000060c000000| Untracked 
|  61|0x000000060c200000, 0x000000060c200000, 0x000000060c400000|  0%| F|  |TAMS 0x000000060c200000, 0x000000060c200000| Untracked 
|  62|0x000000060c400000, 0x000000060c400000, 0x000000060c600000|  0%| F|  |TAMS 0x000000060c400000, 0x000000060c400000| Untracked 
|  63|0x000000060c600000, 0x000000060c600000, 0x000000060c800000|  0%| F|  |TAMS 0x000000060c600000, 0x000000060c600000| Untracked 
|  64|0x000000060c800000, 0x000000060c800000, 0x000000060ca00000|  0%| F|  |TAMS 0x000000060c800000, 0x000000060c800000| Untracked 
|  65|0x000000060ca00000, 0x000000060ca00000, 0x000000060cc00000|  0%| F|  |TAMS 0x000000060ca00000, 0x000000060ca00000| Untracked 
|  66|0x000000060cc00000, 0x000000060cc00000, 0x000000060ce00000|  0%| F|  |TAMS 0x000000060cc00000, 0x000000060cc00000| Untracked 
|  67|0x000000060ce00000, 0x000000060ce00000, 0x000000060d000000|  0%| F|  |TAMS 0x000000060ce00000, 0x000000060ce00000| Untracked 
|  68|0x000000060d000000, 0x000000060d000000, 0x000000060d200000|  0%| F|  |TAMS 0x000000060d000000, 0x000000060d000000| Untracked 
|  69|0x000000060d200000, 0x000000060d200000, 0x000000060d400000|  0%| F|  |TAMS 0x000000060d200000, 0x000000060d200000| Untracked 
|  70|0x000000060d400000, 0x000000060d400000, 0x000000060d600000|  0%| F|  |TAMS 0x000000060d400000, 0x000000060d400000| Untracked 
|  71|0x000000060d600000, 0x000000060d600000, 0x000000060d800000|  0%| F|  |TAMS 0x000000060d600000, 0x000000060d600000| Untracked 
|  72|0x000000060d800000, 0x000000060d800000, 0x000000060da00000|  0%| F|  |TAMS 0x000000060d800000, 0x000000060d800000| Untracked 
|  73|0x000000060da00000, 0x000000060da00000, 0x000000060dc00000|  0%| F|  |TAMS 0x000000060da00000, 0x000000060da00000| Untracked 
|  74|0x000000060dc00000, 0x000000060dc00000, 0x000000060de00000|  0%| F|  |TAMS 0x000000060dc00000, 0x000000060dc00000| Untracked 
|  75|0x000000060de00000, 0x000000060de00000, 0x000000060e000000|  0%| F|  |TAMS 0x000000060de00000, 0x000000060de00000| Untracked 
|  76|0x000000060e000000, 0x000000060e000000, 0x000000060e200000|  0%| F|  |TAMS 0x000000060e000000, 0x000000060e000000| Untracked 
|  77|0x000000060e200000, 0x000000060e200000, 0x000000060e400000|  0%| F|  |TAMS 0x000000060e200000, 0x000000060e200000| Untracked 
|  78|0x000000060e400000, 0x000000060e400000, 0x000000060e600000|  0%| F|  |TAMS 0x000000060e400000, 0x000000060e400000| Untracked 
|  79|0x000000060e600000, 0x000000060e600000, 0x000000060e800000|  0%| F|  |TAMS 0x000000060e600000, 0x000000060e600000| Untracked 
|  80|0x000000060e800000, 0x000000060e800000, 0x000000060ea00000|  0%| F|  |TAMS 0x000000060e800000, 0x000000060e800000| Untracked 
|  81|0x000000060ea00000, 0x000000060ea00000, 0x000000060ec00000|  0%| F|  |TAMS 0x000000060ea00000, 0x000000060ea00000| Untracked 
|  82|0x000000060ec00000, 0x000000060ec00000, 0x000000060ee00000|  0%| F|  |TAMS 0x000000060ec00000, 0x000000060ec00000| Untracked 
|  83|0x000000060ee00000, 0x000000060ee00000, 0x000000060f000000|  0%| F|  |TAMS 0x000000060ee00000, 0x000000060ee00000| Untracked 
|  84|0x000000060f000000, 0x000000060f000000, 0x000000060f200000|  0%| F|  |TAMS 0x000000060f000000, 0x000000060f000000| Untracked 
|  85|0x000000060f200000, 0x000000060f200000, 0x000000060f400000|  0%| F|  |TAMS 0x000000060f200000, 0x000000060f200000| Untracked 
|  86|0x000000060f400000, 0x000000060f400000, 0x000000060f600000|  0%| F|  |TAMS 0x000000060f400000, 0x000000060f400000| Untracked 
|  87|0x000000060f600000, 0x000000060f600000, 0x000000060f800000|  0%| F|  |TAMS 0x000000060f600000, 0x000000060f600000| Untracked 
|  88|0x000000060f800000, 0x000000060f800000, 0x000000060fa00000|  0%| F|  |TAMS 0x000000060f800000, 0x000000060f800000| Untracked 
|  89|0x000000060fa00000, 0x000000060fa00000, 0x000000060fc00000|  0%| F|  |TAMS 0x000000060fa00000, 0x000000060fa00000| Untracked 
|  90|0x000000060fc00000, 0x000000060fc00000, 0x000000060fe00000|  0%| F|  |TAMS 0x000000060fc00000, 0x000000060fc00000| Untracked 
|  91|0x000000060fe00000, 0x000000060fe00000, 0x0000000610000000|  0%| F|  |TAMS 0x000000060fe00000, 0x000000060fe00000| Untracked 
|  92|0x0000000610000000, 0x0000000610000000, 0x0000000610200000|  0%| F|  |TAMS 0x0000000610000000, 0x0000000610000000| Untracked 
|  93|0x0000000610200000, 0x0000000610200000, 0x0000000610400000|  0%| F|  |TAMS 0x0000000610200000, 0x0000000610200000| Untracked 
|  94|0x0000000610400000, 0x0000000610400000, 0x0000000610600000|  0%| F|  |TAMS 0x0000000610400000, 0x0000000610400000| Untracked 
|  95|0x0000000610600000, 0x0000000610600000, 0x0000000610800000|  0%| F|  |TAMS 0x0000000610600000, 0x0000000610600000| Untracked 
|  96|0x0000000610800000, 0x0000000610800000, 0x0000000610a00000|  0%| F|  |TAMS 0x0000000610800000, 0x0000000610800000| Untracked 
|  97|0x0000000610a00000, 0x0000000610a00000, 0x0000000610c00000|  0%| F|  |TAMS 0x0000000610a00000, 0x0000000610a00000| Untracked 
|  98|0x0000000610c00000, 0x0000000610c00000, 0x0000000610e00000|  0%| F|  |TAMS 0x0000000610c00000, 0x0000000610c00000| Untracked 
|  99|0x0000000610e00000, 0x0000000610e00000, 0x0000000611000000|  0%| F|  |TAMS 0x0000000610e00000, 0x0000000610e00000| Untracked 
| 100|0x0000000611000000, 0x0000000611000000, 0x0000000611200000|  0%| F|  |TAMS 0x0000000611000000, 0x0000000611000000| Untracked 
| 101|0x0000000611200000, 0x0000000611200000, 0x0000000611400000|  0%| F|  |TAMS 0x0000000611200000, 0x0000000611200000| Untracked 
| 102|0x0000000611400000, 0x0000000611400000, 0x0000000611600000|  0%| F|  |TAMS 0x0000000611400000, 0x0000000611400000| Untracked 
| 103|0x0000000611600000, 0x0000000611600000, 0x0000000611800000|  0%| F|  |TAMS 0x0000000611600000, 0x0000000611600000| Untracked 
| 104|0x0000000611800000, 0x0000000611800000, 0x0000000611a00000|  0%| F|  |TAMS 0x0000000611800000, 0x0000000611800000| Untracked 
| 105|0x0000000611a00000, 0x0000000611a00000, 0x0000000611c00000|  0%| F|  |TAMS 0x0000000611a00000, 0x0000000611a00000| Untracked 
| 106|0x0000000611c00000, 0x0000000611c00000, 0x0000000611e00000|  0%| F|  |TAMS 0x0000000611c00000, 0x0000000611c00000| Untracked 
| 107|0x0000000611e00000, 0x0000000611e00000, 0x0000000612000000|  0%| F|  |TAMS 0x0000000611e00000, 0x0000000611e00000| Untracked 
| 108|0x0000000612000000, 0x0000000612000000, 0x0000000612200000|  0%| F|  |TAMS 0x0000000612000000, 0x0000000612000000| Untracked 
| 109|0x0000000612200000, 0x0000000612200000, 0x0000000612400000|  0%| F|  |TAMS 0x0000000612200000, 0x0000000612200000| Untracked 
| 110|0x0000000612400000, 0x0000000612400000, 0x0000000612600000|  0%| F|  |TAMS 0x0000000612400000, 0x0000000612400000| Untracked 
| 111|0x0000000612600000, 0x0000000612600000, 0x0000000612800000|  0%| F|  |TAMS 0x0000000612600000, 0x0000000612600000| Untracked 
| 112|0x0000000612800000, 0x0000000612800000, 0x0000000612a00000|  0%| F|  |TAMS 0x0000000612800000, 0x0000000612800000| Untracked 
| 113|0x0000000612a00000, 0x0000000612a00000, 0x0000000612c00000|  0%| F|  |TAMS 0x0000000612a00000, 0x0000000612a00000| Untracked 
| 114|0x0000000612c00000, 0x0000000612c00000, 0x0000000612e00000|  0%| F|  |TAMS 0x0000000612c00000, 0x0000000612c00000| Untracked 
| 115|0x0000000612e00000, 0x0000000612e00000, 0x0000000613000000|  0%| F|  |TAMS 0x0000000612e00000, 0x0000000612e00000| Untracked 
| 116|0x0000000613000000, 0x0000000613000000, 0x0000000613200000|  0%| F|  |TAMS 0x0000000613000000, 0x0000000613000000| Untracked 
| 117|0x0000000613200000, 0x0000000613200000, 0x0000000613400000|  0%| F|  |TAMS 0x0000000613200000, 0x0000000613200000| Untracked 
| 118|0x0000000613400000, 0x0000000613400000, 0x0000000613600000|  0%| F|  |TAMS 0x0000000613400000, 0x0000000613400000| Untracked 
| 119|0x0000000613600000, 0x0000000613600000, 0x0000000613800000|  0%| F|  |TAMS 0x0000000613600000, 0x0000000613600000| Untracked 
| 120|0x0000000613800000, 0x0000000613800000, 0x0000000613a00000|  0%| F|  |TAMS 0x0000000613800000, 0x0000000613800000| Untracked 
| 121|0x0000000613a00000, 0x0000000613a00000, 0x0000000613c00000|  0%| F|  |TAMS 0x0000000613a00000, 0x0000000613a00000| Untracked 
| 122|0x0000000613c00000, 0x0000000613c00000, 0x0000000613e00000|  0%| F|  |TAMS 0x0000000613c00000, 0x0000000613c00000| Untracked 
| 123|0x0000000613e00000, 0x0000000613e00000, 0x0000000614000000|  0%| F|  |TAMS 0x0000000613e00000, 0x0000000613e00000| Untracked 
| 124|0x0000000614000000, 0x0000000614000000, 0x0000000614200000|  0%| F|  |TAMS 0x0000000614000000, 0x0000000614000000| Untracked 
| 125|0x0000000614200000, 0x0000000614200000, 0x0000000614400000|  0%| F|  |TAMS 0x0000000614200000, 0x0000000614200000| Untracked 
| 126|0x0000000614400000, 0x0000000614400000, 0x0000000614600000|  0%| F|  |TAMS 0x0000000614400000, 0x0000000614400000| Untracked 
| 127|0x0000000614600000, 0x0000000614600000, 0x0000000614800000|  0%| F|  |TAMS 0x0000000614600000, 0x0000000614600000| Untracked 
| 128|0x0000000614800000, 0x0000000614800000, 0x0000000614a00000|  0%| F|  |TAMS 0x0000000614800000, 0x0000000614800000| Untracked 
| 129|0x0000000614a00000, 0x0000000614a00000, 0x0000000614c00000|  0%| F|  |TAMS 0x0000000614a00000, 0x0000000614a00000| Untracked 
| 130|0x0000000614c00000, 0x0000000614c00000, 0x0000000614e00000|  0%| F|  |TAMS 0x0000000614c00000, 0x0000000614c00000| Untracked 
| 131|0x0000000614e00000, 0x0000000614e00000, 0x0000000615000000|  0%| F|  |TAMS 0x0000000614e00000, 0x0000000614e00000| Untracked 
| 132|0x0000000615000000, 0x0000000615000000, 0x0000000615200000|  0%| F|  |TAMS 0x0000000615000000, 0x0000000615000000| Untracked 
| 133|0x0000000615200000, 0x0000000615200000, 0x0000000615400000|  0%| F|  |TAMS 0x0000000615200000, 0x0000000615200000| Untracked 
| 134|0x0000000615400000, 0x0000000615400000, 0x0000000615600000|  0%| F|  |TAMS 0x0000000615400000, 0x0000000615400000| Untracked 
| 135|0x0000000615600000, 0x0000000615600000, 0x0000000615800000|  0%| F|  |TAMS 0x0000000615600000, 0x0000000615600000| Untracked 
| 136|0x0000000615800000, 0x0000000615800000, 0x0000000615a00000|  0%| F|  |TAMS 0x0000000615800000, 0x0000000615800000| Untracked 
| 137|0x0000000615a00000, 0x0000000615a00000, 0x0000000615c00000|  0%| F|  |TAMS 0x0000000615a00000, 0x0000000615a00000| Untracked 
| 138|0x0000000615c00000, 0x0000000615c00000, 0x0000000615e00000|  0%| F|  |TAMS 0x0000000615c00000, 0x0000000615c00000| Untracked 
| 139|0x0000000615e00000, 0x0000000615e00000, 0x0000000616000000|  0%| F|  |TAMS 0x0000000615e00000, 0x0000000615e00000| Untracked 
| 140|0x0000000616000000, 0x0000000616000000, 0x0000000616200000|  0%| F|  |TAMS 0x0000000616000000, 0x0000000616000000| Untracked 
| 141|0x0000000616200000, 0x0000000616200000, 0x0000000616400000|  0%| F|  |TAMS 0x0000000616200000, 0x0000000616200000| Untracked 
| 142|0x0000000616400000, 0x0000000616400000, 0x0000000616600000|  0%| F|  |TAMS 0x0000000616400000, 0x0000000616400000| Untracked 
| 143|0x0000000616600000, 0x0000000616600000, 0x0000000616800000|  0%| F|  |TAMS 0x0000000616600000, 0x0000000616600000| Untracked 
| 144|0x0000000616800000, 0x0000000616800000, 0x0000000616a00000|  0%| F|  |TAMS 0x0000000616800000, 0x0000000616800000| Untracked 
| 145|0x0000000616a00000, 0x0000000616a00000, 0x0000000616c00000|  0%| F|  |TAMS 0x0000000616a00000, 0x0000000616a00000| Untracked 
| 146|0x0000000616c00000, 0x0000000616c00000, 0x0000000616e00000|  0%| F|  |TAMS 0x0000000616c00000, 0x0000000616c00000| Untracked 
| 147|0x0000000616e00000, 0x0000000616e00000, 0x0000000617000000|  0%| F|  |TAMS 0x0000000616e00000, 0x0000000616e00000| Untracked 
| 148|0x0000000617000000, 0x0000000617000000, 0x0000000617200000|  0%| F|  |TAMS 0x0000000617000000, 0x0000000617000000| Untracked 
| 149|0x0000000617200000, 0x0000000617200000, 0x0000000617400000|  0%| F|  |TAMS 0x0000000617200000, 0x0000000617200000| Untracked 
| 150|0x0000000617400000, 0x0000000617400000, 0x0000000617600000|  0%| F|  |TAMS 0x0000000617400000, 0x0000000617400000| Untracked 
| 151|0x0000000617600000, 0x0000000617600000, 0x0000000617800000|  0%| F|  |TAMS 0x0000000617600000, 0x0000000617600000| Untracked 
| 152|0x0000000617800000, 0x0000000617800000, 0x0000000617a00000|  0%| F|  |TAMS 0x0000000617800000, 0x0000000617800000| Untracked 
| 153|0x0000000617a00000, 0x0000000617a00000, 0x0000000617c00000|  0%| F|  |TAMS 0x0000000617a00000, 0x0000000617a00000| Untracked 
| 154|0x0000000617c00000, 0x0000000617c00000, 0x0000000617e00000|  0%| F|  |TAMS 0x0000000617c00000, 0x0000000617c00000| Untracked 
| 155|0x0000000617e00000, 0x0000000617e00000, 0x0000000618000000|  0%| F|  |TAMS 0x0000000617e00000, 0x0000000617e00000| Untracked 
| 156|0x0000000618000000, 0x0000000618000000, 0x0000000618200000|  0%| F|  |TAMS 0x0000000618000000, 0x0000000618000000| Untracked 
| 157|0x0000000618200000, 0x0000000618200000, 0x0000000618400000|  0%| F|  |TAMS 0x0000000618200000, 0x0000000618200000| Untracked 
| 158|0x0000000618400000, 0x0000000618400000, 0x0000000618600000|  0%| F|  |TAMS 0x0000000618400000, 0x0000000618400000| Untracked 
| 159|0x0000000618600000, 0x0000000618600000, 0x0000000618800000|  0%| F|  |TAMS 0x0000000618600000, 0x0000000618600000| Untracked 
| 160|0x0000000618800000, 0x0000000618800000, 0x0000000618a00000|  0%| F|  |TAMS 0x0000000618800000, 0x0000000618800000| Untracked 
| 161|0x0000000618a00000, 0x0000000618a00000, 0x0000000618c00000|  0%| F|  |TAMS 0x0000000618a00000, 0x0000000618a00000| Untracked 
| 162|0x0000000618c00000, 0x0000000618c00000, 0x0000000618e00000|  0%| F|  |TAMS 0x0000000618c00000, 0x0000000618c00000| Untracked 
| 163|0x0000000618e00000, 0x0000000618e00000, 0x0000000619000000|  0%| F|  |TAMS 0x0000000618e00000, 0x0000000618e00000| Untracked 
| 164|0x0000000619000000, 0x0000000619000000, 0x0000000619200000|  0%| F|  |TAMS 0x0000000619000000, 0x0000000619000000| Untracked 
| 165|0x0000000619200000, 0x0000000619200000, 0x0000000619400000|  0%| F|  |TAMS 0x0000000619200000, 0x0000000619200000| Untracked 
| 166|0x0000000619400000, 0x0000000619400000, 0x0000000619600000|  0%| F|  |TAMS 0x0000000619400000, 0x0000000619400000| Untracked 
| 167|0x0000000619600000, 0x0000000619600000, 0x0000000619800000|  0%| F|  |TAMS 0x0000000619600000, 0x0000000619600000| Untracked 
| 168|0x0000000619800000, 0x0000000619800000, 0x0000000619a00000|  0%| F|  |TAMS 0x0000000619800000, 0x0000000619800000| Untracked 
| 169|0x0000000619a00000, 0x0000000619a00000, 0x0000000619c00000|  0%| F|  |TAMS 0x0000000619a00000, 0x0000000619a00000| Untracked 
| 170|0x0000000619c00000, 0x0000000619c00000, 0x0000000619e00000|  0%| F|  |TAMS 0x0000000619c00000, 0x0000000619c00000| Untracked 
| 171|0x0000000619e00000, 0x0000000619e00000, 0x000000061a000000|  0%| F|  |TAMS 0x0000000619e00000, 0x0000000619e00000| Untracked 
| 172|0x000000061a000000, 0x000000061a000000, 0x000000061a200000|  0%| F|  |TAMS 0x000000061a000000, 0x000000061a000000| Untracked 
| 173|0x000000061a200000, 0x000000061a200000, 0x000000061a400000|  0%| F|  |TAMS 0x000000061a200000, 0x000000061a200000| Untracked 
| 174|0x000000061a400000, 0x000000061a400000, 0x000000061a600000|  0%| F|  |TAMS 0x000000061a400000, 0x000000061a400000| Untracked 
| 175|0x000000061a600000, 0x000000061a600000, 0x000000061a800000|  0%| F|  |TAMS 0x000000061a600000, 0x000000061a600000| Untracked 
| 176|0x000000061a800000, 0x000000061a9bbdf8, 0x000000061aa00000| 86%| E|  |TAMS 0x000000061a800000, 0x000000061a800000| Complete 
| 177|0x000000061aa00000, 0x000000061ac00000, 0x000000061ac00000|100%| E|CS|TAMS 0x000000061aa00000, 0x000000061aa00000| Complete 
| 178|0x000000061ac00000, 0x000000061ae00000, 0x000000061ae00000|100%| E|CS|TAMS 0x000000061ac00000, 0x000000061ac00000| Complete 
| 179|0x000000061ae00000, 0x000000061b000000, 0x000000061b000000|100%| E|CS|TAMS 0x000000061ae00000, 0x000000061ae00000| Complete 
| 180|0x000000061b000000, 0x000000061b200000, 0x000000061b200000|100%| E|CS|TAMS 0x000000061b000000, 0x000000061b000000| Complete 
| 181|0x000000061b200000, 0x000000061b400000, 0x000000061b400000|100%| E|  |TAMS 0x000000061b200000, 0x000000061b200000| Complete 
| 182|0x000000061b400000, 0x000000061b600000, 0x000000061b600000|100%| E|CS|TAMS 0x000000061b400000, 0x000000061b400000| Complete 
| 183|0x000000061b600000, 0x000000061b800000, 0x000000061b800000|100%| E|CS|TAMS 0x000000061b600000, 0x000000061b600000| Complete 
| 184|0x000000061b800000, 0x000000061ba00000, 0x000000061ba00000|100%| E|CS|TAMS 0x000000061b800000, 0x000000061b800000| Complete 
| 185|0x000000061ba00000, 0x000000061bc00000, 0x000000061bc00000|100%| E|CS|TAMS 0x000000061ba00000, 0x000000061ba00000| Complete 
| 186|0x000000061bc00000, 0x000000061be00000, 0x000000061be00000|100%| E|CS|TAMS 0x000000061bc00000, 0x000000061bc00000| Complete 
| 187|0x000000061be00000, 0x000000061c000000, 0x000000061c000000|100%| E|CS|TAMS 0x000000061be00000, 0x000000061be00000| Complete 
| 188|0x000000061c000000, 0x000000061c200000, 0x000000061c200000|100%| E|CS|TAMS 0x000000061c000000, 0x000000061c000000| Complete 
| 189|0x000000061c200000, 0x000000061c400000, 0x000000061c400000|100%| E|CS|TAMS 0x000000061c200000, 0x000000061c200000| Complete 
| 190|0x000000061c400000, 0x000000061c600000, 0x000000061c600000|100%| E|CS|TAMS 0x000000061c400000, 0x000000061c400000| Complete 
| 191|0x000000061c600000, 0x000000061c800000, 0x000000061c800000|100%| E|CS|TAMS 0x000000061c600000, 0x000000061c600000| Complete 
| 192|0x000000061c800000, 0x000000061ca00000, 0x000000061ca00000|100%| E|CS|TAMS 0x000000061c800000, 0x000000061c800000| Complete 
| 193|0x000000061ca00000, 0x000000061cc00000, 0x000000061cc00000|100%| E|CS|TAMS 0x000000061ca00000, 0x000000061ca00000| Complete 
| 194|0x000000061cc00000, 0x000000061ce00000, 0x000000061ce00000|100%| E|CS|TAMS 0x000000061cc00000, 0x000000061cc00000| Complete 
| 195|0x000000061ce00000, 0x000000061d000000, 0x000000061d000000|100%| E|CS|TAMS 0x000000061ce00000, 0x000000061ce00000| Complete 
| 196|0x000000061d000000, 0x000000061d200000, 0x000000061d200000|100%| E|CS|TAMS 0x000000061d000000, 0x000000061d000000| Complete 
| 197|0x000000061d200000, 0x000000061d400000, 0x000000061d400000|100%| E|CS|TAMS 0x000000061d200000, 0x000000061d200000| Complete 
| 198|0x000000061d400000, 0x000000061d600000, 0x000000061d600000|100%| E|CS|TAMS 0x000000061d400000, 0x000000061d400000| Complete 
| 199|0x000000061d600000, 0x000000061d800000, 0x000000061d800000|100%| E|CS|TAMS 0x000000061d600000, 0x000000061d600000| Complete 
| 200|0x000000061d800000, 0x000000061da00000, 0x000000061da00000|100%| E|CS|TAMS 0x000000061d800000, 0x000000061d800000| Complete 
| 201|0x000000061da00000, 0x000000061dc00000, 0x000000061dc00000|100%| E|CS|TAMS 0x000000061da00000, 0x000000061da00000| Complete 
| 202|0x000000061dc00000, 0x000000061de00000, 0x000000061de00000|100%| E|CS|TAMS 0x000000061dc00000, 0x000000061dc00000| Complete 
| 203|0x000000061de00000, 0x000000061e000000, 0x000000061e000000|100%| E|CS|TAMS 0x000000061de00000, 0x000000061de00000| Complete 
| 204|0x000000061e000000, 0x000000061e200000, 0x000000061e200000|100%| E|CS|TAMS 0x000000061e000000, 0x000000061e000000| Complete 
| 205|0x000000061e200000, 0x000000061e400000, 0x000000061e400000|100%| E|CS|TAMS 0x000000061e200000, 0x000000061e200000| Complete 
| 206|0x000000061e400000, 0x000000061e600000, 0x000000061e600000|100%| E|CS|TAMS 0x000000061e400000, 0x000000061e400000| Complete 
| 207|0x000000061e600000, 0x000000061e800000, 0x000000061e800000|100%| E|CS|TAMS 0x000000061e600000, 0x000000061e600000| Complete 
| 208|0x000000061e800000, 0x000000061ea00000, 0x000000061ea00000|100%| E|CS|TAMS 0x000000061e800000, 0x000000061e800000| Complete 
| 209|0x000000061ea00000, 0x000000061ec00000, 0x000000061ec00000|100%| E|CS|TAMS 0x000000061ea00000, 0x000000061ea00000| Complete 
| 210|0x000000061ec00000, 0x000000061ee00000, 0x000000061ee00000|100%| E|CS|TAMS 0x000000061ec00000, 0x000000061ec00000| Complete 
| 211|0x000000061ee00000, 0x000000061f000000, 0x000000061f000000|100%| E|CS|TAMS 0x000000061ee00000, 0x000000061ee00000| Complete 
| 212|0x000000061f000000, 0x000000061f200000, 0x000000061f200000|100%| E|CS|TAMS 0x000000061f000000, 0x000000061f000000| Complete 
| 213|0x000000061f200000, 0x000000061f400000, 0x000000061f400000|100%| E|CS|TAMS 0x000000061f200000, 0x000000061f200000| Complete 
| 214|0x000000061f400000, 0x000000061f600000, 0x000000061f600000|100%| E|CS|TAMS 0x000000061f400000, 0x000000061f400000| Complete 
| 215|0x000000061f600000, 0x000000061f800000, 0x000000061f800000|100%| E|CS|TAMS 0x000000061f600000, 0x000000061f600000| Complete 
| 216|0x000000061f800000, 0x000000061fa00000, 0x000000061fa00000|100%| E|CS|TAMS 0x000000061f800000, 0x000000061f800000| Complete 
| 217|0x000000061fa00000, 0x000000061fc00000, 0x000000061fc00000|100%| E|CS|TAMS 0x000000061fa00000, 0x000000061fa00000| Complete 
| 218|0x000000061fc00000, 0x000000061fe00000, 0x000000061fe00000|100%| E|CS|TAMS 0x000000061fc00000, 0x000000061fc00000| Complete 
| 219|0x000000061fe00000, 0x0000000620000000, 0x0000000620000000|100%| E|CS|TAMS 0x000000061fe00000, 0x000000061fe00000| Complete 
| 220|0x0000000620000000, 0x0000000620200000, 0x0000000620200000|100%| E|CS|TAMS 0x0000000620000000, 0x0000000620000000| Complete 
| 221|0x0000000620200000, 0x0000000620400000, 0x0000000620400000|100%| E|CS|TAMS 0x0000000620200000, 0x0000000620200000| Complete 
| 222|0x0000000620400000, 0x0000000620600000, 0x0000000620600000|100%| E|CS|TAMS 0x0000000620400000, 0x0000000620400000| Complete 
| 223|0x0000000620600000, 0x0000000620800000, 0x0000000620800000|100%| E|CS|TAMS 0x0000000620600000, 0x0000000620600000| Complete 
| 224|0x0000000620800000, 0x0000000620a00000, 0x0000000620a00000|100%| E|CS|TAMS 0x0000000620800000, 0x0000000620800000| Complete 
| 225|0x0000000620a00000, 0x0000000620c00000, 0x0000000620c00000|100%| E|CS|TAMS 0x0000000620a00000, 0x0000000620a00000| Complete 
| 226|0x0000000620c00000, 0x0000000620e00000, 0x0000000620e00000|100%| E|CS|TAMS 0x0000000620c00000, 0x0000000620c00000| Complete 
| 227|0x0000000620e00000, 0x0000000621000000, 0x0000000621000000|100%| E|CS|TAMS 0x0000000620e00000, 0x0000000620e00000| Complete 
| 228|0x0000000621000000, 0x0000000621200000, 0x0000000621200000|100%| E|CS|TAMS 0x0000000621000000, 0x0000000621000000| Complete 
| 229|0x0000000621200000, 0x0000000621400000, 0x0000000621400000|100%| E|CS|TAMS 0x0000000621200000, 0x0000000621200000| Complete 
| 230|0x0000000621400000, 0x0000000621600000, 0x0000000621600000|100%| E|CS|TAMS 0x0000000621400000, 0x0000000621400000| Complete 
| 231|0x0000000621600000, 0x00000006217d6e98, 0x0000000621800000| 91%| S|CS|TAMS 0x0000000621600000, 0x0000000621600000| Complete 
| 232|0x0000000621800000, 0x0000000621a00000, 0x0000000621a00000|100%| S|CS|TAMS 0x0000000621800000, 0x0000000621800000| Complete 
| 233|0x0000000621a00000, 0x0000000621c00000, 0x0000000621c00000|100%| E|CS|TAMS 0x0000000621a00000, 0x0000000621a00000| Complete 
| 234|0x0000000621c00000, 0x0000000621e00000, 0x0000000621e00000|100%| E|CS|TAMS 0x0000000621c00000, 0x0000000621c00000| Complete 
| 235|0x0000000621e00000, 0x0000000622000000, 0x0000000622000000|100%| E|CS|TAMS 0x0000000621e00000, 0x0000000621e00000| Complete 
| 236|0x0000000622000000, 0x0000000622200000, 0x0000000622200000|100%| E|CS|TAMS 0x0000000622000000, 0x0000000622000000| Complete 
| 237|0x0000000622200000, 0x0000000622400000, 0x0000000622400000|100%| E|CS|TAMS 0x0000000622200000, 0x0000000622200000| Complete 
| 238|0x0000000622400000, 0x0000000622600000, 0x0000000622600000|100%| E|CS|TAMS 0x0000000622400000, 0x0000000622400000| Complete 
| 239|0x0000000622600000, 0x0000000622800000, 0x0000000622800000|100%| E|CS|TAMS 0x0000000622600000, 0x0000000622600000| Complete 
| 240|0x0000000622800000, 0x0000000622a00000, 0x0000000622a00000|100%| E|CS|TAMS 0x0000000622800000, 0x0000000622800000| Complete 
| 241|0x0000000622a00000, 0x0000000622c00000, 0x0000000622c00000|100%| E|CS|TAMS 0x0000000622a00000, 0x0000000622a00000| Complete 
| 242|0x0000000622c00000, 0x0000000622e00000, 0x0000000622e00000|100%| E|CS|TAMS 0x0000000622c00000, 0x0000000622c00000| Complete 
| 243|0x0000000622e00000, 0x0000000623000000, 0x0000000623000000|100%| E|CS|TAMS 0x0000000622e00000, 0x0000000622e00000| Complete 
| 244|0x0000000623000000, 0x0000000623200000, 0x0000000623200000|100%| E|CS|TAMS 0x0000000623000000, 0x0000000623000000| Complete 
| 245|0x0000000623200000, 0x0000000623400000, 0x0000000623400000|100%| E|CS|TAMS 0x0000000623200000, 0x0000000623200000| Complete 
| 246|0x0000000623400000, 0x0000000623600000, 0x0000000623600000|100%| E|CS|TAMS 0x0000000623400000, 0x0000000623400000| Complete 
| 247|0x0000000623600000, 0x0000000623800000, 0x0000000623800000|100%| E|CS|TAMS 0x0000000623600000, 0x0000000623600000| Complete 
| 248|0x0000000623800000, 0x0000000623a00000, 0x0000000623a00000|100%| E|CS|TAMS 0x0000000623800000, 0x0000000623800000| Complete 
| 249|0x0000000623a00000, 0x0000000623c00000, 0x0000000623c00000|100%| E|CS|TAMS 0x0000000623a00000, 0x0000000623a00000| Complete 
| 250|0x0000000623c00000, 0x0000000623e00000, 0x0000000623e00000|100%| E|CS|TAMS 0x0000000623c00000, 0x0000000623c00000| Complete 
| 251|0x0000000623e00000, 0x0000000624000000, 0x0000000624000000|100%| E|CS|TAMS 0x0000000623e00000, 0x0000000623e00000| Complete 
| 252|0x0000000624000000, 0x0000000624200000, 0x0000000624200000|100%| E|CS|TAMS 0x0000000624000000, 0x0000000624000000| Complete 
| 253|0x0000000624200000, 0x0000000624400000, 0x0000000624400000|100%| E|CS|TAMS 0x0000000624200000, 0x0000000624200000| Complete 

Card table byte_map: [0x000001fc76d60000,0x000001fc77d40000] _byte_map_base: 0x000001fc73d3c000

Marking Bits (Prev, Next): (CMBitMap*) 0x000001fc5ddd6348, (CMBitMap*) 0x000001fc5ddd6388
 Prev Bits: [0x000001fc00000000, 0x000001fc07ee0000)
 Next Bits: [0x000001fc07ee0000, 0x000001fc0fdc0000)

Polling page: 0x000001fc5ba90000

Metaspace:

Usage:
  Non-class:     15.29 MB capacity,    14.86 MB ( 97%) used,   368.73 KB (  2%) free+waste,    71.25 KB ( <1%) overhead. 
      Class:      2.71 MB capacity,     2.45 MB ( 90%) used,   234.27 KB (  8%) free+waste,    36.69 KB (  1%) overhead. 
       Both:     18.01 MB capacity,    17.31 MB ( 96%) used,   603.00 KB (  3%) free+waste,   107.94 KB ( <1%) overhead. 

Virtual space:
  Non-class space:       16.00 MB reserved,      15.50 MB ( 97%) committed 
      Class space:        1.00 GB reserved,       2.75 MB ( <1%) committed 
             Both:        1.02 GB reserved,      18.25 MB (  2%) committed 

Chunk freelists:
   Non-Class:  20.00 KB
       Class:  6.00 KB
        Both:  26.00 KB

MaxMetaspaceSize: 17179869184.00 GB
CompressedClassSpaceSize: 1.00 GB

CodeHeap 'non-profiled nmethods': size=119168Kb used=1233Kb max_used=1233Kb free=117934Kb
 bounds [0x000001fc6e0a0000, 0x000001fc6e310000, 0x000001fc75500000]
CodeHeap 'profiled nmethods': size=119104Kb used=5315Kb max_used=5315Kb free=113788Kb
 bounds [0x000001fc66c50000, 0x000001fc67190000, 0x000001fc6e0a0000]
CodeHeap 'non-nmethods': size=7488Kb used=1742Kb max_used=3461Kb free=5745Kb
 bounds [0x000001fc66500000, 0x000001fc668e0000, 0x000001fc66c50000]
 total_blobs=4603 nmethods=2734 adapters=959
 compilation: enabled
              stopped_count=0, restarted_count=0
 full_count=0

Compilation events (20 events):
Event: 8.116 Thread 0x000001fc7c7e4800 2729       3       java.util.concurrent.CountDownLatch$Sync::tryAcquireShared (13 bytes)
Event: 8.116 Thread 0x000001fc7c914800 2732       3       java.util.WeakHashMap::entrySet (27 bytes)
Event: 8.116 Thread 0x000001fc7c7e4800 nmethod 2729 0x000001fc6717df10 code [0x000001fc6717e0a0, 0x000001fc6717e238]
Event: 8.116 Thread 0x000001fc7c7e4800 2733       3       java.util.WeakHashMap$EntrySet::iterator (12 bytes)
Event: 8.116 Thread 0x000001fc7c7e4800 nmethod 2733 0x000001fc6717e310 code [0x000001fc6717e4c0, 0x000001fc6717e768]
Event: 8.116 Thread 0x000001fc7c7e4800 2734       3       java.util.WeakHashMap$EntryIterator::<init> (11 bytes)
Event: 8.116 Thread 0x000001fc7c914800 nmethod 2732 0x000001fc6717e890 code [0x000001fc6717ea60, 0x000001fc6717ee78]
Event: 8.117 Thread 0x000001fc7c914800 2730       1       com.sun.javafx.sg.prism.NGCamera::getViewWidth (5 bytes)
Event: 8.117 Thread 0x000001fc7c914800 nmethod 2730 0x000001fc6e1d3f10 code [0x000001fc6e1d40a0, 0x000001fc6e1d4178]
Event: 8.117 Thread 0x000001fc7c914800 2731       1       com.sun.javafx.sg.prism.NGCamera::getViewHeight (5 bytes)
Event: 8.117 Thread 0x000001fc7c7e4800 nmethod 2734 0x000001fc6717f010 code [0x000001fc6717f1c0, 0x000001fc6717f388]
Event: 8.117 Thread 0x000001fc7c914800 nmethod 2731 0x000001fc6e1d4210 code [0x000001fc6e1d43a0, 0x000001fc6e1d4478]
Event: 8.193 Thread 0x000001fc7c914800 2735       3       java.lang.Module::isStaticallyExportedOrOpen (70 bytes)
Event: 8.193 Thread 0x000001fc7c914800 nmethod 2735 0x000001fc6717f410 code [0x000001fc6717f600, 0x000001fc6717fd18]
Event: 8.255 Thread 0x000001fc7c914800 2736       3       java.util.concurrent.ConcurrentHashMap$BaseIterator::<init> (21 bytes)
Event: 8.255 Thread 0x000001fc7c7e4800 2737       3       java.util.concurrent.ConcurrentHashMap$Traverser::<init> (36 bytes)
Event: 8.255 Thread 0x000001fc7c7e4800 nmethod 2737 0x000001fc6717ff10 code [0x000001fc671800c0, 0x000001fc671802d8]
Event: 8.256 Thread 0x000001fc7c914800 nmethod 2736 0x000001fc67180390 code [0x000001fc67180540, 0x000001fc67180758]
Event: 8.284 Thread 0x000001fc7c7e4800 2738       3       java.nio.CharBuffer::arrayOffset (35 bytes)
Event: 8.284 Thread 0x000001fc7c7e4800 nmethod 2738 0x000001fc67180810 code [0x000001fc671809e0, 0x000001fc67180cf8]

GC Heap History (4 events):
Event: 1.509 GC heap before
{Heap before GC invocations=0 (full 0):
 garbage-first heap   total 520192K, used 22528K [0x0000000604800000, 0x0000000800000000)
  region size 2048K, 12 young (24576K), 0 survivors (0K)
 Metaspace       used 6692K, capacity 9071K, committed 9344K, reserved 1056768K
  class space    used 765K, capacity 1054K, committed 1152K, reserved 1048576K
}
Event: 1.515 GC heap after
{Heap after GC invocations=1 (full 0):
 garbage-first heap   total 520192K, used 3287K [0x0000000604800000, 0x0000000800000000)
  region size 2048K, 2 young (4096K), 2 survivors (4096K)
 Metaspace       used 6692K, capacity 9071K, committed 9344K, reserved 1056768K
  class space    used 765K, capacity 1054K, committed 1152K, reserved 1048576K
}
Event: 3.649 GC heap before
{Heap before GC invocations=1 (full 0):
 garbage-first heap   total 520192K, used 44247K [0x0000000604800000, 0x0000000800000000)
  region size 2048K, 21 young (43008K), 2 survivors (4096K)
 Metaspace       used 16163K, capacity 17340K, committed 17536K, reserved 1064960K
  class space    used 2344K, capacity 2644K, committed 2688K, reserved 1048576K
}
Event: 3.657 GC heap after
{Heap after GC invocations=2 (full 0):
 garbage-first heap   total 520192K, used 9169K [0x0000000604800000, 0x0000000800000000)
  region size 2048K, 2 young (4096K), 2 survivors (4096K)
 Metaspace       used 16163K, capacity 17340K, committed 17536K, reserved 1064960K
  class space    used 2344K, capacity 2644K, committed 2688K, reserved 1048576K
}

Deoptimization events (20 events):
Event: 6.162 Thread 0x000001fc19535000 DEOPT PACKING pc=0x000001fc6e1055c8 sp=0x000000bd94bfdb90
Event: 6.162 Thread 0x000001fc19535000 DEOPT UNPACKING pc=0x000001fc6654912f sp=0x000000bd94bfdb78 mode 2
Event: 6.168 Thread 0x000001fc19535000 Uncommon trap: trap_request=0xffffffc6 fr.pc=0x000001fc6e1055c8 relative=0x0000000000000b08
Event: 6.168 Thread 0x000001fc19535000 Uncommon trap: reason=bimorphic_or_optimized_type_check action=maybe_recompile pc=0x000001fc6e1055c8 method=java.io.DataInputStream.readFully([BII)V @ 34 c2
Event: 6.168 Thread 0x000001fc19535000 DEOPT PACKING pc=0x000001fc6e1055c8 sp=0x000000bd94bfdb90
Event: 6.168 Thread 0x000001fc19535000 DEOPT UNPACKING pc=0x000001fc6654912f sp=0x000000bd94bfdb78 mode 2
Event: 6.212 Thread 0x000001fc19534000 DEOPT PACKING pc=0x000001fc670fde12 sp=0x000000bd94afe8d0
Event: 6.212 Thread 0x000001fc19534000 DEOPT UNPACKING pc=0x000001fc6654964e sp=0x000000bd94afde20 mode 0
Event: 6.292 Thread 0x000001fc19534000 Uncommon trap: trap_request=0xffffff45 fr.pc=0x000001fc6e11d7d4 relative=0x00000000000004d4
Event: 6.292 Thread 0x000001fc19534000 Uncommon trap: reason=unstable_if action=reinterpret pc=0x000001fc6e11d7d4 method=java.lang.AbstractStringBuilder.append(C)Ljava/lang/AbstractStringBuilder; @ 21 c2
Event: 6.292 Thread 0x000001fc19534000 DEOPT PACKING pc=0x000001fc6e11d7d4 sp=0x000000bd94afd8d0
Event: 6.292 Thread 0x000001fc19534000 DEOPT UNPACKING pc=0x000001fc6654912f sp=0x000000bd94afd868 mode 2
Event: 6.292 Thread 0x000001fc19534000 Uncommon trap: trap_request=0xffffff45 fr.pc=0x000001fc6e0edcb4 relative=0x0000000000000434
Event: 6.292 Thread 0x000001fc19534000 Uncommon trap: reason=unstable_if action=reinterpret pc=0x000001fc6e0edcb4 method=java.lang.AbstractStringBuilder.isLatin1()Z @ 10 c2
Event: 6.292 Thread 0x000001fc19534000 DEOPT PACKING pc=0x000001fc6e0edcb4 sp=0x000000bd94afd8e0
Event: 6.293 Thread 0x000001fc19534000 DEOPT UNPACKING pc=0x000001fc6654912f sp=0x000000bd94afd870 mode 2
Event: 6.958 Thread 0x000001fc1953a800 Uncommon trap: trap_request=0xffffffbe fr.pc=0x000001fc6e12c56c relative=0x0000000000000a8c
Event: 6.958 Thread 0x000001fc1953a800 Uncommon trap: reason=profile_predicate action=maybe_recompile pc=0x000001fc6e12c56c method=java.lang.PublicMethods$MethodList.filter([Ljava/lang/reflect/Method;Ljava/lang/String;[Ljava/lang/Class;Z)Ljava/lang/PublicMethods$MethodList; @ 17 c2
Event: 6.958 Thread 0x000001fc1953a800 DEOPT PACKING pc=0x000001fc6e12c56c sp=0x000000bd96efdf20
Event: 6.958 Thread 0x000001fc1953a800 DEOPT UNPACKING pc=0x000001fc6654912f sp=0x000000bd96efdef8 mode 2

Classes unloaded (0 events):
No events

Classes redefined (0 events):
No events

Internal exceptions (20 events):
Event: 1.448 Thread 0x000001fc7d81f800 Exception <a 'java/lang/NullPointerException'{0x0000000622fee230}> (0x0000000622fee230) 
thrown [./open/src/hotspot/share/interpreter/linkResolver.cpp, line 1348]
Event: 1.457 Thread 0x000001fc7d81f800 Exception <a 'java/lang/NoSuchMethodError'{0x0000000622c2d790}: 'void java.lang.invoke.DirectMethodHandle$Holder.invokeSpecial(java.lang.Object, java.lang.Object, java.lang.Object, java.lang.Object, java.lang.Object)'> (0x0000000622c2d790) 
thrown [./open/src/hotspot/share/interpreter/linkResolver.cpp, line 766]
Event: 1.757 Thread 0x000001fc7d81f800 Exception <a 'java/lang/NoSuchMethodError'{0x000000062380ae80}: 'void java.lang.invoke.DirectMethodHandle$Holder.invokeStaticInit(java.lang.Object, java.lang.Object)'> (0x000000062380ae80) 
thrown [./open/src/hotspot/share/interpreter/linkResolver.cpp, line 766]
Event: 1.810 Thread 0x000001fc7d81f800 Exception <a 'java/lang/NoSuchMethodError'{0x00000006239b5970}: 'void java.lang.invoke.DirectMethodHandle$Holder.invokeSpecial(java.lang.Object, java.lang.Object, java.lang.Object, java.lang.Object)'> (0x00000006239b5970) 
thrown [./open/src/hotspot/share/interpreter/linkResolver.cpp, line 766]
Event: 1.922 Thread 0x000001fc7d81f800 Implicit null exception at 0x000001fc6e10c0a6 to 0x000001fc6e10c558
Event: 1.935 Thread 0x000001fc7d81f800 Implicit null exception at 0x000001fc6e101f2f to 0x000001fc6e101fb1
Event: 2.120 Thread 0x000001fc7d81f800 Exception <a 'java/lang/NoSuchMethodError'{0x0000000622e7c6f8}: 'java.lang.Object java.lang.invoke.Invokers$Holder.linkToTargetMethod(java.lang.Object, int, java.lang.Object)'> (0x0000000622e7c6f8) 
thrown [./open/src/hotspot/share/interpreter/linkResolver.cpp, line 766]
Event: 2.139 Thread 0x000001fc7d81f800 Exception <a 'java/lang/NoSuchMethodError'{0x0000000622ef6a90}: 'java.lang.Object java.lang.invoke.DirectMethodHandle$Holder.invokeInterface(java.lang.Object, java.lang.Object, java.lang.Object)'> (0x0000000622ef6a90) 
thrown [./open/src/hotspot/share/interpreter/linkResolver.cpp, line 766]
Event: 2.139 Thread 0x000001fc7d81f800 Exception <a 'java/lang/IncompatibleClassChangeError'{0x0000000622ef9920}: Found class java.lang.Object, but interface was expected> (0x0000000622ef9920) 
thrown [./open/src/hotspot/share/interpreter/linkResolver.cpp, line 832]
Event: 2.462 Thread 0x000001fc7d81f800 Exception <a 'java/lang/NoSuchMethodError'{0x00000006220f0788}: 'long java.lang.invoke.DirectMethodHandle$Holder.invokeStatic(java.lang.Object, java.lang.Object, java.lang.Object)'> (0x00000006220f0788) 
thrown [./open/src/hotspot/share/interpreter/linkResolver.cpp, line 766]
Event: 2.463 Thread 0x000001fc7d81f800 Exception <a 'java/lang/NoSuchMethodError'{0x00000006220f3430}: 'long java.lang.invoke.DirectMethodHandle$Holder.invokeStaticInit(java.lang.Object, java.lang.Object, java.lang.Object)'> (0x00000006220f3430) 
thrown [./open/src/hotspot/share/interpreter/linkResolver.cpp, line 766]
Event: 2.467 Thread 0x000001fc7d81f800 Exception <a 'java/lang/NoSuchMethodError'{0x0000000622107700}: 'java.lang.Object java.lang.invoke.Invokers$Holder.linkToTargetMethod(java.lang.Object, long, java.lang.Object)'> (0x0000000622107700) 
thrown [./open/src/hotspot/share/interpreter/linkResolver.cpp, line 766]
Event: 2.507 Thread 0x000001fc7d110800 Exception <a 'java/lang/NoSuchMethodError'{0x0000000621ea0b98}: 'int java.lang.invoke.DirectMethodHandle$Holder.invokeStaticInit(java.lang.Object, java.lang.Object)'> (0x0000000621ea0b98) 
thrown [./open/src/hotspot/share/interpreter/linkResolver.cpp, line 766]
Event: 2.714 Thread 0x000001fc7d110800 Exception <a 'java/lang/NoSuchMethodError'{0x0000000621ae43a0}: 'java.lang.Object java.lang.invoke.DirectMethodHandle$Holder.invokeStaticInit(java.lang.Object, int)'> (0x0000000621ae43a0) 
thrown [./open/src/hotspot/share/interpreter/linkResolver.cpp, line 766]
Event: 3.660 Thread 0x000001fc7d81f800 Exception <a 'java/lang/NoSuchMethodError'{0x0000000624000cd0}: 'java.lang.Object java.lang.invoke.DirectMethodHandle$Holder.invokeStatic(java.lang.Object, java.lang.Object, int, int, int, int, int, java.lang.Object)'> (0x0000000624000cd0) 
thrown [./open/src/hotspot/share/interpreter/linkResolver.cpp, line 766]
Event: 3.662 Thread 0x000001fc7d81f800 Exception <a 'java/lang/NoSuchMethodError'{0x00000006240101e0}: 'java.lang.Object java.lang.invoke.DirectMethodHandle$Holder.invokeStatic(java.lang.Object, java.lang.Object, java.lang.Object, int, int, int, int, int)'> (0x00000006240101e0) 
thrown [./open/src/hotspot/share/interpreter/linkResolver.cpp, line 766]
Event: 3.662 Thread 0x000001fc7d81f800 Exception <a 'java/lang/NoSuchMethodError'{0x0000000624016058}: 'java.lang.Object java.lang.invoke.Invokers$Holder.linkToTargetMethod(java.lang.Object, java.lang.Object, int, int, int, int, int, java.lang.Object)'> (0x0000000624016058) 
thrown [./open/src/hotspot/share/interpreter/linkResolver.cpp, line 766]
Event: 3.728 Thread 0x000001fc7d81f800 Exception <a 'java/lang/NoSuchMethodError'{0x00000006240a5198}: 'java.lang.Object java.lang.invoke.DirectMethodHandle$Holder.invokeStaticInit(java.lang.Object, int, int, int, int)'> (0x00000006240a5198) 
thrown [./open/src/hotspot/share/interpreter/linkResolver.cpp, line 766]
Event: 3.787 Thread 0x000001fc7d81f800 Exception <a 'java/lang/NoSuchMethodError'{0x0000000623e92ab0}: 'java.lang.Object java.lang.invoke.DirectMethodHandle$Holder.invokeStaticInit(java.lang.Object, java.lang.Object, int, int, int, int)'> (0x0000000623e92ab0) 
thrown [./open/src/hotspot/share/interpreter/linkResolver.cpp, line 766]
Event: 8.283 Thread 0x000001fc19535800 Exception <a 'java/lang/InterruptedException'{0x000000061ae8fe18}: sleep interrupted> (0x000000061ae8fe18) 
thrown [./open/src/hotspot/share/prims/jvm.cpp, line 3074]

Events (20 events):
Event: 13.979 Executing VM operation: SetFramePop
Event: 13.979 Executing VM operation: SetFramePop done
Event: 13.979 Executing VM operation: GetFrameLocation
Event: 13.979 Executing VM operation: GetFrameLocation done
Event: 13.980 Executing VM operation: GetFrameCount
Event: 13.980 Executing VM operation: GetFrameCount done
Event: 13.980 Executing VM operation: SetFramePop
Event: 13.981 Executing VM operation: SetFramePop done
Event: 13.981 Executing VM operation: GetFrameLocation
Event: 13.981 Executing VM operation: GetFrameLocation done
Event: 13.981 Executing VM operation: GetCurrentLocation
Event: 13.981 Executing VM operation: GetCurrentLocation done
Event: 13.981 Executing VM operation: ChangeSingleStep
Event: 13.981 Executing VM operation: ChangeSingleStep done
Event: 13.982 Executing VM operation: ChangeSingleStep
Event: 13.982 Executing VM operation: ChangeSingleStep done
Event: 13.982 Executing VM operation: GetCurrentLocation
Event: 13.983 Executing VM operation: GetCurrentLocation done
Event: 13.983 Executing VM operation: ChangeSingleStep
Event: 13.983 Executing VM operation: ChangeSingleStep done


Dynamic libraries:
0x00007ff7b32d0000 - 0x00007ff7b32df000 	C:\Program Files\Java\jdk-14.0.1\bin\java.exe
0x00007ff9c2b90000 - 0x00007ff9c2d86000 	C:\WINDOWS\SYSTEM32\ntdll.dll
0x00007ff9c1630000 - 0x00007ff9c16ed000 	C:\WINDOWS\System32\KERNEL32.DLL
0x00007ff9c0820000 - 0x00007ff9c0ae9000 	C:\WINDOWS\System32\KERNELBASE.dll
0x00007ff9c0640000 - 0x00007ff9c0740000 	C:\WINDOWS\System32\ucrtbase.dll
0x00007ff9b9cd0000 - 0x00007ff9b9ce8000 	C:\Program Files\Java\jdk-14.0.1\bin\jli.dll
0x00007ff9b6340000 - 0x00007ff9b6355000 	C:\Program Files\Java\jdk-14.0.1\bin\VCRUNTIME140.dll
0x00007ff9c1fc0000 - 0x00007ff9c206c000 	C:\WINDOWS\System32\ADVAPI32.dll
0x00007ff9c22e0000 - 0x00007ff9c237e000 	C:\WINDOWS\System32\msvcrt.dll
0x00007ff9c0fb0000 - 0x00007ff9c104c000 	C:\WINDOWS\System32\sechost.dll
0x00007ff9c1090000 - 0x00007ff9c11bb000 	C:\WINDOWS\System32\RPCRT4.dll
0x00007ff9c12f0000 - 0x00007ff9c1490000 	C:\WINDOWS\System32\USER32.dll
0x00007ff9a9ff0000 - 0x00007ff9aa28b000 	C:\WINDOWS\WinSxS\amd64_microsoft.windows.common-controls_6595b64144ccf1df_6.0.19041.746_none_ca02b4b61b8320a4\COMCTL32.dll
0x00007ff9c07f0000 - 0x00007ff9c0812000 	C:\WINDOWS\System32\win32u.dll
0x00007ff9c2070000 - 0x00007ff9c209a000 	C:\WINDOWS\System32\GDI32.dll
0x00007ff9c0320000 - 0x00007ff9c042b000 	C:\WINDOWS\System32\gdi32full.dll
0x00007ff9c0b50000 - 0x00007ff9c0bed000 	C:\WINDOWS\System32\msvcp_win.dll
0x00007ff9b4a00000 - 0x00007ff9b4a0a000 	C:\WINDOWS\SYSTEM32\VERSION.dll
0x00007ff9c1060000 - 0x00007ff9c1090000 	C:\WINDOWS\System32\IMM32.DLL
0x00007ff9b5c80000 - 0x00007ff9b5d1b000 	C:\Program Files\Java\jdk-14.0.1\bin\msvcp140.dll
0x00007ff9638a0000 - 0x00007ff9643be000 	C:\Program Files\Java\jdk-14.0.1\bin\server\jvm.dll
0x00007ff9c16f0000 - 0x00007ff9c16f8000 	C:\WINDOWS\System32\PSAPI.DLL
0x00007ff9a2280000 - 0x00007ff9a2289000 	C:\WINDOWS\SYSTEM32\WSOCK32.dll
0x00007ff9aa450000 - 0x00007ff9aa477000 	C:\WINDOWS\SYSTEM32\WINMM.dll
0x00007ff9c2140000 - 0x00007ff9c21ab000 	C:\WINDOWS\System32\WS2_32.dll
0x00007ff9beb60000 - 0x00007ff9beb72000 	C:\WINDOWS\SYSTEM32\kernel.appcore.dll
0x00007ff9b8140000 - 0x00007ff9b814a000 	C:\Program Files\Java\jdk-14.0.1\bin\jimage.dll
0x00007ff9be1b0000 - 0x00007ff9be394000 	C:\WINDOWS\SYSTEM32\DBGHELP.DLL
0x00007ff9a0620000 - 0x00007ff9a064c000 	C:\WINDOWS\SYSTEM32\dbgcore.DLL
0x00007ff9c0740000 - 0x00007ff9c07c0000 	C:\WINDOWS\System32\bcryptPrimitives.dll
0x00007ff9863e0000 - 0x00007ff986418000 	C:\Program Files\Java\jdk-14.0.1\bin\jdwp.dll
0x00007ff9b5c50000 - 0x00007ff9b5c75000 	C:\Program Files\Java\jdk-14.0.1\bin\java.dll
0x00007ff9b5be0000 - 0x00007ff9b5bee000 	C:\Program Files\Java\jdk-14.0.1\bin\instrument.dll
0x00007ff9b5c30000 - 0x00007ff9b5c46000 	C:\Program Files\Java\jdk-14.0.1\bin\zip.dll
0x00007ff9c1700000 - 0x00007ff9c1e42000 	C:\WINDOWS\System32\SHELL32.dll
0x00007ff9be3c0000 - 0x00007ff9beb50000 	C:\WINDOWS\SYSTEM32\windows.storage.dll
0x00007ff9c0bf0000 - 0x00007ff9c0f46000 	C:\WINDOWS\System32\combase.dll
0x00007ff9bfc60000 - 0x00007ff9bfc8c000 	C:\WINDOWS\SYSTEM32\Wldp.dll
0x00007ff9c1f10000 - 0x00007ff9c1fbe000 	C:\WINDOWS\System32\SHCORE.dll
0x00007ff9c1eb0000 - 0x00007ff9c1f05000 	C:\WINDOWS\System32\shlwapi.dll
0x00007ff9c0200000 - 0x00007ff9c0226000 	C:\WINDOWS\SYSTEM32\profapi.dll
0x00007ff9b5bd0000 - 0x00007ff9b5bdb000 	C:\Program Files\Java\jdk-14.0.1\bin\dt_socket.dll
0x00007ff9bf710000 - 0x00007ff9bf74b000 	C:\WINDOWS\SYSTEM32\IPHLPAPI.DLL
0x00007ff9bfa50000 - 0x00007ff9bfaba000 	C:\WINDOWS\system32\mswsock.dll
0x00007ff9b5c10000 - 0x00007ff9b5c29000 	C:\Program Files\Java\jdk-14.0.1\bin\net.dll
0x00007ff9ad890000 - 0x00007ff9ad990000 	C:\WINDOWS\SYSTEM32\WINHTTP.dll
0x00007ff9b5bf0000 - 0x00007ff9b5c02000 	C:\Program Files\Java\jdk-14.0.1\bin\nio.dll
0x00007ff8f39e0000 - 0x00007ff8f68e3000 	C:\Users\Travja\OneDrive - Neumont College of Computer Science\2021\Winter\Principles of Software\Camera\lib\opencv_java3413.dll
0x00007ff9c21b0000 - 0x00007ff9c22da000 	C:\WINDOWS\System32\ole32.dll
0x00007ff9c2460000 - 0x00007ff9c252d000 	C:\WINDOWS\System32\OLEAUT32.dll
0x00007ff9b5810000 - 0x00007ff9b59cc000 	C:\WINDOWS\SYSTEM32\MFPlat.DLL
0x00007ff999530000 - 0x00007ff9995b4000 	C:\WINDOWS\SYSTEM32\MF.dll
0x00007ff965580000 - 0x00007ff96568a000 	C:\WINDOWS\SYSTEM32\MFReadWrite.dll
0x00007ff9c02d0000 - 0x00007ff9c031e000 	C:\WINDOWS\System32\cfgmgr32.dll
0x00007ff9895d0000 - 0x00007ff989a5e000 	C:\WINDOWS\SYSTEM32\MFCORE.DLL
0x00007ff9c0430000 - 0x00007ff9c0586000 	C:\WINDOWS\System32\CRYPT32.dll
0x00007ff9c07c0000 - 0x00007ff9c07e7000 	C:\WINDOWS\System32\bcrypt.dll
0x00007ff9bf880000 - 0x00007ff9bf8cb000 	C:\WINDOWS\SYSTEM32\powrprof.dll
0x00007ff9b5a20000 - 0x00007ff9b5a29000 	C:\WINDOWS\SYSTEM32\ksuser.dll
0x00007ff9bfbd0000 - 0x00007ff9bfbdc000 	C:\WINDOWS\SYSTEM32\CRYPTBASE.DLL
0x00007ff9b5270000 - 0x00007ff9b52a0000 	C:\WINDOWS\SYSTEM32\RTWorkQ.DLL
0x00007ff9bf6f0000 - 0x00007ff9bf702000 	C:\WINDOWS\SYSTEM32\UMPDC.dll
0x000001fc5dc90000 - 0x000001fc5dc93000 	C:\Program Files\Java\jdk-14.0.1\bin\api-ms-win-core-console-l1-1-0.dll
0x000001fc5dca0000 - 0x000001fc5dca3000 	C:\Program Files\Java\jdk-14.0.1\bin\api-ms-win-core-datetime-l1-1-0.dll
0x000001fc5dcb0000 - 0x000001fc5dcb3000 	C:\Program Files\Java\jdk-14.0.1\bin\api-ms-win-core-debug-l1-1-0.dll
0x000001fc5dcc0000 - 0x000001fc5dcc3000 	C:\Program Files\Java\jdk-14.0.1\bin\api-ms-win-core-errorhandling-l1-1-0.dll
0x000001fc5dcd0000 - 0x000001fc5dcd4000 	C:\Program Files\Java\jdk-14.0.1\bin\api-ms-win-core-file-l1-1-0.dll
0x000001fc5dce0000 - 0x000001fc5dce3000 	C:\Program Files\Java\jdk-14.0.1\bin\api-ms-win-core-file-l1-2-0.dll
0x000001fc5dcf0000 - 0x000001fc5dcf3000 	C:\Program Files\Java\jdk-14.0.1\bin\api-ms-win-core-file-l2-1-0.dll
0x000001fc5dd00000 - 0x000001fc5dd03000 	C:\Program Files\Java\jdk-14.0.1\bin\api-ms-win-core-handle-l1-1-0.dll
0x000001fc5dd10000 - 0x000001fc5dd13000 	C:\Program Files\Java\jdk-14.0.1\bin\api-ms-win-core-heap-l1-1-0.dll
0x000001fc5dd20000 - 0x000001fc5dd23000 	C:\Program Files\Java\jdk-14.0.1\bin\api-ms-win-core-interlocked-l1-1-0.dll
0x000001fc7d390000 - 0x000001fc7d393000 	C:\Program Files\Java\jdk-14.0.1\bin\api-ms-win-core-libraryloader-l1-1-0.dll
0x000001fc7d3a0000 - 0x000001fc7d3a3000 	C:\Program Files\Java\jdk-14.0.1\bin\api-ms-win-core-localization-l1-2-0.dll
0x000001fc7d3b0000 - 0x000001fc7d3b3000 	C:\Program Files\Java\jdk-14.0.1\bin\api-ms-win-core-memory-l1-1-0.dll
0x000001fc7d3c0000 - 0x000001fc7d3c3000 	C:\Program Files\Java\jdk-14.0.1\bin\api-ms-win-core-namedpipe-l1-1-0.dll
0x000001fc7d3d0000 - 0x000001fc7d3d3000 	C:\Program Files\Java\jdk-14.0.1\bin\api-ms-win-core-processenvironment-l1-1-0.dll
0x000001fc7d3e0000 - 0x000001fc7d3e3000 	C:\Program Files\Java\jdk-14.0.1\bin\api-ms-win-core-processthreads-l1-1-0.dll
0x000001fc7d3f0000 - 0x000001fc7d3f3000 	C:\Program Files\Java\jdk-14.0.1\bin\api-ms-win-core-processthreads-l1-1-1.dll
0x000001fc7d400000 - 0x000001fc7d403000 	C:\Program Files\Java\jdk-14.0.1\bin\api-ms-win-core-profile-l1-1-0.dll
0x000001fc7d410000 - 0x000001fc7d413000 	C:\Program Files\Java\jdk-14.0.1\bin\api-ms-win-core-rtlsupport-l1-1-0.dll
0x000001fc7d420000 - 0x000001fc7d423000 	C:\Program Files\Java\jdk-14.0.1\bin\api-ms-win-core-string-l1-1-0.dll
0x000001fc7d430000 - 0x000001fc7d433000 	C:\Program Files\Java\jdk-14.0.1\bin\api-ms-win-core-synch-l1-1-0.dll
0x000001fc7d440000 - 0x000001fc7d443000 	C:\Program Files\Java\jdk-14.0.1\bin\api-ms-win-core-synch-l1-2-0.dll
0x000001fc7d450000 - 0x000001fc7d453000 	C:\Program Files\Java\jdk-14.0.1\bin\api-ms-win-core-sysinfo-l1-1-0.dll
0x000001fc7d460000 - 0x000001fc7d463000 	C:\Program Files\Java\jdk-14.0.1\bin\api-ms-win-core-timezone-l1-1-0.dll
0x000001fc7d470000 - 0x000001fc7d473000 	C:\Program Files\Java\jdk-14.0.1\bin\api-ms-win-core-util-l1-1-0.dll
0x000001fc7d480000 - 0x000001fc7d483000 	C:\Program Files\Java\jdk-14.0.1\bin\api-ms-win-crt-conio-l1-1-0.dll
0x000001fc7d490000 - 0x000001fc7d494000 	C:\Program Files\Java\jdk-14.0.1\bin\api-ms-win-crt-convert-l1-1-0.dll
0x000001fc7d4a0000 - 0x000001fc7d4a3000 	C:\Program Files\Java\jdk-14.0.1\bin\api-ms-win-crt-environment-l1-1-0.dll
0x000001fc7d4b0000 - 0x000001fc7d4b3000 	C:\Program Files\Java\jdk-14.0.1\bin\api-ms-win-crt-filesystem-l1-1-0.dll
0x000001fc7d4c0000 - 0x000001fc7d4c3000 	C:\Program Files\Java\jdk-14.0.1\bin\api-ms-win-crt-heap-l1-1-0.dll
0x000001fc7d4d0000 - 0x000001fc7d4d3000 	C:\Program Files\Java\jdk-14.0.1\bin\api-ms-win-crt-locale-l1-1-0.dll
0x000001fc7d4e0000 - 0x000001fc7d4e5000 	C:\Program Files\Java\jdk-14.0.1\bin\api-ms-win-crt-math-l1-1-0.dll
0x000001fc7d4f0000 - 0x000001fc7d4f5000 	C:\Program Files\Java\jdk-14.0.1\bin\api-ms-win-crt-multibyte-l1-1-0.dll
0x000001fc7d500000 - 0x000001fc7d510000 	C:\Program Files\Java\jdk-14.0.1\bin\api-ms-win-crt-private-l1-1-0.dll
0x000001fc7d510000 - 0x000001fc7d513000 	C:\Program Files\Java\jdk-14.0.1\bin\api-ms-win-crt-process-l1-1-0.dll
0x000001fc7d520000 - 0x000001fc7d524000 	C:\Program Files\Java\jdk-14.0.1\bin\api-ms-win-crt-runtime-l1-1-0.dll
0x000001fc7d530000 - 0x000001fc7d534000 	C:\Program Files\Java\jdk-14.0.1\bin\api-ms-win-crt-stdio-l1-1-0.dll
0x000001fc7d540000 - 0x000001fc7d544000 	C:\Program Files\Java\jdk-14.0.1\bin\api-ms-win-crt-string-l1-1-0.dll
0x000001fc7d550000 - 0x000001fc7d553000 	C:\Program Files\Java\jdk-14.0.1\bin\api-ms-win-crt-time-l1-1-0.dll
0x000001fc7d560000 - 0x000001fc7d563000 	C:\Program Files\Java\jdk-14.0.1\bin\api-ms-win-crt-utility-l1-1-0.dll
0x00007ff984d40000 - 0x00007ff984e3c000 	C:\Program Files\Java\jdk-14.0.1\bin\ucrtbase.dll
0x00007ff985a80000 - 0x00007ff985acd000 	C:\Windows\System32\concrt140.dll
0x00007ff9a2ec0000 - 0x00007ff9a2ecc000 	C:\WINDOWS\SYSTEM32\VCRUNTIME140_1.dll
0x00007ff992510000 - 0x00007ff992533000 	C:\Program Files\Java\jdk-9.0.4\bin\prism_d3d.dll
0x00007ff9ab2b0000 - 0x00007ff9ab47f000 	C:\WINDOWS\system32\d3d9.dll
0x00007ff9bdd20000 - 0x00007ff9bdd4f000 	C:\WINDOWS\SYSTEM32\dwmapi.dll
0x00007ff9ba090000 - 0x00007ff9ba12e000 	C:\WINDOWS\system32\uxtheme.dll
0x00007ff9699c0000 - 0x00007ff969b23000 	C:\WINDOWS\System32\DriverStore\FileRepository\iigd_dch.inf_amd64_233e086e960c2400\igdumdim64.dll
0x00007ff949c40000 - 0x00007ff94e44f000 	C:\WINDOWS\System32\DriverStore\FileRepository\iigd_dch.inf_amd64_233e086e960c2400\igd9dxva64.dll
0x00007ff9c2530000 - 0x00007ff9c2997000 	C:\WINDOWS\System32\SETUPAPI.dll
0x00007ff9b0e20000 - 0x00007ff9b10ca000 	C:\WINDOWS\System32\DriverStore\FileRepository\iigd_dch.inf_amd64_233e086e960c2400\igdgmm64.dll
0x00007ff997250000 - 0x00007ff997352000 	C:\WINDOWS\System32\DriverStore\FileRepository\nvlt.inf_amd64_8f316e062eb13023\nvldumdx.dll
0x00007ff9bfeb0000 - 0x00007ff9bfec2000 	C:\WINDOWS\SYSTEM32\msasn1.dll
0x00007ff9ace00000 - 0x00007ff9ace31000 	C:\WINDOWS\SYSTEM32\cryptnet.dll
0x00007ff9c0af0000 - 0x00007ff9c0b50000 	C:\WINDOWS\System32\WINTRUST.DLL
0x00007ff9c1610000 - 0x00007ff9c162d000 	C:\WINDOWS\System32\imagehlp.dll
0x00007ff9bfca0000 - 0x00007ff9bfcb8000 	C:\WINDOWS\SYSTEM32\CRYPTSP.dll
0x00007ff9bf3a0000 - 0x00007ff9bf3d4000 	C:\WINDOWS\system32\rsaenh.dll
0x00007ff95dc00000 - 0x00007ff95f3a3000 	C:\WINDOWS\System32\DriverStore\FileRepository\nvlt.inf_amd64_8f316e062eb13023\nvd3dumx.dll
0x00007ff985a30000 - 0x00007ff985a7a000 	C:\Program Files\Java\jdk-9.0.4\bin\glass.dll
0x00007ff9c2380000 - 0x00007ff9c245a000 	C:\WINDOWS\System32\COMDLG32.dll
0x00007ff9b80b0000 - 0x00007ff9b80c0000 	C:\Program Files\Java\jdk-14.0.1\bin\verify.dll
0x00007ff9c1490000 - 0x00007ff9c15a5000 	C:\WINDOWS\System32\MSCTF.dll
0x00007ff973c20000 - 0x00007ff973c47000 	C:\WINDOWS\System32\DriverStore\FileRepository\iigd_dch.inf_amd64_233e086e960c2400\igdinfo64.dll
0x00007ff9ae0d0000 - 0x00007ff9b0c5f000 	C:\WINDOWS\System32\DriverStore\FileRepository\iigd_dch.inf_amd64_233e086e960c2400\igc64.dll
0x00007ff9b37b0000 - 0x00007ff9b37eb000 	C:\WINDOWS\SYSTEM32\dxcore.dll

dbghelp: loaded successfully - version: 4.0.5 - missing functions: none
symbol engine: initialized successfully - sym options: 0x614 - pdb path: .;C:\Program Files\Java\jdk-14.0.1\bin;C:\WINDOWS\SYSTEM32;C:\WINDOWS\WinSxS\amd64_microsoft.windows.common-controls_6595b64144ccf1df_6.0.19041.746_none_ca02b4b61b8320a4;C:\Program Files\Java\jdk-14.0.1\bin\server;C:\Users\Travja\OneDrive - Neumont College of Computer Science\2021\Winter\Principles of Software\Camera\lib;C:\Program Files\Java\jdk-9.0.4\bin;C:\WINDOWS\System32\DriverStore\FileRepository\iigd_dch.inf_amd64_233e086e960c2400;C:\WINDOWS\System32\DriverStore\FileRepository\nvlt.inf_amd64_8f316e062eb13023;C:\Program Files\Common Files\Microsoft Shared\Ink;C:\Users\Travja\AppData\Local\Temp

VM Arguments:
jvm_args: -agentlib:jdwp=transport=dt_socket,address=127.0.0.1:8501,suspend=y,server=n -javaagent:C:\Users\Travja\AppData\Local\JetBrains\IntelliJIdea2020.2\captureAgent\debugger-agent.jar -Dfile.encoding=UTF-8 
java_command: cameraguys.project.Entry
java_class_path (initial): C:\Users\Travja\OneDrive - Neumont College of Computer Science\2021\Winter\Principles of Software\Camera\JavaApp\target\classes;C:\Users\Travja\.m2\repository\org\opencv\3.4.13-Trav\opencv-3.4.13-Trav.jar;C:\Users\Travja\.m2\repository\org\openjfx\javafx-base\11.0.1\javafx-base-11.0.1.jar;C:\Users\Travja\.m2\repository\org\openjfx\javafx-base\11.0.1\javafx-base-11.0.1-win.jar;C:\Users\Travja\.m2\repository\org\openjfx\javafx-controls\11.0.1\javafx-controls-11.0.1.jar;C:\Users\Travja\.m2\repository\org\openjfx\javafx-controls\11.0.1\javafx-controls-11.0.1-win.jar;C:\Users\Travja\.m2\repository\org\openjfx\javafx-graphics\11.0.1\javafx-graphics-11.0.1.jar;C:\Users\Travja\.m2\repository\org\openjfx\javafx-graphics\11.0.1\javafx-graphics-11.0.1-win.jar;C:\Users\Travja\.m2\repository\org\openjfx\javafx-fxml\11.0.1\javafx-fxml-11.0.1.jar;C:\Users\Travja\.m2\repository\org\openjfx\javafx-fxml\11.0.1\javafx-fxml-11.0.1-win.jar;C:\Users\Travja\.m2\repository\io\socket\socket.io-client\2.0.0\socket.io-client-2.0.0.jar;C:\Users\Travja\.m2\repository\io\socket\engine.io-client\2.0.0\engine.io-client-2.0.0.jar;C:\Users\Travja\.m2\repository\com\squareup\okhttp3\okhttp\3.12.12\okhttp-3.12.12.jar;C:\Users\Travja\.m2\repository\com\squareup\okio\okio\1.15.0\okio-1.15.0.jar;C:\Users\Travja\.m2\repository\org\json\json\20090211\json-20090211.jar;C:\Users\Travja\.m2\repository\dev\onvoid\webrtc\webrtc-java\0.2.0\webrtc-java-0.2.0.jar;C:\Users\Travja\.m2\repository\dev\onvoid\webrtc\webrtc-java\0.2.0\webrtc-java-0.2.0-windows-x86_64.jar;C:\Users\Travja\.m2\repository\org\projectlombok\lombok\1.18.12\lombok-1.18.12.jar;C:\Program Files\JetBrains\IntelliJ IDEA 2019.3.3\lib\idea_rt.jar
Launcher Type: SUN_STANDARD

[Global flags]
     intx CICompilerCount                          = 12                                        {product} {ergonomic}
     uint ConcGCThreads                            = 3                                         {product} {ergonomic}
     uint G1ConcRefinementThreads                  = 13                                        {product} {ergonomic}
   size_t G1HeapRegionSize                         = 2097152                                   {product} {ergonomic}
    uintx GCDrainStackTargetSize                   = 64                                        {product} {ergonomic}
   size_t InitialHeapSize                          = 532676608                                 {product} {ergonomic}
   size_t MarkStackSize                            = 4194304                                   {product} {ergonomic}
   size_t MaxHeapSize                              = 8514437120                                {product} {ergonomic}
   size_t MaxNewSize                               = 5108662272                                {product} {ergonomic}
   size_t MinHeapDeltaBytes                        = 2097152                                   {product} {ergonomic}
   size_t MinHeapSize                              = 8388608                                   {product} {ergonomic}
    uintx NonNMethodCodeHeapSize                   = 7602480                                {pd product} {ergonomic}
    uintx NonProfiledCodeHeapSize                  = 122027880                              {pd product} {ergonomic}
    uintx ProfiledCodeHeapSize                     = 122027880                              {pd product} {ergonomic}
    uintx ReservedCodeCacheSize                    = 251658240                              {pd product} {ergonomic}
     bool SegmentedCodeCache                       = true                                      {product} {ergonomic}
   size_t SoftMaxHeapSize                          = 8514437120                             {manageable} {ergonomic}
     bool UseCompressedClassPointers               = true                                 {lp64_product} {ergonomic}
     bool UseCompressedOops                        = true                                 {lp64_product} {ergonomic}
     bool UseG1GC                                  = true                                      {product} {ergonomic}
     bool UseLargePagesIndividualAllocation        = false                                  {pd product} {ergonomic}

Logging:
Log output configuration:
 #0: stdout all=warning uptime,level,tags
 #1: stderr all=off uptime,level,tags

Environment Variables:
JAVA_HOME=C:\Program Files\Java\jdk-14.0.1
PATH=C:\Program Files\Java\jdk-14.0.1\bin;C:\Program Files (x86)\NVIDIA Corporation\PhysX\Common;C:\WINDOWS\system32;C:\WINDOWS;C:\WINDOWS\System32\Wbem;C:\WINDOWS\System32\WindowsPowerShell\v1.0\;C:\WINDOWS\System32\OpenSSH\;C:\Program Files\Git\cmd;C:\Program Files\PuTTY\;C:\Program Files\MongoDB\Server\4.2\bin;C:\Program Files\apache-maven-3.6.3\bin;C:\Program Files (x86)\MySQL\mysql-8.0.22-winx64\bin;C:\Program Files\Microsoft SQL Server\Client SDK\ODBC\170\Tools\Binn\;C:\Program Files\Azure Data Studio\bin;C:\Program Files\Microsoft SQL Server\130\Tools\Binn\;C:\Program Files\Docker\Docker\resources\bin;C:\ProgramData\DockerDesktop\version-bin;C:\Program Files\dotnet\;C:\Program Files (x86)\Microsoft SQL Server\150\DTS\Binn\;C:\Program Files (x86)\Microsoft SQL Server\150\Tools\Binn\;C:\Program Files\Microsoft SQL Server\150\Tools\Binn\;C:\Program Files\Microsoft SQL Server\150\DTS\Binn\;C:\Program Files\Java\jdk-9.0.4\bin;C:\Program Files\nodejs\;C:\Users\Travja\AppData\Local\Programs\Python\Python39\Scripts\;C:\Users\Travja\AppData\Local\Programs\Python\Python39\;C:\Program Files\MySQL\MySQL Shell 8.0\bin\;C:\Users\Travja\AppData\Local\Microsoft\WindowsApps;C:\Program Files\JetBrains\IntelliJ IDEA 2019.3.3\bin;C:\Users\Travja\AppData\Local\Programs\Microsoft VS Code\bin;C:\Program Files\Azure Data Studio\bin;C:\Program Files (x86)\Nmap;C:\Users\Travja\.dotnet\tools;C:\Program Files\CMake\bin;C:\Users\Travja\AppData\Local\gitkraken\bin;C:\Users\Travja\.dotnet\tools;C:\Users\Travja\AppData\Roaming\npm
USERNAME=Travja
OS=Windows_NT
PROCESSOR_IDENTIFIER=Intel64 Family 6 Model 158 Stepping 13, GenuineIntel



---------------  S Y S T E M  ---------------

OS: Windows 10 , 64 bit Build 19041 (10.0.19041.804)
OS uptime: 5 days 3:00 hours
HyperV virtualization detected

CPU:total 16 (initial active 16) (8 cores per cpu, 2 threads per core) family 6 model 158 stepping 13, cmov, cx8, fxsr, mmx, sse, sse2, sse3, ssse3, sse4.1, sse4.2, popcnt, avx, avx2, aes, clmul, erms, 3dnowpref, lzcnt, ht, tsc, tscinvbit, bmi1, bmi2, adx, fma

Memory: 4k page, system-wide physical 32475M (15466M free)
TotalPageFile size 38363M (AvailPageFile size 9460M)
current process WorkingSet (physical memory assigned to process): 386M, peak: 400M
current process commit charge ("private bytes"): 806M, peak: 824M

vm_info: Java HotSpot(TM) 64-Bit Server VM (14.0.1+7) for windows-amd64 JRE (14.0.1+7), built on Mar  5 2020 10:30:14 by "mach5one" with MS VC++ 15.9 (VS2017)

END.
