#
# A fatal error has been detected by the Java Runtime Environment:
#
#  EXCEPTION_ACCESS_VIOLATION (0xc0000005) at pc=0x00007ff9c2bdd00c, pid=5432, tid=28784
#
# JRE version: Java(TM) SE Runtime Environment (14.0.1+7) (build 14.0.1+7)
# Java VM: Java HotSpot(TM) 64-Bit Server VM (14.0.1+7, mixed mode, sharing, tiered, compressed oops, g1 gc, windows-amd64)
# Problematic frame:
# C  [ntdll.dll+0x4d00c]
#
# No core dump will be written. Minidumps are not enabled by default on client versions of Windows
#
# If you would like to submit a bug report, please visit:
#   https://bugreport.java.com/bugreport/crash.jsp
# The crash happened outside the Java Virtual Machine in native code.
# See problematic frame for where to report the bug.
#

---------------  S U M M A R Y ------------

Command Line: -agentlib:jdwp=transport=dt_socket,address=127.0.0.1:9165,suspend=y,server=n -javaagent:C:\Users\Travja\AppData\Local\JetBrains\IntelliJIdea2020.2\captureAgent\debugger-agent.jar -Dfile.encoding=UTF-8 cameraguys.project.Entry

Host: Intel(R) Core(TM) i9-9880H CPU @ 2.30GHz, 16 cores, 31G,  Windows 10 , 64 bit Build 19041 (10.0.19041.804)
Time: Sat Feb 27 16:57:57 2021 Mountain Standard Time elapsed time: 21 seconds (0d 0h 0m 21s)

---------------  T H R E A D  ---------------

Current thread (0x0000019faf32f800):  JavaThread "JavaFX Application Thread" [_thread_in_native, id=28784, stack(0x00000080e7300000,0x00000080e7400000)]

Stack: [0x00000080e7300000,0x00000080e7400000],  sp=0x00000080e73fc820,  free space=1010k
Native frames: (J=compiled Java code, j=interpreted, Vv=VM code, C=native code)
C  [ntdll.dll+0x4d00c]
C  0x00007ff9452b3b12

Java frames: (J=compiled Java code, j=interpreted, Vv=VM code)
j  dev.onvoid.webrtc.media.video.VideoDeviceSource.dispose()V+0
j  cameraguys.project.SocketIOBroadcasterClient.kill()V+94
j  cameraguys.project.ClientWindow.setClosed()V+8
j  cameraguys.project.CameraApp.lambda$openCameraWindow$0(Lcameraguys/project/ClientWindow;Ljavafx/stage/WindowEvent;)V+1
j  cameraguys.project.CameraApp$$Lambda$133.handle(Ljavafx/event/Event;)V+8
j  com.sun.javafx.event.CompositeEventHandler.dispatchBubblingEvent(Ljavafx/event/Event;)V+51
J 2135 c1 com.sun.javafx.event.EventHandlerManager.dispatchBubblingEvent(Ljavafx/event/EventType;Ljavafx/event/Event;)Ljavafx/event/Event; (34 bytes) @ 0x0000019f8923b5f4 [0x0000019f8923b080+0x0000000000000574]
j  com.sun.javafx.event.EventHandlerManager.dispatchBubblingEvent(Ljavafx/event/Event;)Ljavafx/event/Event;+8
j  com.sun.javafx.event.CompositeEventDispatcher.dispatchBubblingEvent(Ljavafx/event/Event;)Ljavafx/event/Event;+11
j  com.sun.javafx.event.BasicEventDispatcher.dispatchEvent(Ljavafx/event/Event;Ljavafx/event/EventDispatchChain;)Ljavafx/event/Event;+29
J 2261 c1 com.sun.javafx.event.EventDispatchChainImpl.dispatchEvent(Ljavafx/event/Event;)Ljavafx/event/Event; (101 bytes) @ 0x0000019f8926ddbc [0x0000019f8926dbc0+0x00000000000001fc]
j  com.sun.javafx.event.EventUtil.fireEventImpl(Ljavafx/event/EventDispatchChain;Ljavafx/event/EventTarget;Ljavafx/event/Event;)Ljavafx/event/Event;+10
j  com.sun.javafx.event.EventUtil.fireEvent(Ljavafx/event/EventTarget;Ljavafx/event/Event;)Ljavafx/event/Event;+46
j  javafx.event.Event.fireEvent(Ljavafx/event/EventTarget;Ljavafx/event/Event;)V+30
j  com.sun.javafx.stage.WindowPeerListener.closing()V+18
j  com.sun.javafx.tk.quantum.GlassWindowEventHandler.run()Ljava/lang/Void;+640
j  com.sun.javafx.tk.quantum.GlassWindowEventHandler.run()Ljava/lang/Object;+1
J 2166 c1 java.security.AccessController.doPrivileged(Ljava/security/PrivilegedAction;Ljava/security/AccessControlContext;)Ljava/lang/Object; java.base@14.0.1 (17 bytes) @ 0x0000019f89244574 [0x0000019f89244380+0x00000000000001f4]
j  com.sun.javafx.tk.quantum.GlassWindowEventHandler.lambda$handleWindowEvent$4()Ljava/lang/Void;+10
j  com.sun.javafx.tk.quantum.GlassWindowEventHandler$$Lambda$155.get()Ljava/lang/Object;+4
j  com.sun.javafx.tk.quantum.QuantumToolkit.runWithoutRenderLock(Ljava/util/function/Supplier;)Ljava/lang/Object;+18
j  com.sun.javafx.tk.quantum.GlassWindowEventHandler.handleWindowEvent(Lcom/sun/glass/ui/Window;JI)V+17
j  com.sun.glass.ui.Window.handleWindowEvent(JI)V+14
j  com.sun.glass.ui.Window.notifyClose()V+7
v  ~StubRoutines::call_stub
j  com.sun.glass.ui.win.WinApplication._runLoop(Ljava/lang/Runnable;)V+0
j  com.sun.glass.ui.win.WinApplication.lambda$runLoop$3(ILjava/lang/Runnable;)V+8
j  com.sun.glass.ui.win.WinApplication$$Lambda$59.run()V+12
j  java.lang.Thread.run()V+11 java.base@14.0.1
v  ~StubRoutines::call_stub

siginfo: EXCEPTION_ACCESS_VIOLATION (0xc0000005), reading address 0x0000000005000010


Register to memory mapping:

RIP=0x00007ff9c2bdd00c ntdll.dll
RAX=0x0000000004ffffff is an unknown value
RBX=0x0000019fae4eb998 points into unknown readable memory: 00 00 00 05 00 00 00 00
RCX=0x0000000005000010 is an unknown value
RDX=0x0 is NULL
RSP=0x00000080e73fc820 is pointing into the stack for thread: 0x0000019faf32f800
RBP=0x00000080e73fc9c0 is pointing into the stack for thread: 0x0000019faf32f800
RSI=0x0000000005000000 is an unknown value
RDI=0x0 is NULL
R8 =0x00000080e73fc818 is pointing into the stack for thread: 0x0000019faf32f800
R9 =0x00000080e73fc9c0 is pointing into the stack for thread: 0x0000019faf32f800
R10=0x0 is NULL
R11=0x0000000000000246 is an unknown value
R12=0x0 is NULL
R13={method} {0x0000019fb773f040} 'dispose' '()V' in 'dev/onvoid/webrtc/media/video/VideoDeviceSource'
R14=0x00000000c0000008 is an unknown value
R15=0x0 is NULL


Registers:
RAX=0x0000000004ffffff, RBX=0x0000019fae4eb998, RCX=0x0000000005000010, RDX=0x0000000000000000
RSP=0x00000080e73fc820, RBP=0x00000080e73fc9c0, RSI=0x0000000005000000, RDI=0x0000000000000000
R8 =0x00000080e73fc818, R9 =0x00000080e73fc9c0, R10=0x0000000000000000, R11=0x0000000000000246
R12=0x0000000000000000, R13=0x0000019fb773f038, R14=0x00000000c0000008, R15=0x0000000000000000
RIP=0x00007ff9c2bdd00c, EFLAGS=0x0000000000010202

Top of Stack: (sp=0x00000080e73fc820)
0x00000080e73fc820:   0000019f00000000 0000000000000000
0x00000080e73fc830:   0000019fae4eb970 0000019fae4eb970
0x00000080e73fc840:   0000019faf32f800 00007ff9452b3b12
0x00000080e73fc850:   0000000000000001 0000000000000000
0x00000080e73fc860:   0000019fae4eb970 00000080e73fc9e0
0x00000080e73fc870:   0000019fae4eb970 00007ff94529438f
0x00000080e73fc880:   0000019faf32fb10 0000019faf32fb10
0x00000080e73fc890:   00000080e73fc9c0 0000019faf32f800
0x00000080e73fc8a0:   00000080e73fc9e0 00007ff9452943fe
0x00000080e73fc8b0:   0000000000000000 000000000000000f
0x00000080e73fc8c0:   000045423d3f0d11 00000080e73fc9e0
0x00000080e73fc8d0:   0000019faf32fb10 00007ff9452944cb
0x00000080e73fc8e0:   00000080e73fc900 0000019faf32f800
0x00000080e73fc8f0:   0000019faf32fb10 0000000000000000
0x00000080e73fc900:   0000019fb773f038 0000019faf32f800
0x00000080e73fc910:   0000019f886dcda9 0000019f886e5e47 

Instructions: (pc=0x00007ff9c2bdd00c)
0x00007ff9c2bdcf0c:   e0 f8 04 00 66 83 3d f8 f3 11 00 0a 48 8b 53 58
0x00007ff9c2bdcf1c:   72 42 48 8d 05 1b cf 11 00 48 3b c2 76 2a 65 48
0x00007ff9c2bdcf2c:   8b 0c 25 60 00 00 00 4c 8b c2 33 d2 48 8b 49 30
0x00007ff9c2bdcf3c:   e8 ff 8e fc ff 33 d2 48 8b cb 44 8d 42 60 48 83
0x00007ff9c2bdcf4c:   c4 20 5b e9 6c 67 05 00 48 8d 05 65 d0 11 00 48
0x00007ff9c2bdcf5c:   3b d0 73 ca 48 8d 0d a9 f3 11 00 e8 74 32 05 00
0x00007ff9c2bdcf6c:   eb d3 cc cc cc cc cc cc cc cc cc cc cc cc cc cc
0x00007ff9c2bdcf7c:   cc cc cc cc 48 89 5c 24 08 48 89 74 24 10 48 89
0x00007ff9c2bdcf8c:   7c 24 18 4c 89 74 24 20 41 57 48 83 ec 20 48 8b
0x00007ff9c2bdcf9c:   d9 48 8b 49 18 48 8d 41 ff 48 83 f8 fd 0f 86 69
0x00007ff9c2bdcfac:   c2 06 00 33 ff 44 8b f7 48 8b 33 48 8d 46 ff 48
0x00007ff9c2bdcfbc:   83 f8 fd 76 2f 0f 57 c0 33 c0 0f 11 03 0f 11 43
0x00007ff9c2bdcfcc:   10 48 89 43 20 41 8b c6 48 8b 5c 24 30 48 8b 74
0x00007ff9c2bdcfdc:   24 38 48 8b 7c 24 40 4c 8b 74 24 48 48 83 c4 20
0x00007ff9c2bdcfec:   41 5f c3 cc 44 8b 7b 20 41 81 e7 00 00 00 04 48
0x00007ff9c2bdcffc:   8d 0d 96 f4 11 00 e8 99 0d fd ff 90 48 8d 4e 10
0x00007ff9c2bdd00c:   48 8b 01 48 85 c0 74 1f 48 8b 51 08 48 39 48 08
0x00007ff9c2bdd01c:   75 0e 48 39 0a 75 09 48 89 02 48 89 50 08 eb 07
0x00007ff9c2bdd02c:   b9 03 00 00 00 cd 29 b8 01 00 00 00 f0 48 0f b1
0x00007ff9c2bdd03c:   3d 57 f4 11 00 75 41 0f b7 56 2c c1 e2 10 0f b7
0x00007ff9c2bdd04c:   46 02 03 d0 48 8b 0d d1 cb 11 00 48 85 c9 0f 85
0x00007ff9c2bdd05c:   c7 c1 06 00 0f 57 c0 0f 11 06 0f 11 46 10 0f 11
0x00007ff9c2bdd06c:   46 20 4d 85 ff 0f 85 4a ff ff ff 48 8b ce e8 41
0x00007ff9c2bdd07c:   01 00 00 e9 3d ff ff ff 49 c7 c0 ff ff ff ff 48
0x00007ff9c2bdd08c:   8b c8 83 e1 06 ba 03 00 00 00 48 83 f9 02 49 0f
0x00007ff9c2bdd09c:   45 d0 48 03 d0 f0 48 0f b1 15 ee f3 11 00 75 df
0x00007ff9c2bdd0ac:   48 83 f9 02 75 91 f6 c2 01 0f 85 85 00 00 00 4c
0x00007ff9c2bdd0bc:   8b c2 49 83 e0 f0 4d 8b c8 49 8b 48 08 48 85 c9
0x00007ff9c2bdd0cc:   0f 84 91 00 00 00 4d 3b c8 0f 85 a0 00 00 00 8b
0x00007ff9c2bdd0dc:   41 24 a8 01 74 09 48 8b 41 10 48 85 c0 75 3f 48
0x00007ff9c2bdd0ec:   8b c2 f0 48 0f b1 3d a1 f3 11 00 48 8b d0 75 b6
0x00007ff9c2bdd0fc:   48 8b 79 10 48 8b 41 18 f0 0f ba 69 24 02 f0 0f 


Stack slot to memory mapping:
stack at sp + 0 slots: 0x0000019f00000000 is an unknown value
stack at sp + 1 slots: 0x0 is NULL
stack at sp + 2 slots: 0x0000019fae4eb970 points into unknown readable memory: 48 2d 32 45 f9 7f 00 00
stack at sp + 3 slots: 0x0000019fae4eb970 points into unknown readable memory: 48 2d 32 45 f9 7f 00 00
stack at sp + 4 slots: 0x0000019faf32f800 is a thread
stack at sp + 5 slots: 0x00007ff9452b3b12 points into unknown readable memory: 48 8b 57 18 48 8b
stack at sp + 6 slots: 0x0000000000000001 is an unknown value
stack at sp + 7 slots: 0x0 is NULL


---------------  P R O C E S S  ---------------

Threads class SMR info:
_java_thread_list=0x0000019faea1b810, length=22, elements={
0x0000019ffd7c1800, 0x0000019fadfcb000, 0x0000019fadfcc000, 0x0000019fadfe2000,
0x0000019fadfe5000, 0x0000019fadfe6000, 0x0000019fadfea000, 0x0000019fadfee800,
0x0000019fadff3800, 0x0000019fae128000, 0x0000019fae1d7800, 0x0000019fae237800,
0x0000019fae238000, 0x0000019fae454800, 0x0000019fae4d4800, 0x0000019faea76800,
0x0000019faf2db000, 0x0000019faf32f800, 0x0000019faf46b800, 0x0000019fb5e99800,
0x0000019fb9324800, 0x0000019fb6dba800
}

Java Threads: ( => current thread )
  0x0000019ffd7c1800 JavaThread "main" [_thread_blocked, id=34188, stack(0x00000080e5800000,0x00000080e5900000)]
  0x0000019fadfcb000 JavaThread "Reference Handler" daemon [_thread_blocked, id=13680, stack(0x00000080e5f00000,0x00000080e6000000)]
  0x0000019fadfcc000 JavaThread "Finalizer" daemon [_thread_blocked, id=6004, stack(0x00000080e6000000,0x00000080e6100000)]
  0x0000019fadfe2000 JavaThread "Signal Dispatcher" daemon [_thread_blocked, id=40948, stack(0x00000080e6100000,0x00000080e6200000)]
  0x0000019fadfe5000 JavaThread "Attach Listener" daemon [_thread_blocked, id=18672, stack(0x00000080e6200000,0x00000080e6300000)]
  0x0000019fadfe6000 JavaThread "Service Thread" daemon [_thread_blocked, id=35156, stack(0x00000080e6300000,0x00000080e6400000)]
  0x0000019fadfea000 JavaThread "C2 CompilerThread0" daemon [_thread_blocked, id=11404, stack(0x00000080e6400000,0x00000080e6500000)]
  0x0000019fadfee800 JavaThread "C1 CompilerThread0" daemon [_thread_blocked, id=19356, stack(0x00000080e6500000,0x00000080e6600000)]
  0x0000019fadff3800 JavaThread "Sweeper thread" daemon [_thread_blocked, id=27464, stack(0x00000080e6600000,0x00000080e6700000)]
  0x0000019fae128000 JavaThread "Common-Cleaner" daemon [_thread_blocked, id=26692, stack(0x00000080e6700000,0x00000080e6800000)]
  0x0000019fae1d7800 JavaThread "JDWP Transport Listener: dt_socket" daemon [_thread_blocked, id=4632, stack(0x00000080e6b00000,0x00000080e6c00000)]
  0x0000019fae237800 JavaThread "JDWP Event Helper Thread" daemon [_thread_blocked, id=40568, stack(0x00000080e6c00000,0x00000080e6d00000)]
  0x0000019fae238000 JavaThread "JDWP Command Reader" daemon [_thread_in_native, id=2776, stack(0x00000080e6d00000,0x00000080e6e00000)]
  0x0000019fae454800 JavaThread "Notification Thread" daemon [_thread_blocked, id=17164, stack(0x00000080e6a00000,0x00000080e6b00000)]
  0x0000019fae4d4800 JavaThread "JavaFX-Launcher" [_thread_blocked, id=13076, stack(0x00000080e6f00000,0x00000080e7000000)]
  0x0000019faea76800 JavaThread "QuantumRenderer-0" daemon [_thread_blocked, id=34304, stack(0x00000080e7000000,0x00000080e7100000)]
  0x0000019faf2db000 JavaThread "InvokeLaterDispatcher" daemon [_thread_blocked, id=39288, stack(0x00000080e7200000,0x00000080e7300000)]
=>0x0000019faf32f800 JavaThread "JavaFX Application Thread" [_thread_in_native, id=28784, stack(0x00000080e7300000,0x00000080e7400000)]
  0x0000019faf46b800 JavaThread "Thread-2" daemon [_thread_in_native, id=1916, stack(0x00000080e7700000,0x00000080e7800000)]
  0x0000019fb5e99800 JavaThread "Prism Font Disposer" daemon [_thread_blocked, id=21176, stack(0x00000080e8800000,0x00000080e8900000)]
  0x0000019fb9324800 JavaThread "Cleaner-0" daemon [_thread_blocked, id=26020, stack(0x00000080e8b00000,0x00000080e8c00000)]
  0x0000019fb6dba800 JavaThread "Thread-3" [_thread_blocked, id=22120, stack(0x00000080e8700000,0x00000080e8800000)]

Other Threads:
  0x0000019fadfc4000 VMThread "VM Thread" [stack: 0x00000080e5e00000,0x00000080e5f00000] [id=15092]
  0x0000019fae456000 WatcherThread [stack: 0x00000080e6e00000,0x00000080e6f00000] [id=30176]
  0x0000019ffd845800 GCTaskThread "GC Thread#0" [stack: 0x00000080e5900000,0x00000080e5a00000] [id=28556]
  0x0000019faf53b800 GCTaskThread "GC Thread#1" [stack: 0x00000080e7900000,0x00000080e7a00000] [id=18448]
  0x0000019faf5dc000 GCTaskThread "GC Thread#2" [stack: 0x00000080e7a00000,0x00000080e7b00000] [id=40552]
  0x0000019faf5dc800 GCTaskThread "GC Thread#3" [stack: 0x00000080e7b00000,0x00000080e7c00000] [id=16588]
  0x0000019faf5dd800 GCTaskThread "GC Thread#4" [stack: 0x00000080e7c00000,0x00000080e7d00000] [id=13856]
  0x0000019faf5de000 GCTaskThread "GC Thread#5" [stack: 0x00000080e7d00000,0x00000080e7e00000] [id=17220]
  0x0000019faf5df000 GCTaskThread "GC Thread#6" [stack: 0x00000080e7e00000,0x00000080e7f00000] [id=6228]
  0x0000019faf5df800 GCTaskThread "GC Thread#7" [stack: 0x00000080e7f00000,0x00000080e8000000] [id=6056]
  0x0000019faf5e0000 GCTaskThread "GC Thread#8" [stack: 0x00000080e8000000,0x00000080e8100000] [id=9796]
  0x0000019faf5e5000 GCTaskThread "GC Thread#9" [stack: 0x00000080e8100000,0x00000080e8200000] [id=40160]
  0x0000019faf5e5800 GCTaskThread "GC Thread#10" [stack: 0x00000080e8200000,0x00000080e8300000] [id=6760]
  0x0000019faf5ea800 GCTaskThread "GC Thread#11" [stack: 0x00000080e8300000,0x00000080e8400000] [id=23920]
  0x0000019ffd867000 ConcurrentGCThread "G1 Main Marker" [stack: 0x00000080e5a00000,0x00000080e5b00000] [id=19048]
  0x0000019ffd869000 ConcurrentGCThread "G1 Conc#0" [stack: 0x00000080e5b00000,0x00000080e5c00000] [id=26856]
  0x0000019fad51f800 ConcurrentGCThread "G1 Refine#0" [stack: 0x00000080e5c00000,0x00000080e5d00000] [id=9044]
  0x0000019fad520800 ConcurrentGCThread "G1 Young RemSet Sampling" [stack: 0x00000080e5d00000,0x00000080e5e00000] [id=6288]

Threads with active compile tasks:

VM state:not at safepoint (normal execution)

VM Mutex/Monitor currently owned by a thread: None

Heap address: 0x0000000604800000, size: 8120 MB, Compressed Oops mode: Zero based, Oop shift amount: 3
Narrow klass base: 0x0000000800000000, Narrow klass shift: 3
Compressed class space size: 1073741824 Address: 0x0000000800b30000

Heap:
 garbage-first heap   total 90112K, used 12259K [0x0000000604800000, 0x0000000800000000)
  region size 2048K, 1 young (2048K), 0 survivors (0K)
 Metaspace       used 17698K, capacity 18414K, committed 18688K, reserved 1064960K
  class space    used 2499K, capacity 2768K, committed 2816K, reserved 1048576K
Heap Regions: E=young(eden), S=young(survivor), O=old, HS=humongous(starts), HC=humongous(continues), CS=collection set, F=free, OA=open archive, CA=closed archive, TAMS=top-at-mark-start (previous, next)
|   0|0x0000000604800000, 0x0000000604a00000, 0x0000000604a00000|100%|HS|  |TAMS 0x0000000604800000, 0x0000000604800000| Untracked 
|   1|0x0000000604a00000, 0x0000000604bf2dc8, 0x0000000604c00000| 97%| O|  |TAMS 0x0000000604a00000, 0x0000000604a00000| Untracked 
|   2|0x0000000604c00000, 0x0000000604d1dbf0, 0x0000000604e00000| 55%| O|  |TAMS 0x0000000604c00000, 0x0000000604c00000| Untracked 
|   3|0x0000000604e00000, 0x0000000604e0d4c0, 0x0000000605000000|  2%| O|  |TAMS 0x0000000604e00000, 0x0000000604e00000| Untracked 
|   4|0x0000000605000000, 0x0000000605000000, 0x0000000605200000|  0%| F|  |TAMS 0x0000000605000000, 0x0000000605000000| Untracked 
|   5|0x0000000605200000, 0x0000000605200000, 0x0000000605400000|  0%| F|  |TAMS 0x0000000605200000, 0x0000000605200000| Untracked 
|   6|0x0000000605400000, 0x0000000605400000, 0x0000000605600000|  0%| F|  |TAMS 0x0000000605400000, 0x0000000605400000| Untracked 
|   7|0x0000000605600000, 0x0000000605600000, 0x0000000605800000|  0%| F|  |TAMS 0x0000000605600000, 0x0000000605600000| Untracked 
|   8|0x0000000605800000, 0x0000000605800000, 0x0000000605a00000|  0%| F|  |TAMS 0x0000000605800000, 0x0000000605800000| Untracked 
|   9|0x0000000605a00000, 0x0000000605a00000, 0x0000000605c00000|  0%| F|  |TAMS 0x0000000605a00000, 0x0000000605a00000| Untracked 
|  10|0x0000000605c00000, 0x0000000605de9288, 0x0000000605e00000| 95%| O|  |TAMS 0x0000000605c00000, 0x0000000605c00000| Untracked 
|  11|0x0000000605e00000, 0x0000000605e00000, 0x0000000606000000|  0%| F|  |TAMS 0x0000000605e00000, 0x0000000605e00000| Untracked 
|  12|0x0000000606000000, 0x0000000606000000, 0x0000000606200000|  0%| F|  |TAMS 0x0000000606000000, 0x0000000606000000| Untracked 
|  13|0x0000000606200000, 0x0000000606200000, 0x0000000606400000|  0%| F|  |TAMS 0x0000000606200000, 0x0000000606200000| Untracked 
|  14|0x0000000606400000, 0x0000000606400000, 0x0000000606600000|  0%| F|  |TAMS 0x0000000606400000, 0x0000000606400000| Untracked 
|  15|0x0000000606600000, 0x0000000606600000, 0x0000000606800000|  0%| F|  |TAMS 0x0000000606600000, 0x0000000606600000| Untracked 
|  16|0x0000000606800000, 0x0000000606800000, 0x0000000606a00000|  0%| F|  |TAMS 0x0000000606800000, 0x0000000606800000| Untracked 
|  17|0x0000000606a00000, 0x0000000606a00000, 0x0000000606c00000|  0%| F|  |TAMS 0x0000000606a00000, 0x0000000606a00000| Untracked 
|  18|0x0000000606c00000, 0x0000000606c00000, 0x0000000606e00000|  0%| F|  |TAMS 0x0000000606c00000, 0x0000000606c00000| Untracked 
|  19|0x0000000606e00000, 0x0000000606e00000, 0x0000000607000000|  0%| F|  |TAMS 0x0000000606e00000, 0x0000000606e00000| Untracked 
|  20|0x0000000607000000, 0x0000000607000000, 0x0000000607200000|  0%| F|  |TAMS 0x0000000607000000, 0x0000000607000000| Untracked 
|  21|0x0000000607200000, 0x0000000607200000, 0x0000000607400000|  0%| F|  |TAMS 0x0000000607200000, 0x0000000607200000| Untracked 
|  22|0x0000000607400000, 0x0000000607400000, 0x0000000607600000|  0%| F|  |TAMS 0x0000000607400000, 0x0000000607400000| Untracked 
|  23|0x0000000607600000, 0x0000000607735650, 0x0000000607800000| 60%| O|  |TAMS 0x0000000607600000, 0x0000000607600000| Untracked 
|  24|0x0000000607800000, 0x0000000607a00000, 0x0000000607a00000|100%| O|  |TAMS 0x0000000607800000, 0x0000000607800000| Untracked 
|  25|0x0000000607a00000, 0x0000000607a4b9e0, 0x0000000607c00000| 14%| O|  |TAMS 0x0000000607a00000, 0x0000000607a00000| Untracked 
|  26|0x0000000607c00000, 0x0000000607c00000, 0x0000000607e00000|  0%| F|  |TAMS 0x0000000607c00000, 0x0000000607c00000| Untracked 
|  27|0x0000000607e00000, 0x0000000607e06b88, 0x0000000608000000|  1%| O|  |TAMS 0x0000000607e00000, 0x0000000607e00000| Untracked 
|  28|0x0000000608000000, 0x0000000608003d60, 0x0000000608200000|  0%| O|  |TAMS 0x0000000608000000, 0x0000000608000000| Untracked 
|  29|0x0000000608200000, 0x0000000608200000, 0x0000000608400000|  0%| F|  |TAMS 0x0000000608200000, 0x0000000608200000| Untracked 
|  30|0x0000000608400000, 0x0000000608400000, 0x0000000608600000|  0%| F|  |TAMS 0x0000000608400000, 0x0000000608400000| Untracked 
|  31|0x0000000608600000, 0x0000000608675cb0, 0x0000000608800000| 23%| O|  |TAMS 0x0000000608600000, 0x0000000608600000| Untracked 
|  32|0x0000000608800000, 0x0000000608800c98, 0x0000000608a00000|  0%| O|  |TAMS 0x0000000608800000, 0x0000000608800000| Untracked 
|  33|0x0000000608a00000, 0x0000000608a00000, 0x0000000608c00000|  0%| F|  |TAMS 0x0000000608a00000, 0x0000000608a00000| Untracked 
|  34|0x0000000608c00000, 0x0000000608c00000, 0x0000000608e00000|  0%| F|  |TAMS 0x0000000608c00000, 0x0000000608c00000| Untracked 
|  35|0x0000000608e00000, 0x0000000608eefb00, 0x0000000609000000| 46%| O|  |TAMS 0x0000000608e00000, 0x0000000608e00000| Untracked 
|  36|0x0000000609000000, 0x0000000609000000, 0x0000000609200000|  0%| F|  |TAMS 0x0000000609000000, 0x0000000609000000| Untracked 
|  37|0x0000000609200000, 0x0000000609200000, 0x0000000609400000|  0%| F|  |TAMS 0x0000000609200000, 0x0000000609200000| Untracked 
|  38|0x0000000609400000, 0x0000000609400000, 0x0000000609600000|  0%| F|  |TAMS 0x0000000609400000, 0x0000000609400000| Untracked 
|  39|0x0000000609600000, 0x0000000609600000, 0x0000000609800000|  0%| F|  |TAMS 0x0000000609600000, 0x0000000609600000| Untracked 
|  40|0x0000000609800000, 0x0000000609800000, 0x0000000609a00000|  0%| F|  |TAMS 0x0000000609800000, 0x0000000609800000| Untracked 
|  41|0x0000000609a00000, 0x0000000609a00000, 0x0000000609c00000|  0%| F|  |TAMS 0x0000000609a00000, 0x0000000609a00000| Untracked 
|  42|0x0000000609c00000, 0x0000000609c00000, 0x0000000609e00000|  0%| F|  |TAMS 0x0000000609c00000, 0x0000000609c00000| Untracked 
|  43|0x0000000609e00000, 0x0000000609e927c8, 0x000000060a000000| 28%| E|  |TAMS 0x0000000609e00000, 0x0000000609e00000| Complete 

Card table byte_map: [0x0000019f987c0000,0x0000019f997a0000] _byte_map_base: 0x0000019f9579c000

Marking Bits (Prev, Next): (CMBitMap*) 0x0000019ffd846578, (CMBitMap*) 0x0000019ffd8465b8
 Prev Bits: [0x0000019f9a780000, 0x0000019fa2660000)
 Next Bits: [0x0000019fa2660000, 0x0000019faa540000)

Polling page: 0x0000019ffd8a0000

Metaspace:

Usage:
  Non-class:     15.28 MB capacity,    14.84 MB ( 97%) used,   376.58 KB (  2%) free+waste,    70.38 KB ( <1%) overhead. 
      Class:      2.70 MB capacity,     2.44 MB ( 90%) used,   232.12 KB (  8%) free+waste,    36.06 KB (  1%) overhead. 
       Both:     17.98 MB capacity,    17.28 MB ( 96%) used,   608.70 KB (  3%) free+waste,   106.44 KB ( <1%) overhead. 

Virtual space:
  Non-class space:       16.00 MB reserved,      15.50 MB ( 97%) committed 
      Class space:        1.00 GB reserved,       2.75 MB ( <1%) committed 
             Both:        1.02 GB reserved,      18.25 MB (  2%) committed 

Chunk freelists:
   Non-Class:  34.00 KB
       Class:  16.00 KB
        Both:  50.00 KB

MaxMetaspaceSize: 17179869184.00 GB
CompressedClassSpaceSize: 1.00 GB

CodeHeap 'non-profiled nmethods': size=119168Kb used=1220Kb max_used=1220Kb free=117947Kb
 bounds [0x0000019f90270000, 0x0000019f904e0000, 0x0000019f976d0000]
CodeHeap 'profiled nmethods': size=119104Kb used=5263Kb max_used=5263Kb free=113840Kb
 bounds [0x0000019f88e20000, 0x0000019f89350000, 0x0000019f90270000]
CodeHeap 'non-nmethods': size=7488Kb used=1738Kb max_used=3448Kb free=5749Kb
 bounds [0x0000019f886d0000, 0x0000019f88ab0000, 0x0000019f88e20000]
 total_blobs=4541 nmethods=2666 adapters=955
 compilation: enabled
              stopped_count=0, restarted_count=0
 full_count=0

Compilation events (20 events):
Event: 8.296 Thread 0x0000019fadfee800 2659       1       com.sun.javafx.sg.prism.NGGroup::getRemovedChildren (5 bytes)
Event: 8.296 Thread 0x0000019fadfee800 nmethod 2659 0x0000019f9039f910 code [0x0000019f9039faa0, 0x0000019f9039fb78]
Event: 8.389 Thread 0x0000019fadfee800 2660       3       jdk.internal.util.ArraysSupport::newLength (23 bytes)
Event: 8.389 Thread 0x0000019fadfee800 nmethod 2660 0x0000019f89341d10 code [0x0000019f89341ee0, 0x0000019f893422a8]
Event: 8.422 Thread 0x0000019fadfea000 2661  s    4       java.io.ByteArrayInputStream::read (36 bytes)
Event: 8.424 Thread 0x0000019fadfea000 nmethod 2661 0x0000019f9039fc10 code [0x0000019f9039fdc0, 0x0000019f903a00b8]
Event: 8.519 Thread 0x0000019fadfea000 2662       4       java.io.SequenceInputStream::read (31 bytes)
Event: 8.521 Thread 0x0000019fadfea000 nmethod 2662 0x0000019f903a0190 code [0x0000019f903a03a0, 0x0000019f903a0808]
Event: 8.531 Thread 0x0000019fadfee800 2663       3       java.lang.ref.ReferenceQueue::<init> (21 bytes)
Event: 8.532 Thread 0x0000019fadfee800 nmethod 2663 0x0000019f89342410 code [0x0000019f893425c0, 0x0000019f893428d8]
Event: 8.532 Thread 0x0000019fadfee800 2664       3       java.lang.ref.ReferenceQueue$Lock::<init> (5 bytes)
Event: 8.532 Thread 0x0000019fadfee800 nmethod 2664 0x0000019f89342a10 code [0x0000019f89342ba0, 0x0000019f89342d18]
Event: 8.640 Thread 0x0000019fadfee800 2666       3       java.lang.Module::isStaticallyExportedOrOpen (70 bytes)
Event: 8.640 Thread 0x0000019fadfea000 2665       4       java.lang.Object::equals (11 bytes)
Event: 8.641 Thread 0x0000019fadfea000 nmethod 2665 0x0000019f903a0a10 code [0x0000019f903a0b80, 0x0000019f903a0bf8]
Event: 8.641 Thread 0x0000019fadfee800 nmethod 2666 0x0000019f89342e10 code [0x0000019f89343000, 0x0000019f89343718]
Event: 8.644 Thread 0x0000019fadfea000 2667       4       org.opencv.imgproc.Imgproc::contourArea (8 bytes)
Event: 8.644 Thread 0x0000019fadfea000 nmethod 2667 0x0000019f903a0d10 code [0x0000019f903a0ec0, 0x0000019f903a0f88]
Event: 12.326 Thread 0x0000019fadfee800 2668       3       java.nio.CharBuffer::arrayOffset (35 bytes)
Event: 12.326 Thread 0x0000019fadfee800 nmethod 2668 0x0000019f89343910 code [0x0000019f89343ae0, 0x0000019f89343df8]

GC Heap History (6 events):
Event: 1.095 GC heap before
{Heap before GC invocations=0 (full 0):
 garbage-first heap   total 520192K, used 24576K [0x0000000604800000, 0x0000000800000000)
  region size 2048K, 12 young (24576K), 0 survivors (0K)
 Metaspace       used 6706K, capacity 9071K, committed 9344K, reserved 1056768K
  class space    used 766K, capacity 1054K, committed 1152K, reserved 1048576K
}
Event: 1.100 GC heap after
{Heap after GC invocations=1 (full 0):
 garbage-first heap   total 520192K, used 3285K [0x0000000604800000, 0x0000000800000000)
  region size 2048K, 2 young (4096K), 2 survivors (4096K)
 Metaspace       used 6706K, capacity 9071K, committed 9344K, reserved 1056768K
  class space    used 766K, capacity 1054K, committed 1152K, reserved 1048576K
}
Event: 4.035 GC heap before
{Heap before GC invocations=1 (full 0):
 garbage-first heap   total 520192K, used 44245K [0x0000000604800000, 0x0000000800000000)
  region size 2048K, 21 young (43008K), 2 survivors (4096K)
 Metaspace       used 16485K, capacity 17411K, committed 17536K, reserved 1064960K
  class space    used 2383K, capacity 2647K, committed 2688K, reserved 1048576K
}
Event: 4.042 GC heap after
{Heap after GC invocations=2 (full 0):
 garbage-first heap   total 520192K, used 9296K [0x0000000604800000, 0x0000000800000000)
  region size 2048K, 2 young (4096K), 2 survivors (4096K)
 Metaspace       used 16485K, capacity 17411K, committed 17536K, reserved 1064960K
  class space    used 2383K, capacity 2647K, committed 2688K, reserved 1048576K
}
Event: 12.918 GC heap before
{Heap before GC invocations=2 (full 0):
 garbage-first heap   total 520192K, used 152656K [0x0000000604800000, 0x0000000800000000)
  region size 2048K, 74 young (151552K), 2 survivors (4096K)
 Metaspace       used 17698K, capacity 18414K, committed 18688K, reserved 1064960K
  class space    used 2499K, capacity 2768K, committed 2816K, reserved 1048576K
}
Event: 12.947 GC heap after
{Heap after GC invocations=3 (full 1):
 garbage-first heap   total 90112K, used 12259K [0x0000000604800000, 0x0000000800000000)
  region size 2048K, 0 young (0K), 0 survivors (0K)
 Metaspace       used 17698K, capacity 18414K, committed 18688K, reserved 1064960K
  class space    used 2499K, capacity 2768K, committed 2816K, reserved 1048576K
}

Deoptimization events (20 events):
Event: 6.554 Thread 0x0000019fb6db9000 Uncommon trap: trap_request=0xffffff45 fr.pc=0x0000019f902bbd8c relative=0x000000000000006c
Event: 6.554 Thread 0x0000019fb6db9000 Uncommon trap: reason=unstable_if action=reinterpret pc=0x0000019f902bbd8c method=java.lang.AbstractStringBuilder.isLatin1()Z @ 10 c2
Event: 6.554 Thread 0x0000019fb6db9000 DEOPT PACKING pc=0x0000019f902bbd8c sp=0x00000080e86fd580
Event: 6.554 Thread 0x0000019fb6db9000 DEOPT UNPACKING pc=0x0000019f8871912f sp=0x00000080e86fd520 mode 2
Event: 7.111 Thread 0x0000019fb6db9000 Uncommon trap: trap_request=0xffffffc6 fr.pc=0x0000019f902d5ac8 relative=0x0000000000000b08
Event: 7.111 Thread 0x0000019fb6db9000 Uncommon trap: reason=bimorphic_or_optimized_type_check action=maybe_recompile pc=0x0000019f902d5ac8 method=java.io.DataInputStream.readFully([BII)V @ 34 c2
Event: 7.111 Thread 0x0000019fb6db9000 DEOPT PACKING pc=0x0000019f902d5ac8 sp=0x00000080e86fde40
Event: 7.111 Thread 0x0000019fb6db9000 DEOPT UNPACKING pc=0x0000019f8871912f sp=0x00000080e86fde28 mode 2
Event: 7.119 Thread 0x0000019fb6db9000 Uncommon trap: trap_request=0xffffffc6 fr.pc=0x0000019f902d5ac8 relative=0x0000000000000b08
Event: 7.119 Thread 0x0000019fb6db9000 Uncommon trap: reason=bimorphic_or_optimized_type_check action=maybe_recompile pc=0x0000019f902d5ac8 method=java.io.DataInputStream.readFully([BII)V @ 34 c2
Event: 7.119 Thread 0x0000019fb6db9000 DEOPT PACKING pc=0x0000019f902d5ac8 sp=0x00000080e86fde40
Event: 7.119 Thread 0x0000019fb6db9000 DEOPT UNPACKING pc=0x0000019f8871912f sp=0x00000080e86fde28 mode 2
Event: 7.126 Thread 0x0000019fb6db5000 DEOPT PACKING pc=0x0000019f892d0612 sp=0x00000080e55fe760
Event: 7.126 Thread 0x0000019fb6db5000 DEOPT UNPACKING pc=0x0000019f8871964e sp=0x00000080e55fdcb0 mode 0
Event: 7.234 Thread 0x0000019fb6db5000 DEOPT PACKING pc=0x0000019f892d0612 sp=0x00000080e55fe760
Event: 7.234 Thread 0x0000019fb6db5000 DEOPT UNPACKING pc=0x0000019f8871964e sp=0x00000080e55fdcb0 mode 0
Event: 7.374 Thread 0x0000019fb6db5000 Uncommon trap: trap_request=0xffffffbe fr.pc=0x0000019f902fb6a0 relative=0x00000000000009c0
Event: 7.374 Thread 0x0000019fb6db5000 Uncommon trap: reason=profile_predicate action=maybe_recompile pc=0x0000019f902fb6a0 method=java.lang.PublicMethods$MethodList.filter([Ljava/lang/reflect/Method;Ljava/lang/String;[Ljava/lang/Class;Z)Ljava/lang/PublicMethods$MethodList; @ 17 c2
Event: 7.374 Thread 0x0000019fb6db5000 DEOPT PACKING pc=0x0000019f902fb6a0 sp=0x00000080e55fe4b0
Event: 7.374 Thread 0x0000019fb6db5000 DEOPT UNPACKING pc=0x0000019f8871912f sp=0x00000080e55fe488 mode 2

Classes unloaded (0 events):
No events

Classes redefined (0 events):
No events

Internal exceptions (20 events):
Event: 0.907 Thread 0x0000019faf32f800 Exception <a 'java/lang/NoSuchMethodError'{0x0000000623537830}: 'void java.lang.invoke.DirectMethodHandle$Holder.invokeStaticInit(java.lang.Object)'> (0x0000000623537830) 
thrown [./open/src/hotspot/share/interpreter/linkResolver.cpp, line 766]
Event: 0.911 Thread 0x0000019fae4d4800 Exception <a 'java/lang/NoSuchMethodError'{0x0000000623650708}: 'void java.lang.invoke.DirectMethodHandle$Holder.invokeStatic(java.lang.Object, java.lang.Object, java.lang.Object, java.lang.Object)'> (0x0000000623650708) 
thrown [./open/src/hotspot/share/interpreter/linkResolver.cpp, line 766]
Event: 1.053 Thread 0x0000019faf32f800 Exception <a 'java/lang/NoSuchMethodError'{0x0000000622fd76c8}: 'java.lang.Object java.lang.invoke.DirectMethodHandle$Holder.invokeStaticInit(java.lang.Object, java.lang.Object, java.lang.Object, java.lang.Object)'> (0x0000000622fd76c8) 
thrown [./open/src/hotspot/share/interpreter/linkResolver.cpp, line 766]
Event: 1.054 Thread 0x0000019faf32f800 Exception <a 'java/lang/NullPointerException'{0x0000000622fe1a80}> (0x0000000622fe1a80) 
thrown [./open/src/hotspot/share/interpreter/linkResolver.cpp, line 1348]
Event: 1.060 Thread 0x0000019faf32f800 Exception <a 'java/lang/NoSuchMethodError'{0x0000000622c21910}: 'void java.lang.invoke.DirectMethodHandle$Holder.invokeSpecial(java.lang.Object, java.lang.Object, java.lang.Object, java.lang.Object, java.lang.Object)'> (0x0000000622c21910) 
thrown [./open/src/hotspot/share/interpreter/linkResolver.cpp, line 766]
Event: 1.303 Thread 0x0000019faf32f800 Exception <a 'java/lang/NoSuchMethodError'{0x0000000623b99fc8}: 'void java.lang.invoke.DirectMethodHandle$Holder.invokeStaticInit(java.lang.Object, java.lang.Object)'> (0x0000000623b99fc8) 
thrown [./open/src/hotspot/share/interpreter/linkResolver.cpp, line 766]
Event: 1.356 Thread 0x0000019faf32f800 Exception <a 'java/lang/NoSuchMethodError'{0x00000006239432f0}: 'void java.lang.invoke.DirectMethodHandle$Holder.invokeSpecial(java.lang.Object, java.lang.Object, java.lang.Object, java.lang.Object)'> (0x00000006239432f0) 
thrown [./open/src/hotspot/share/interpreter/linkResolver.cpp, line 766]
Event: 1.455 Thread 0x0000019faf32f800 Implicit null exception at 0x0000019f902d0248 to 0x0000019f902d080c
Event: 1.464 Thread 0x0000019faf32f800 Implicit null exception at 0x0000019f902d13af to 0x0000019f902d1431
Event: 1.659 Thread 0x0000019faf32f800 Exception <a 'java/lang/NoSuchMethodError'{0x0000000622e07ef8}: 'java.lang.Object java.lang.invoke.Invokers$Holder.linkToTargetMethod(java.lang.Object, int, java.lang.Object)'> (0x0000000622e07ef8) 
thrown [./open/src/hotspot/share/interpreter/linkResolver.cpp, line 766]
Event: 1.677 Thread 0x0000019faf32f800 Exception <a 'java/lang/NoSuchMethodError'{0x0000000622e81fb8}: 'java.lang.Object java.lang.invoke.DirectMethodHandle$Holder.invokeInterface(java.lang.Object, java.lang.Object, java.lang.Object)'> (0x0000000622e81fb8) 
thrown [./open/src/hotspot/share/interpreter/linkResolver.cpp, line 766]
Event: 1.678 Thread 0x0000019faf32f800 Exception <a 'java/lang/IncompatibleClassChangeError'{0x0000000622e85098}: Found class java.lang.Object, but interface was expected> (0x0000000622e85098) 
thrown [./open/src/hotspot/share/interpreter/linkResolver.cpp, line 832]
Event: 1.989 Thread 0x0000019faf32f800 Exception <a 'java/lang/NoSuchMethodError'{0x000000062207af58}: 'long java.lang.invoke.DirectMethodHandle$Holder.invokeStatic(java.lang.Object, java.lang.Object, java.lang.Object)'> (0x000000062207af58) 
thrown [./open/src/hotspot/share/interpreter/linkResolver.cpp, line 766]
Event: 1.990 Thread 0x0000019faf32f800 Exception <a 'java/lang/NoSuchMethodError'{0x000000062207dc00}: 'long java.lang.invoke.DirectMethodHandle$Holder.invokeStaticInit(java.lang.Object, java.lang.Object, java.lang.Object)'> (0x000000062207dc00) 
thrown [./open/src/hotspot/share/interpreter/linkResolver.cpp, line 766]
Event: 1.993 Thread 0x0000019faf32f800 Exception <a 'java/lang/NoSuchMethodError'{0x000000062216af70}: 'java.lang.Object java.lang.invoke.Invokers$Holder.linkToTargetMethod(java.lang.Object, long, java.lang.Object)'> (0x000000062216af70) 
thrown [./open/src/hotspot/share/interpreter/linkResolver.cpp, line 766]
Event: 2.032 Thread 0x0000019faea76800 Exception <a 'java/lang/NoSuchMethodError'{0x0000000621ea0818}: 'int java.lang.invoke.DirectMethodHandle$Holder.invokeStaticInit(java.lang.Object, java.lang.Object)'> (0x0000000621ea0818) 
thrown [./open/src/hotspot/share/interpreter/linkResolver.cpp, line 766]
Event: 2.210 Thread 0x0000019faea76800 Exception <a 'java/lang/NoSuchMethodError'{0x0000000621a611c0}: 'java.lang.Object java.lang.invoke.DirectMethodHandle$Holder.invokeStaticInit(java.lang.Object, int)'> (0x0000000621a611c0) 
thrown [./open/src/hotspot/share/interpreter/linkResolver.cpp, line 766]
Event: 4.027 Thread 0x0000019faf32f800 Exception <a 'java/lang/NoSuchMethodError'{0x0000000621bd0778}: 'java.lang.Object java.lang.invoke.DirectMethodHandle$Holder.invokeStaticInit(java.lang.Object, int, int, int, int)'> (0x0000000621bd0778) 
thrown [./open/src/hotspot/share/interpreter/linkResolver.cpp, line 766]
Event: 4.087 Thread 0x0000019faf32f800 Exception <a 'java/lang/NoSuchMethodError'{0x00000006242bfea0}: 'java.lang.Object java.lang.invoke.DirectMethodHandle$Holder.invokeStaticInit(java.lang.Object, java.lang.Object, int, int, int, int)'> (0x00000006242bfea0) 
thrown [./open/src/hotspot/share/interpreter/linkResolver.cpp, line 766]
Event: 8.662 Thread 0x0000019fb6dba800 Exception <a 'java/lang/InterruptedException'{0x000000061b3a2d78}: sleep interrupted> (0x000000061b3a2d78) 
thrown [./open/src/hotspot/share/prims/jvm.cpp, line 3074]

Events (20 events):
Event: 21.469 Executing VM operation: GetFrameLocation
Event: 21.469 Executing VM operation: GetFrameLocation done
Event: 21.470 Executing VM operation: GetFrameCount
Event: 21.471 Executing VM operation: GetFrameCount done
Event: 21.471 Executing VM operation: SetFramePop
Event: 21.471 Executing VM operation: SetFramePop done
Event: 21.471 Executing VM operation: GetFrameLocation
Event: 21.471 Executing VM operation: GetFrameLocation done
Event: 21.471 Executing VM operation: GetCurrentLocation
Event: 21.471 Executing VM operation: GetCurrentLocation done
Event: 21.471 Executing VM operation: ChangeSingleStep
Event: 21.472 Executing VM operation: ChangeSingleStep done
Event: 21.472 Thread 0x0000019fb6dbb800 Thread exited: 0x0000019fb6dbb800
Event: 21.472 Executing VM operation: ChangeSingleStep
Event: 21.472 Executing VM operation: ChangeSingleStep done
Event: 21.473 Thread 0x0000019fb51c5800 Thread exited: 0x0000019fb51c5800
Event: 21.473 Executing VM operation: GetCurrentLocation
Event: 21.473 Executing VM operation: GetCurrentLocation done
Event: 21.473 Executing VM operation: ChangeSingleStep
Event: 21.473 Executing VM operation: ChangeSingleStep done


Dynamic libraries:
0x00007ff7b32d0000 - 0x00007ff7b32df000 	C:\Program Files\Java\jdk-14.0.1\bin\java.exe
0x00007ff9c2b90000 - 0x00007ff9c2d86000 	C:\WINDOWS\SYSTEM32\ntdll.dll
0x00007ff9c1630000 - 0x00007ff9c16ed000 	C:\WINDOWS\System32\KERNEL32.DLL
0x00007ff9c0820000 - 0x00007ff9c0ae9000 	C:\WINDOWS\System32\KERNELBASE.dll
0x00007ff9c0640000 - 0x00007ff9c0740000 	C:\WINDOWS\System32\ucrtbase.dll
0x00007ff9b6340000 - 0x00007ff9b6355000 	C:\Program Files\Java\jdk-14.0.1\bin\VCRUNTIME140.dll
0x00007ff9b9cd0000 - 0x00007ff9b9ce8000 	C:\Program Files\Java\jdk-14.0.1\bin\jli.dll
0x00007ff9c1fc0000 - 0x00007ff9c206c000 	C:\WINDOWS\System32\ADVAPI32.dll
0x00007ff9c22e0000 - 0x00007ff9c237e000 	C:\WINDOWS\System32\msvcrt.dll
0x00007ff9c0fb0000 - 0x00007ff9c104c000 	C:\WINDOWS\System32\sechost.dll
0x00007ff9c1090000 - 0x00007ff9c11bb000 	C:\WINDOWS\System32\RPCRT4.dll
0x00007ff9c12f0000 - 0x00007ff9c1490000 	C:\WINDOWS\System32\USER32.dll
0x00007ff9a9ff0000 - 0x00007ff9aa28b000 	C:\WINDOWS\WinSxS\amd64_microsoft.windows.common-controls_6595b64144ccf1df_6.0.19041.746_none_ca02b4b61b8320a4\COMCTL32.dll
0x00007ff9c07f0000 - 0x00007ff9c0812000 	C:\WINDOWS\System32\win32u.dll
0x00007ff9c2070000 - 0x00007ff9c209a000 	C:\WINDOWS\System32\GDI32.dll
0x00007ff9c0320000 - 0x00007ff9c042b000 	C:\WINDOWS\System32\gdi32full.dll
0x00007ff9b4a00000 - 0x00007ff9b4a0a000 	C:\WINDOWS\SYSTEM32\VERSION.dll
0x00007ff9c0b50000 - 0x00007ff9c0bed000 	C:\WINDOWS\System32\msvcp_win.dll
0x00007ff9c1060000 - 0x00007ff9c1090000 	C:\WINDOWS\System32\IMM32.DLL
0x00007ff9b5c80000 - 0x00007ff9b5d1b000 	C:\Program Files\Java\jdk-14.0.1\bin\msvcp140.dll
0x00007ff9638a0000 - 0x00007ff9643be000 	C:\Program Files\Java\jdk-14.0.1\bin\server\jvm.dll
0x00007ff9c16f0000 - 0x00007ff9c16f8000 	C:\WINDOWS\System32\PSAPI.DLL
0x00007ff9a2280000 - 0x00007ff9a2289000 	C:\WINDOWS\SYSTEM32\WSOCK32.dll
0x00007ff9aa450000 - 0x00007ff9aa477000 	C:\WINDOWS\SYSTEM32\WINMM.dll
0x00007ff9c2140000 - 0x00007ff9c21ab000 	C:\WINDOWS\System32\WS2_32.dll
0x00007ff9beb60000 - 0x00007ff9beb72000 	C:\WINDOWS\SYSTEM32\kernel.appcore.dll
0x00007ff9b8140000 - 0x00007ff9b814a000 	C:\Program Files\Java\jdk-14.0.1\bin\jimage.dll
0x00007ff9be1b0000 - 0x00007ff9be394000 	C:\WINDOWS\SYSTEM32\DBGHELP.DLL
0x00007ff9a0620000 - 0x00007ff9a064c000 	C:\WINDOWS\SYSTEM32\dbgcore.DLL
0x00007ff9c0740000 - 0x00007ff9c07c0000 	C:\WINDOWS\System32\bcryptPrimitives.dll
0x00007ff9863e0000 - 0x00007ff986418000 	C:\Program Files\Java\jdk-14.0.1\bin\jdwp.dll
0x00007ff9b5c50000 - 0x00007ff9b5c75000 	C:\Program Files\Java\jdk-14.0.1\bin\java.dll
0x00007ff9b5be0000 - 0x00007ff9b5bee000 	C:\Program Files\Java\jdk-14.0.1\bin\instrument.dll
0x00007ff9b5c30000 - 0x00007ff9b5c46000 	C:\Program Files\Java\jdk-14.0.1\bin\zip.dll
0x00007ff9c1700000 - 0x00007ff9c1e42000 	C:\WINDOWS\System32\SHELL32.dll
0x00007ff9be3c0000 - 0x00007ff9beb50000 	C:\WINDOWS\SYSTEM32\windows.storage.dll
0x00007ff9c0bf0000 - 0x00007ff9c0f46000 	C:\WINDOWS\System32\combase.dll
0x00007ff9bfc60000 - 0x00007ff9bfc8c000 	C:\WINDOWS\SYSTEM32\Wldp.dll
0x00007ff9c1f10000 - 0x00007ff9c1fbe000 	C:\WINDOWS\System32\SHCORE.dll
0x00007ff9c1eb0000 - 0x00007ff9c1f05000 	C:\WINDOWS\System32\shlwapi.dll
0x00007ff9c0200000 - 0x00007ff9c0226000 	C:\WINDOWS\SYSTEM32\profapi.dll
0x00007ff9b5bd0000 - 0x00007ff9b5bdb000 	C:\Program Files\Java\jdk-14.0.1\bin\dt_socket.dll
0x00007ff9bf710000 - 0x00007ff9bf74b000 	C:\WINDOWS\SYSTEM32\IPHLPAPI.DLL
0x00007ff9bfa50000 - 0x00007ff9bfaba000 	C:\WINDOWS\system32\mswsock.dll
0x00007ff9b5c10000 - 0x00007ff9b5c29000 	C:\Program Files\Java\jdk-14.0.1\bin\net.dll
0x00007ff9ad890000 - 0x00007ff9ad990000 	C:\WINDOWS\SYSTEM32\WINHTTP.dll
0x00007ff9b5bf0000 - 0x00007ff9b5c02000 	C:\Program Files\Java\jdk-14.0.1\bin\nio.dll
0x00007ff8f39e0000 - 0x00007ff8f68e3000 	C:\Users\Travja\OneDrive - Neumont College of Computer Science\2021\Winter\Principles of Software\Camera\lib\opencv_java3413.dll
0x00007ff9c21b0000 - 0x00007ff9c22da000 	C:\WINDOWS\System32\ole32.dll
0x00007ff9c2460000 - 0x00007ff9c252d000 	C:\WINDOWS\System32\OLEAUT32.dll
0x00007ff9b5810000 - 0x00007ff9b59cc000 	C:\WINDOWS\SYSTEM32\MFPlat.DLL
0x00007ff9c02d0000 - 0x00007ff9c031e000 	C:\WINDOWS\System32\cfgmgr32.dll
0x00007ff999530000 - 0x00007ff9995b4000 	C:\WINDOWS\SYSTEM32\MF.dll
0x00007ff965580000 - 0x00007ff96568a000 	C:\WINDOWS\SYSTEM32\MFReadWrite.dll
0x00007ff9895d0000 - 0x00007ff989a5e000 	C:\WINDOWS\SYSTEM32\MFCORE.DLL
0x00007ff9c0430000 - 0x00007ff9c0586000 	C:\WINDOWS\System32\CRYPT32.dll
0x00007ff9c07c0000 - 0x00007ff9c07e7000 	C:\WINDOWS\System32\bcrypt.dll
0x00007ff9bf880000 - 0x00007ff9bf8cb000 	C:\WINDOWS\SYSTEM32\powrprof.dll
0x00007ff9b5a20000 - 0x00007ff9b5a29000 	C:\WINDOWS\SYSTEM32\ksuser.dll
0x00007ff9bfbd0000 - 0x00007ff9bfbdc000 	C:\WINDOWS\SYSTEM32\CRYPTBASE.DLL
0x00007ff9b5270000 - 0x00007ff9b52a0000 	C:\WINDOWS\SYSTEM32\RTWorkQ.DLL
0x00007ff9bf6f0000 - 0x00007ff9bf702000 	C:\WINDOWS\SYSTEM32\UMPDC.dll
0x0000019ffff70000 - 0x0000019ffff73000 	C:\Program Files\Java\jdk-14.0.1\bin\api-ms-win-core-console-l1-1-0.dll
0x0000019ffff80000 - 0x0000019ffff83000 	C:\Program Files\Java\jdk-14.0.1\bin\api-ms-win-core-datetime-l1-1-0.dll
0x0000019ffff90000 - 0x0000019ffff93000 	C:\Program Files\Java\jdk-14.0.1\bin\api-ms-win-core-debug-l1-1-0.dll
0x0000019ffffa0000 - 0x0000019ffffa3000 	C:\Program Files\Java\jdk-14.0.1\bin\api-ms-win-core-errorhandling-l1-1-0.dll
0x0000019ffffb0000 - 0x0000019ffffb4000 	C:\Program Files\Java\jdk-14.0.1\bin\api-ms-win-core-file-l1-1-0.dll
0x0000019ffffc0000 - 0x0000019ffffc3000 	C:\Program Files\Java\jdk-14.0.1\bin\api-ms-win-core-file-l1-2-0.dll
0x0000019ffffd0000 - 0x0000019ffffd3000 	C:\Program Files\Java\jdk-14.0.1\bin\api-ms-win-core-file-l2-1-0.dll
0x0000019ffffe0000 - 0x0000019ffffe3000 	C:\Program Files\Java\jdk-14.0.1\bin\api-ms-win-core-handle-l1-1-0.dll
0x0000019fffff0000 - 0x0000019fffff3000 	C:\Program Files\Java\jdk-14.0.1\bin\api-ms-win-core-heap-l1-1-0.dll
0x0000019faeba0000 - 0x0000019faeba3000 	C:\Program Files\Java\jdk-14.0.1\bin\api-ms-win-core-interlocked-l1-1-0.dll
0x0000019faebb0000 - 0x0000019faebb3000 	C:\Program Files\Java\jdk-14.0.1\bin\api-ms-win-core-libraryloader-l1-1-0.dll
0x0000019faebc0000 - 0x0000019faebc3000 	C:\Program Files\Java\jdk-14.0.1\bin\api-ms-win-core-localization-l1-2-0.dll
0x0000019faebd0000 - 0x0000019faebd3000 	C:\Program Files\Java\jdk-14.0.1\bin\api-ms-win-core-memory-l1-1-0.dll
0x0000019faebe0000 - 0x0000019faebe3000 	C:\Program Files\Java\jdk-14.0.1\bin\api-ms-win-core-namedpipe-l1-1-0.dll
0x0000019faebf0000 - 0x0000019faebf3000 	C:\Program Files\Java\jdk-14.0.1\bin\api-ms-win-core-processenvironment-l1-1-0.dll
0x0000019faec00000 - 0x0000019faec03000 	C:\Program Files\Java\jdk-14.0.1\bin\api-ms-win-core-processthreads-l1-1-0.dll
0x0000019faec10000 - 0x0000019faec13000 	C:\Program Files\Java\jdk-14.0.1\bin\api-ms-win-core-processthreads-l1-1-1.dll
0x0000019faec20000 - 0x0000019faec23000 	C:\Program Files\Java\jdk-14.0.1\bin\api-ms-win-core-profile-l1-1-0.dll
0x0000019faec30000 - 0x0000019faec33000 	C:\Program Files\Java\jdk-14.0.1\bin\api-ms-win-core-rtlsupport-l1-1-0.dll
0x0000019faec40000 - 0x0000019faec43000 	C:\Program Files\Java\jdk-14.0.1\bin\api-ms-win-core-string-l1-1-0.dll
0x0000019faec50000 - 0x0000019faec53000 	C:\Program Files\Java\jdk-14.0.1\bin\api-ms-win-core-synch-l1-1-0.dll
0x0000019faec60000 - 0x0000019faec63000 	C:\Program Files\Java\jdk-14.0.1\bin\api-ms-win-core-synch-l1-2-0.dll
0x0000019faec70000 - 0x0000019faec73000 	C:\Program Files\Java\jdk-14.0.1\bin\api-ms-win-core-sysinfo-l1-1-0.dll
0x0000019faec80000 - 0x0000019faec83000 	C:\Program Files\Java\jdk-14.0.1\bin\api-ms-win-core-timezone-l1-1-0.dll
0x0000019faec90000 - 0x0000019faec93000 	C:\Program Files\Java\jdk-14.0.1\bin\api-ms-win-core-util-l1-1-0.dll
0x0000019faeca0000 - 0x0000019faeca3000 	C:\Program Files\Java\jdk-14.0.1\bin\api-ms-win-crt-conio-l1-1-0.dll
0x0000019faecb0000 - 0x0000019faecb4000 	C:\Program Files\Java\jdk-14.0.1\bin\api-ms-win-crt-convert-l1-1-0.dll
0x0000019faecc0000 - 0x0000019faecc3000 	C:\Program Files\Java\jdk-14.0.1\bin\api-ms-win-crt-environment-l1-1-0.dll
0x0000019faecd0000 - 0x0000019faecd3000 	C:\Program Files\Java\jdk-14.0.1\bin\api-ms-win-crt-filesystem-l1-1-0.dll
0x0000019faece0000 - 0x0000019faece3000 	C:\Program Files\Java\jdk-14.0.1\bin\api-ms-win-crt-heap-l1-1-0.dll
0x0000019faecf0000 - 0x0000019faecf3000 	C:\Program Files\Java\jdk-14.0.1\bin\api-ms-win-crt-locale-l1-1-0.dll
0x0000019faed00000 - 0x0000019faed05000 	C:\Program Files\Java\jdk-14.0.1\bin\api-ms-win-crt-math-l1-1-0.dll
0x0000019faed10000 - 0x0000019faed15000 	C:\Program Files\Java\jdk-14.0.1\bin\api-ms-win-crt-multibyte-l1-1-0.dll
0x0000019faed20000 - 0x0000019faed30000 	C:\Program Files\Java\jdk-14.0.1\bin\api-ms-win-crt-private-l1-1-0.dll
0x0000019faed30000 - 0x0000019faed33000 	C:\Program Files\Java\jdk-14.0.1\bin\api-ms-win-crt-process-l1-1-0.dll
0x0000019faed40000 - 0x0000019faed44000 	C:\Program Files\Java\jdk-14.0.1\bin\api-ms-win-crt-runtime-l1-1-0.dll
0x0000019faed50000 - 0x0000019faed54000 	C:\Program Files\Java\jdk-14.0.1\bin\api-ms-win-crt-stdio-l1-1-0.dll
0x0000019faed60000 - 0x0000019faed64000 	C:\Program Files\Java\jdk-14.0.1\bin\api-ms-win-crt-string-l1-1-0.dll
0x0000019faed70000 - 0x0000019faed73000 	C:\Program Files\Java\jdk-14.0.1\bin\api-ms-win-crt-time-l1-1-0.dll
0x0000019faed80000 - 0x0000019faed83000 	C:\Program Files\Java\jdk-14.0.1\bin\api-ms-win-crt-utility-l1-1-0.dll
0x00007ff984d40000 - 0x00007ff984e3c000 	C:\Program Files\Java\jdk-14.0.1\bin\ucrtbase.dll
0x00007ff985990000 - 0x00007ff9859dd000 	C:\Windows\System32\concrt140.dll
0x00007ff9a2ec0000 - 0x00007ff9a2ecc000 	C:\WINDOWS\SYSTEM32\VCRUNTIME140_1.dll
0x00007ff992510000 - 0x00007ff992533000 	C:\Program Files\Java\jdk-9.0.4\bin\prism_d3d.dll
0x00007ff9ab2b0000 - 0x00007ff9ab47f000 	C:\WINDOWS\system32\d3d9.dll
0x00007ff9bdd20000 - 0x00007ff9bdd4f000 	C:\WINDOWS\SYSTEM32\dwmapi.dll
0x00007ff9ba090000 - 0x00007ff9ba12e000 	C:\WINDOWS\system32\uxtheme.dll
0x00007ff9699c0000 - 0x00007ff969b23000 	C:\WINDOWS\System32\DriverStore\FileRepository\iigd_dch.inf_amd64_233e086e960c2400\igdumdim64.dll
0x00007ff949c40000 - 0x00007ff94e44f000 	C:\WINDOWS\System32\DriverStore\FileRepository\iigd_dch.inf_amd64_233e086e960c2400\igd9dxva64.dll
0x00007ff9c2530000 - 0x00007ff9c2997000 	C:\WINDOWS\System32\SETUPAPI.dll
0x00007ff9b0e20000 - 0x00007ff9b10ca000 	C:\WINDOWS\System32\DriverStore\FileRepository\iigd_dch.inf_amd64_233e086e960c2400\igdgmm64.dll
0x00007ff997250000 - 0x00007ff997352000 	C:\WINDOWS\System32\DriverStore\FileRepository\nvlt.inf_amd64_8f316e062eb13023\nvldumdx.dll
0x00007ff9bfeb0000 - 0x00007ff9bfec2000 	C:\WINDOWS\SYSTEM32\msasn1.dll
0x00007ff9ace00000 - 0x00007ff9ace31000 	C:\WINDOWS\SYSTEM32\cryptnet.dll
0x00007ff9c0af0000 - 0x00007ff9c0b50000 	C:\WINDOWS\System32\WINTRUST.DLL
0x00007ff9c1610000 - 0x00007ff9c162d000 	C:\WINDOWS\System32\imagehlp.dll
0x00007ff9bfca0000 - 0x00007ff9bfcb8000 	C:\WINDOWS\SYSTEM32\CRYPTSP.dll
0x00007ff9bf3a0000 - 0x00007ff9bf3d4000 	C:\WINDOWS\system32\rsaenh.dll
0x00007ff95dc00000 - 0x00007ff95f3a3000 	C:\WINDOWS\System32\DriverStore\FileRepository\nvlt.inf_amd64_8f316e062eb13023\nvd3dumx.dll
0x00007ff985410000 - 0x00007ff98545a000 	C:\Program Files\Java\jdk-9.0.4\bin\glass.dll
0x00007ff9c2380000 - 0x00007ff9c245a000 	C:\WINDOWS\System32\COMDLG32.dll
0x00007ff9b80b0000 - 0x00007ff9b80c0000 	C:\Program Files\Java\jdk-14.0.1\bin\verify.dll
0x00007ff9c1490000 - 0x00007ff9c15a5000 	C:\WINDOWS\System32\MSCTF.dll
0x00007ff973c20000 - 0x00007ff973c47000 	C:\WINDOWS\System32\DriverStore\FileRepository\iigd_dch.inf_amd64_233e086e960c2400\igdinfo64.dll
0x00007ff9ae0d0000 - 0x00007ff9b0c5f000 	C:\WINDOWS\System32\DriverStore\FileRepository\iigd_dch.inf_amd64_233e086e960c2400\igc64.dll
0x00007ff9b37b0000 - 0x00007ff9b37eb000 	C:\WINDOWS\SYSTEM32\dxcore.dll

dbghelp: loaded successfully - version: 4.0.5 - missing functions: none
symbol engine: initialized successfully - sym options: 0x614 - pdb path: .;C:\Program Files\Java\jdk-14.0.1\bin;C:\WINDOWS\SYSTEM32;C:\WINDOWS\WinSxS\amd64_microsoft.windows.common-controls_6595b64144ccf1df_6.0.19041.746_none_ca02b4b61b8320a4;C:\Program Files\Java\jdk-14.0.1\bin\server;C:\Users\Travja\OneDrive - Neumont College of Computer Science\2021\Winter\Principles of Software\Camera\lib;C:\Program Files\Java\jdk-9.0.4\bin;C:\WINDOWS\System32\DriverStore\FileRepository\iigd_dch.inf_amd64_233e086e960c2400;C:\WINDOWS\System32\DriverStore\FileRepository\nvlt.inf_amd64_8f316e062eb13023;C:\Program Files\Common Files\Microsoft Shared\Ink;C:\Users\Travja\AppData\Local\Temp

VM Arguments:
jvm_args: -agentlib:jdwp=transport=dt_socket,address=127.0.0.1:9165,suspend=y,server=n -javaagent:C:\Users\Travja\AppData\Local\JetBrains\IntelliJIdea2020.2\captureAgent\debugger-agent.jar -Dfile.encoding=UTF-8 
java_command: cameraguys.project.Entry
java_class_path (initial): C:\Users\Travja\OneDrive - Neumont College of Computer Science\2021\Winter\Principles of Software\Camera\JavaApp\target\classes;C:\Users\Travja\.m2\repository\org\opencv\3.4.13-Trav\opencv-3.4.13-Trav.jar;C:\Users\Travja\.m2\repository\org\openjfx\javafx-base\11.0.1\javafx-base-11.0.1.jar;C:\Users\Travja\.m2\repository\org\openjfx\javafx-base\11.0.1\javafx-base-11.0.1-win.jar;C:\Users\Travja\.m2\repository\org\openjfx\javafx-controls\11.0.1\javafx-controls-11.0.1.jar;C:\Users\Travja\.m2\repository\org\openjfx\javafx-controls\11.0.1\javafx-controls-11.0.1-win.jar;C:\Users\Travja\.m2\repository\org\openjfx\javafx-graphics\11.0.1\javafx-graphics-11.0.1.jar;C:\Users\Travja\.m2\repository\org\openjfx\javafx-graphics\11.0.1\javafx-graphics-11.0.1-win.jar;C:\Users\Travja\.m2\repository\org\openjfx\javafx-fxml\11.0.1\javafx-fxml-11.0.1.jar;C:\Users\Travja\.m2\repository\org\openjfx\javafx-fxml\11.0.1\javafx-fxml-11.0.1-win.jar;C:\Users\Travja\.m2\repository\io\socket\socket.io-client\2.0.0\socket.io-client-2.0.0.jar;C:\Users\Travja\.m2\repository\io\socket\engine.io-client\2.0.0\engine.io-client-2.0.0.jar;C:\Users\Travja\.m2\repository\com\squareup\okhttp3\okhttp\3.12.12\okhttp-3.12.12.jar;C:\Users\Travja\.m2\repository\com\squareup\okio\okio\1.15.0\okio-1.15.0.jar;C:\Users\Travja\.m2\repository\org\json\json\20090211\json-20090211.jar;C:\Users\Travja\.m2\repository\dev\onvoid\webrtc\webrtc-java\0.2.0\webrtc-java-0.2.0.jar;C:\Users\Travja\.m2\repository\dev\onvoid\webrtc\webrtc-java\0.2.0\webrtc-java-0.2.0-windows-x86_64.jar;C:\Users\Travja\.m2\repository\org\projectlombok\lombok\1.18.12\lombok-1.18.12.jar;C:\Program Files\JetBrains\IntelliJ IDEA 2019.3.3\lib\idea_rt.jar
Launcher Type: SUN_STANDARD

[Global flags]
     intx CICompilerCount                          = 12                                        {product} {ergonomic}
     uint ConcGCThreads                            = 3                                         {product} {ergonomic}
     uint G1ConcRefinementThreads                  = 13                                        {product} {ergonomic}
   size_t G1HeapRegionSize                         = 2097152                                   {product} {ergonomic}
    uintx GCDrainStackTargetSize                   = 64                                        {product} {ergonomic}
   size_t InitialHeapSize                          = 532676608                                 {product} {ergonomic}
   size_t MarkStackSize                            = 4194304                                   {product} {ergonomic}
   size_t MaxHeapSize                              = 8514437120                                {product} {ergonomic}
   size_t MaxNewSize                               = 5108662272                                {product} {ergonomic}
   size_t MinHeapDeltaBytes                        = 2097152                                   {product} {ergonomic}
   size_t MinHeapSize                              = 8388608                                   {product} {ergonomic}
    uintx NonNMethodCodeHeapSize                   = 7602480                                {pd product} {ergonomic}
    uintx NonProfiledCodeHeapSize                  = 122027880                              {pd product} {ergonomic}
    uintx ProfiledCodeHeapSize                     = 122027880                              {pd product} {ergonomic}
    uintx ReservedCodeCacheSize                    = 251658240                              {pd product} {ergonomic}
     bool SegmentedCodeCache                       = true                                      {product} {ergonomic}
   size_t SoftMaxHeapSize                          = 8514437120                             {manageable} {ergonomic}
     bool UseCompressedClassPointers               = true                                 {lp64_product} {ergonomic}
     bool UseCompressedOops                        = true                                 {lp64_product} {ergonomic}
     bool UseG1GC                                  = true                                      {product} {ergonomic}
     bool UseLargePagesIndividualAllocation        = false                                  {pd product} {ergonomic}

Logging:
Log output configuration:
 #0: stdout all=warning uptime,level,tags
 #1: stderr all=off uptime,level,tags

Environment Variables:
JAVA_HOME=C:\Program Files\Java\jdk-14.0.1
PATH=C:\Program Files\Java\jdk-14.0.1\bin;C:\Program Files (x86)\NVIDIA Corporation\PhysX\Common;C:\WINDOWS\system32;C:\WINDOWS;C:\WINDOWS\System32\Wbem;C:\WINDOWS\System32\WindowsPowerShell\v1.0\;C:\WINDOWS\System32\OpenSSH\;C:\Program Files\Git\cmd;C:\Program Files\PuTTY\;C:\Program Files\MongoDB\Server\4.2\bin;C:\Program Files\apache-maven-3.6.3\bin;C:\Program Files (x86)\MySQL\mysql-8.0.22-winx64\bin;C:\Program Files\Microsoft SQL Server\Client SDK\ODBC\170\Tools\Binn\;C:\Program Files\Azure Data Studio\bin;C:\Program Files\Microsoft SQL Server\130\Tools\Binn\;C:\Program Files\Docker\Docker\resources\bin;C:\ProgramData\DockerDesktop\version-bin;C:\Program Files\dotnet\;C:\Program Files (x86)\Microsoft SQL Server\150\DTS\Binn\;C:\Program Files (x86)\Microsoft SQL Server\150\Tools\Binn\;C:\Program Files\Microsoft SQL Server\150\Tools\Binn\;C:\Program Files\Microsoft SQL Server\150\DTS\Binn\;C:\Program Files\Java\jdk-9.0.4\bin;C:\Program Files\nodejs\;C:\Users\Travja\AppData\Local\Programs\Python\Python39\Scripts\;C:\Users\Travja\AppData\Local\Programs\Python\Python39\;C:\Program Files\MySQL\MySQL Shell 8.0\bin\;C:\Users\Travja\AppData\Local\Microsoft\WindowsApps;C:\Program Files\JetBrains\IntelliJ IDEA 2019.3.3\bin;C:\Users\Travja\AppData\Local\Programs\Microsoft VS Code\bin;C:\Program Files\Azure Data Studio\bin;C:\Program Files (x86)\Nmap;C:\Users\Travja\.dotnet\tools;C:\Program Files\CMake\bin;C:\Users\Travja\AppData\Local\gitkraken\bin;C:\Users\Travja\.dotnet\tools;C:\Users\Travja\AppData\Roaming\npm
USERNAME=Travja
OS=Windows_NT
PROCESSOR_IDENTIFIER=Intel64 Family 6 Model 158 Stepping 13, GenuineIntel



---------------  S Y S T E M  ---------------

OS: Windows 10 , 64 bit Build 19041 (10.0.19041.804)
OS uptime: 5 days 3:14 hours
HyperV virtualization detected

CPU:total 16 (initial active 16) (8 cores per cpu, 2 threads per core) family 6 model 158 stepping 13, cmov, cx8, fxsr, mmx, sse, sse2, sse3, ssse3, sse4.1, sse4.2, popcnt, avx, avx2, aes, clmul, erms, 3dnowpref, lzcnt, ht, tsc, tscinvbit, bmi1, bmi2, adx, fma

Memory: 4k page, system-wide physical 32475M (15388M free)
TotalPageFile size 38363M (AvailPageFile size 10246M)
current process WorkingSet (physical memory assigned to process): 207M, peak: 387M
current process commit charge ("private bytes"): 319M, peak: 824M

vm_info: Java HotSpot(TM) 64-Bit Server VM (14.0.1+7) for windows-amd64 JRE (14.0.1+7), built on Mar  5 2020 10:30:14 by "mach5one" with MS VC++ 15.9 (VS2017)

END.
